#
# A fatal error has been detected by the Java Runtime Environment:
#
#  EXCEPTION_ACCESS_VIOLATION (0xc0000005) at pc=0xffffffffa3965120, pid=6432, tid=0x000000000000188c
#
# JRE version: OpenJDK Runtime Environment (8.0_76-b03) (build 1.8.0_76-release-b03)
# Java VM: OpenJDK 64-Bit Server VM (25.76-b03 mixed mode windows-amd64 compressed oops)
# Problematic frame:
# C  0xffffffffa3965120
#
# Failed to write core dump. Minidumps are not enabled by default on client versions of Windows
#
# If you would like to submit a bug report, please visit:
#   http://bugreport.java.com/bugreport/crash.jsp
#

---------------  T H R E A D  ---------------

Current thread (0x0000000056e9e800):  JavaThread "pool-1-thread-1" [_thread_in_Java, id=6284, stack(0x0000000057520000,0x0000000057620000)]

siginfo: ExceptionCode=0xc0000005, ExceptionInformation=0x0000000000000008 0xffffffffa3965120

Registers:
RAX=0x0000000054cf6a58, RBX=0x0000000054cf6a58, RCX=0x00000000eb2bfb60, RDX=0x00000000eb2bfb60
RSP=0x000000005761e9b8, RBP=0x000000005761ea18, RSI=0x0000000000200031, RDI=0x0000000000000159
R8 =0x0000000000000000, R9 =0x0000000000000000, R10=0x00000000631d1bc0, R11=0x0000000002b19c00
R12=0x0000000000000000, R13=0x000000005761e9c8, R14=0x000000005761ea60, R15=0x0000000056e9e800
RIP=0xffffffffa3965120, EFLAGS=0x0000000000010206

Top of Stack: (sp=0x000000005761e9b8)
0x000000005761e9b8:   0000000002967450 0000000002967450
0x000000005761e9c8:   0000000000000000 00000000eb2bfb60
0x000000005761e9d8:   000000005761e9d8 0000000054cfbd03
0x000000005761e9e8:   000000005761ea60 0000000054cfc2a8
0x000000005761e9f8:   0000000000000000 0000000054cfbde8
0x000000005761ea08:   000000005761e9c8 000000005761ea38
0x000000005761ea18:   000000005761eac0 0000000002967a01
0x000000005761ea28:   0000000000000000 0000000000000001
0x000000005761ea38:   00000000eade4ea0 00000000eb2bfb60
0x000000005761ea48:   0000000000000624 0000000000000618
0x000000005761ea58:   0000000000000618 00000000eb2c3bb8
0x000000005761ea68:   00000000eb2c3bb8 0000000000000094
0x000000005761ea78:   00000000eb2c08f0 000000005761ea80
0x000000005761ea88:   0000000054cf306b 000000005761eb18
0x000000005761ea98:   0000000054cf3f60 0000000000000000
0x000000005761eaa8:   0000000054cf3210 000000005761ea38 

Instructions: (pc=0xffffffffa3965120)
0xffffffffa3965100:   
[error occurred during error reporting (printing registers, top of stack, instructions near pc), id 0xc0000005]

Register to memory mapping:

RAX={method} {0x0000000054cf6a60} 'get' '(I)I' in 'com/android/dx/util/IntList'
RBX={method} {0x0000000054cf6a60} 'get' '(I)I' in 'com/android/dx/util/IntList'
RCX=0x00000000eb2bfb60 is an oop
com.android.dx.util.IntList 
 - klass: 'com/android/dx/util/IntList'
RDX=0x00000000eb2bfb60 is an oop
com.android.dx.util.IntList 
 - klass: 'com/android/dx/util/IntList'
RSP=0x000000005761e9b8 is pointing into the stack for thread: 0x0000000056e9e800
RBP=0x000000005761ea18 is pointing into the stack for thread: 0x0000000056e9e800
RSI=0x0000000000200031 is an unknown value
RDI=0x0000000000000159 is an unknown value
R8 =0x0000000000000000 is an unknown value
R9 =0x0000000000000000 is an unknown value
R10=0x00000000631d1bc0 is an unknown value
R11=0x0000000002b19c00 is at entry_point+32 in (nmethod*)0x0000000002b19a50
R12=0x0000000000000000 is an unknown value
R13=0x000000005761e9c8 is pointing into the stack for thread: 0x0000000056e9e800
R14=0x000000005761ea60 is pointing into the stack for thread: 0x0000000056e9e800
R15=0x0000000056e9e800 is a thread


Stack: [0x0000000057520000,0x0000000057620000],  sp=0x000000005761e9b8,  free space=1018k
Native frames: (J=compiled Java code, j=interpreted, Vv=VM code, C=native code)
C  0xffffffffa3965120


---------------  P R O C E S S  ---------------

Java Threads: ( => current thread )
  0x0000000056ff5800 JavaThread "pool-1-thread-4" [_thread_in_Java, id=4032, stack(0x0000000056b30000,0x0000000056c30000)]
  0x0000000056fa6000 JavaThread "pool-1-thread-3" [_thread_in_Java, id=5692, stack(0x0000000057680000,0x0000000057780000)]
  0x0000000056ea7800 JavaThread "pool-1-thread-2" [_thread_in_Java, id=4648, stack(0x0000000056560000,0x0000000056660000)]
  0x0000000056ea5000 JavaThread "pool-2-thread-1" [_thread_blocked, id=7764, stack(0x00000000573e0000,0x00000000574e0000)]
=>0x0000000056e9e800 JavaThread "pool-1-thread-1" [_thread_in_Java, id=6284, stack(0x0000000057520000,0x0000000057620000)]
  0x000000005524c800 JavaThread "Service Thread" daemon [_thread_blocked, id=7792, stack(0x0000000057150000,0x0000000057250000)]
  0x0000000055249800 JavaThread "C1 CompilerThread2" daemon [_thread_in_native, id=4376, stack(0x0000000056c30000,0x0000000056d30000)]
  0x0000000055248800 JavaThread "C2 CompilerThread1" daemon [_thread_blocked, id=6212, stack(0x0000000056a20000,0x0000000056b20000)]
  0x0000000055244000 JavaThread "C2 CompilerThread0" daemon [_thread_blocked, id=4024, stack(0x00000000567a0000,0x00000000568a0000)]
  0x0000000055241000 JavaThread "Attach Listener" daemon [_thread_blocked, id=7788, stack(0x00000000568a0000,0x00000000569a0000)]
  0x000000005523f000 JavaThread "Signal Dispatcher" daemon [_thread_blocked, id=1384, stack(0x0000000056690000,0x0000000056790000)]
  0x0000000055227000 JavaThread "Finalizer" daemon [_thread_blocked, id=4876, stack(0x0000000056180000,0x0000000056280000)]
  0x00000000551e0000 JavaThread "Reference Handler" daemon [_thread_blocked, id=1680, stack(0x0000000056450000,0x0000000056550000)]
  0x000000000235e000 JavaThread "main" [_thread_in_Java, id=7324, stack(0x0000000002590000,0x0000000002690000)]

Other Threads:
  0x00000000551d8000 VMThread [stack: 0x00000000562a0000,0x00000000563a0000] [id=6900]
  0x000000005524e000 WatcherThread [stack: 0x00000000572e0000,0x00000000573e0000] [id=5056]

VM state:not at safepoint (normal execution)

VM Mutex/Monitor currently owned by a thread: None

Heap:
 PSYoungGen      total 38400K, used 12654K [0x00000000eab00000, 0x00000000ed580000, 0x0000000100000000)
  eden space 33280K, 38% used [0x00000000eab00000,0x00000000eb75ba28,0x00000000ecb80000)
  from space 5120K, 0% used [0x00000000ed080000,0x00000000ed080000,0x00000000ed580000)
  to   space 5120K, 0% used [0x00000000ecb80000,0x00000000ecb80000,0x00000000ed080000)
 ParOldGen       total 87552K, used 0K [0x00000000c0000000, 0x00000000c5580000, 0x00000000eab00000)
  object space 87552K, 0% used [0x00000000c0000000,0x00000000c0000000,0x00000000c5580000)
 Metaspace       used 5300K, capacity 6512K, committed 6784K, reserved 1056768K
  class space    used 559K, capacity 616K, committed 640K, reserved 1048576K

Card table byte_map: [0x0000000011d20000,0x0000000011f30000] byte_map_base: 0x0000000011720000

Marking Bits: (ParMarkBitMap*) 0x00000000631e9d00
 Begin Bits: [0x0000000012650000, 0x0000000013650000)
 End Bits:   [0x0000000013650000, 0x0000000014650000)

Polling page: 0x00000000001e0000

CodeCache: size=245760Kb used=2094Kb max_used=2105Kb free=243665Kb
 bounds [0x0000000002960000, 0x0000000002bd0000, 0x0000000011960000]
 total_blobs=762 nmethods=501 adapters=176
 compilation: enabled

Compilation events (10 events):
Event: 11.104 Thread 0x0000000055249800  477       1       com.android.dx.cf.direct.MemberListParser::getDefiner (5 bytes)
Event: 11.104 Thread 0x0000000055249800 nmethod 477 0x0000000002b6ba90 code [0x0000000002b6bbe0, 0x0000000002b6bcf0]
Event: 11.105 Thread 0x0000000055249800  506   !   3       com.android.dx.cf.code.BytecodeArray::parseInstruction (2764 bytes)
Event: 11.105 Thread 0x0000000055244000 nmethod 485 0x0000000002b6bd50 code [0x0000000002b6bfe0, 0x0000000002b6c890]
Event: 11.105 Thread 0x0000000055248800  512       4       com.android.dx.util.Bits::findFirst (61 bytes)
Event: 11.106 Thread 0x0000000055244000  513       4       com.android.dx.util.Bits::clear (21 bytes)
Event: 11.107 Thread 0x0000000055244000 nmethod 513 0x0000000002b67550 code [0x0000000002b67680, 0x0000000002b67718]
Event: 11.109 Thread 0x0000000055244000  517   !   4       com.android.dx.util.IntList::get (36 bytes)
Event: 11.109 Thread 0x0000000055248800 nmethod 512 0x0000000002b67c50 code [0x0000000002b67d80, 0x0000000002b67f58]
Event: 11.110 Thread 0x0000000055244000 nmethod 517 0x0000000002b6b250 code [0x0000000002b6b380, 0x0000000002b6b418]

GC Heap History (0 events):
No events

Deoptimization events (0 events):
No events

Internal exceptions (2 events):
Event: 1.499 Thread 0x000000000235e000 Exception <a 'java/lang/NoSuchMethodError': Method sun.misc.Unsafe.defineClass(Ljava/lang/String;[BII)Ljava/lang/Class; name or signature does not match> (0x00000000eab07cc0) thrown at [C:\src\android\AOSP-openjdk\external\jetbrains\jdk\hotspot\src\share\vέ…®3όχ?
Event: 1.499 Thread 0x000000000235e000 Exception <a 'java/lang/NoSuchMethodError': Method sun.misc.Unsafe.prefetchRead(Ljava/lang/Object;J)V name or signature does not match> (0x00000000eab07fa8) thrown at [C:\src\android\AOSP-openjdk\external\jetbrains\jdk\hotspot\src\share\vm\prims\jni.cpp, l

Events (10 events):
Event: 11.052 loading class com/android/dx/ssa/back/FirstFitLocalCombiningAllocator$Multiset
Event: 11.052 loading class com/android/dx/ssa/back/FirstFitLocalCombiningAllocator$Multiset done
Event: 11.072 loading class com/android/dx/cf/attrib/AttRuntimeInvisibleAnnotations
Event: 11.072 loading class com/android/dx/cf/attrib/AttRuntimeInvisibleAnnotations done
Event: 11.073 loading class com/android/dx/cf/attrib/BaseAnnotations
Event: 11.073 loading class com/android/dx/cf/attrib/BaseAnnotations done
Event: 11.074 loading class com/android/dx/cf/attrib/AttExceptions
Event: 11.074 loading class com/android/dx/cf/attrib/AttExceptions done
Event: 11.103 loading class com/android/dx/cf/code/SwitchList
Event: 11.103 loading class com/android/dx/cf/code/SwitchList done


Dynamic libraries:
0x000000013fec0000 - 0x000000013fef1000 	C:\Program Files\Android\Android Studio\jre\bin\java.exe
0x0000000077430000 - 0x00000000775da000 	C:\Windows\SYSTEM32\ntdll.dll
0x000007fef4dc0000 - 0x000007fef4e14000 	C:\Program Files (x86)\AVG\Av\avghooka.dll
0x0000000077310000 - 0x000000007742f000 	C:\Windows\system32\kernel32.dll
0x000007fefbf30000 - 0x000007fefbf9a000 	C:\Windows\system32\KERNELBASE.dll
0x000007fefc200000 - 0x000007fefc2db000 	C:\Windows\system32\ADVAPI32.dll
0x000007fefd970000 - 0x000007fefda0f000 	C:\Windows\system32\msvcrt.dll
0x000007fefd950000 - 0x000007fefd96f000 	C:\Windows\SYSTEM32\sechost.dll
0x000007fefe250000 - 0x000007fefe37d000 	C:\Windows\system32\RPCRT4.dll
0x0000000077210000 - 0x000000007730a000 	C:\Windows\system32\USER32.dll
0x000007fefc4f0000 - 0x000007fefc557000 	C:\Windows\system32\GDI32.dll
0x000007fefc560000 - 0x000007fefc56e000 	C:\Windows\system32\LPK.dll
0x000007fefca30000 - 0x000007fefcafa000 	C:\Windows\system32\USP10.dll
0x000007fefaa20000 - 0x000007fefac14000 	C:\Windows\WinSxS\amd64_microsoft.windows.common-controls_6595b64144ccf1df_6.0.7601.18837_none_fa3b1e3d17594757\COMCTL32.dll
0x000007fefcb00000 - 0x000007fefcb71000 	C:\Windows\system32\SHLWAPI.dll
0x000007fefcb80000 - 0x000007fefcbae000 	C:\Windows\system32\IMM32.DLL
0x000007fefc570000 - 0x000007fefc679000 	C:\Windows\system32\MSCTF.dll
0x000000005b5c0000 - 0x000000005b692000 	C:\Program Files\Android\Android Studio\jre\jre\bin\msvcr100.dll
0x0000000062a30000 - 0x0000000063264000 	C:\Program Files\Android\Android Studio\jre\jre\bin\server\jvm.dll
0x000007fef20b0000 - 0x000007fef20b9000 	C:\Windows\system32\WSOCK32.dll
0x000007fefc720000 - 0x000007fefc76d000 	C:\Windows\system32\WS2_32.dll
0x000007fefd940000 - 0x000007fefd948000 	C:\Windows\system32\NSI.dll
0x000007fef9940000 - 0x000007fef997b000 	C:\Windows\system32\WINMM.dll
0x000007fefaf10000 - 0x000007fefaf1c000 	C:\Windows\system32\VERSION.dll
0x0000000077600000 - 0x0000000077607000 	C:\Windows\system32\PSAPI.DLL
0x000007fef8d50000 - 0x000007fef8d5f000 	C:\Program Files\Android\Android Studio\jre\jre\bin\verify.dll
0x000007fee5f60000 - 0x000007fee5f89000 	C:\Program Files\Android\Android Studio\jre\jre\bin\java.dll
0x000007fee5fa0000 - 0x000007fee5fb6000 	C:\Program Files\Android\Android Studio\jre\jre\bin\zip.dll
0x000007fefcbb0000 - 0x000007fefd93a000 	C:\Windows\system32\SHELL32.dll
0x000007fefc2e0000 - 0x000007fefc4e3000 	C:\Windows\system32\ole32.dll
0x000007fefbe50000 - 0x000007fefbe5f000 	C:\Windows\system32\profapi.dll
0x000007fef6590000 - 0x000007fef66b5000 	C:\Windows\system32\dbghelp.dll

VM Arguments:
jvm_args: -Djava.awt.headless=true -Xmx1024M -Dfile.encoding=windows-1252 -Duser.country=US -Duser.language=en -Duser.variant 
java_command: com.android.dx.command.Main --dex --force-jumbo --num-threads=4 --output C:\tmp\T02.02-Exercise-AddMenu\app\intermediates\pre-dexed\debug\com.android.support-support-vector-drawable-25.1.0_cb9555d229c65ff3d4c986b9d96880e65abc8051.jar C:\tmp\T02.02-Exercise-AddMenu\app\intermediates\exploded-aar\com.android.support\support-vector-drawable\25.1.0\jars\classes.jar
java_class_path (initial): C:\Users\Venom\AppData\Local\Android\sdk\build-tools\25.0.2\lib\dx.jar
Launcher Type: SUN_STANDARD

Environment Variables:
PATH=C:\Program Files (x86)\NVIDIA Corporation\PhysX\Common;C:\ProgramData\Oracle\Java\javapath;C:\Windows\system32;C:\Windows;C:\Windows\System32\Wbem;C:\Windows\System32\WindowsPowerShell\v1.0\;C:\Program Files (x86)\Autodesk\Backburner\;C:\Program Files (x86)\Windows Kits\8.1\Windows Performance Toolkit\;C:\Program Files\Microsoft SQL Server\110\Tools\Binn\;C:\Program Files (x86)\Skype\Phone\;C:\Windows\system32\config\systemprofile\.dnx\bin;C:\Program Files\Microsoft DNX\Dnvm\
USERNAME=Venom
OS=Windows_NT
PROCESSOR_IDENTIFIER=Intel64 Family 6 Model 23 Stepping 10, GenuineIntel



---------------  S Y S T E M  ---------------

OS: Windows 7 , 64 bit Build 7601 (6.1.7601.23572)

CPU:total 4 (4 cores per cpu, 1 threads per core) family 6 model 23 stepping 10, cmov, cx8, fxsr, mmx, sse, sse2, sse3, ssse3, sse4.1, tsc

Memory: 4k page, physical 8387128k(1773708k free), swap 16772396k(9038276k free)

vm_info: OpenJDK 64-Bit Server VM (25.76-b03) for windows-amd64 JRE (1.8.0_76-release-b03), built on Jun 29 2016 19:09:20 by "ralucas" with MS VC++ 10.0 (VS2010)

time: Sat Feb 18 21:32:42 2017
elapsed time: 11 seconds (0d 0h 0m 11s)

