#
# A fatal error has been detected by the Java Runtime Environment:
#
#  EXCEPTION_ACCESS_VIOLATION (0xc0000005) at pc=0xffffffffa36c5120, pid=5764, tid=0x000000000000167c
#
# JRE version: OpenJDK Runtime Environment (8.0_76-b03) (build 1.8.0_76-release-b03)
# Java VM: OpenJDK 64-Bit Server VM (25.76-b03 mixed mode windows-amd64 compressed oops)
# Problematic frame:
# C  0xffffffffa36c5120
#
# Failed to write core dump. Minidumps are not enabled by default on client versions of Windows
#
# If you would like to submit a bug report, please visit:
#   http://bugreport.java.com/bugreport/crash.jsp
#

---------------  T H R E A D  ---------------

Current thread (0x0000000001cfe000):  JavaThread "main" [_thread_in_Java, id=5756, stack(0x00000000022f0000,0x00000000023f0000)]

siginfo: ExceptionCode=0xc0000005, ExceptionInformation=0x0000000000000008 0xffffffffa36c5120

Registers:
RAX=0x00000000145a8920, RBX=0x00000000549bfc48, RCX=0x00000000ec966180, RDX=0x00000000ec966180
RSP=0x00000000023ef238, RBP=0x00000000023ef300, RSI=0x0000000011480000, RDI=0x0000000000012063
R8 =0x00000000c0857190, R9 =0x0000000000012063, R10=0x00000000c0857190, R11=0x0000000003148da0
R12=0x0000000000000000, R13=0x00000000023ef2a8, R14=0x00000000023ef338, R15=0x0000000001cfe000
RIP=0xffffffffa36c5120, EFLAGS=0x0000000000010207

Top of Stack: (sp=0x00000000023ef238)
0x00000000023ef238:   0000000003148e44 ffffffffffffffff
0x00000000023ef248:   00000000549bf8d8 00000000023ef300
0x00000000023ef258:   00000000031489b8 ffffffff00012063
0x00000000023ef268:   00000000549bf4c8 0000000000000108
0x00000000023ef278:   00000000000000b8 0000000000002a18
0x00000000023ef288:   00000000026dcbc3 00000000023ef300
0x00000000023ef298:   00000000026c7450 00000000026c7450
0x00000000023ef2a8:   0000000000012063 00000000c0857190
0x00000000023ef2b8:   00000000ec966180 00000000023ef2c0
0x00000000023ef2c8:   000000005494c2be 00000000023ef338
0x00000000023ef2d8:   0000000054953280 0000000000000000
0x00000000023ef2e8:   000000005494c398 00000000023ef2a8
0x00000000023ef2f8:   00000000023ef338 00000000023ef380
0x00000000023ef308:   00000000026c7a01 0000000000012053
0x00000000023ef318:   00000000ec966180 00000000000009d8
0x00000000023ef328:   0000000000012063 00000000000019f6 

Instructions: (pc=0xffffffffa36c5120)
0xffffffffa36c5100:   
[error occurred during error reporting (printing registers, top of stack, instructions near pc), id 0xc0000005]

Register to memory mapping:

RAX=0x00000000145a8920 is pointing into metadata
RBX={method} {0x00000000549bfc50} 'place0' '(Lcom/android/dx/dex/file/Section;I)V' in 'com/android/dx/dex/file/OffsettedItem'
RCX=0x00000000ec966180 is an oop
com.android.dx.dex.file.StringDataItem 
 - klass: 'com/android/dx/dex/file/StringDataItem'
RDX=0x00000000ec966180 is an oop
com.android.dx.dex.file.StringDataItem 
 - klass: 'com/android/dx/dex/file/StringDataItem'
RSP=0x00000000023ef238 is pointing into the stack for thread: 0x0000000001cfe000
RBP=0x00000000023ef300 is pointing into the stack for thread: 0x0000000001cfe000
RSI=0x0000000011480000 is an unknown value
RDI=0x0000000000012063 is an unknown value
R8 =0x00000000c0857190 is an oop
com.android.dx.dex.file.MixedItemSection 
 - klass: 'com/android/dx/dex/file/MixedItemSection'
R9 =0x0000000000012063 is an unknown value
R10=0x00000000c0857190 is an oop
com.android.dx.dex.file.MixedItemSection 
 - klass: 'com/android/dx/dex/file/MixedItemSection'
R11=0x0000000003148da0 is at entry_point+32 in (nmethod*)0x0000000003148bd0
R12=0x0000000000000000 is an unknown value
R13=0x00000000023ef2a8 is pointing into the stack for thread: 0x0000000001cfe000
R14=0x00000000023ef338 is pointing into the stack for thread: 0x0000000001cfe000
R15=0x0000000001cfe000 is a thread


Stack: [0x00000000022f0000,0x00000000023f0000],  sp=0x00000000023ef238,  free space=1020k
Native frames: (J=compiled Java code, j=interpreted, Vv=VM code, C=native code)
C  0xffffffffa36c5120


---------------  P R O C E S S  ---------------

Java Threads: ( => current thread )
  0x0000000056848000 JavaThread "Service Thread" daemon [_thread_blocked, id=8412, stack(0x0000000056dc0000,0x0000000056ec0000)]
  0x0000000056847800 JavaThread "C1 CompilerThread2" daemon [_thread_blocked, id=4436, stack(0x0000000056f40000,0x0000000057040000)]
  0x0000000056845800 JavaThread "C2 CompilerThread1" daemon [_thread_in_native, id=8148, stack(0x0000000056cb0000,0x0000000056db0000)]
  0x0000000054f1a800 JavaThread "C2 CompilerThread0" daemon [_thread_in_native, id=8792, stack(0x0000000056580000,0x0000000056680000)]
  0x0000000054f2d000 JavaThread "Attach Listener" daemon [_thread_blocked, id=2604, stack(0x00000000566f0000,0x00000000567f0000)]
  0x0000000054f2b000 JavaThread "Signal Dispatcher" daemon [_thread_blocked, id=4768, stack(0x0000000056470000,0x0000000056570000)]
  0x0000000054f07000 JavaThread "Finalizer" daemon [_thread_blocked, id=8748, stack(0x00000000560e0000,0x00000000561e0000)]
  0x0000000054ec0000 JavaThread "Reference Handler" daemon [_thread_blocked, id=7932, stack(0x00000000562b0000,0x00000000563b0000)]
=>0x0000000001cfe000 JavaThread "main" [_thread_in_Java, id=5756, stack(0x00000000022f0000,0x00000000023f0000)]

Other Threads:
  0x0000000054eb8000 VMThread [stack: 0x0000000055fc0000,0x00000000560c0000] [id=7040]
  0x0000000056849000 WatcherThread [stack: 0x00000000570b0000,0x00000000571b0000] [id=8712]

VM state:not at safepoint (normal execution)

VM Mutex/Monitor currently owned by a thread:  ([mutex/lock_event])
[0x0000000001cfb560] CodeCache_lock - owner thread: 0x0000000056845800

Heap:
 PSYoungGen      total 138240K, used 48324K [0x00000000eab00000, 0x00000000fe300000, 0x0000000100000000)
  eden space 133120K, 32% used [0x00000000eab00000,0x00000000ed5355f0,0x00000000f2d00000)
  from space 5120K, 99% used [0x00000000f2d00000,0x00000000f31fba30,0x00000000f3200000)
  to   space 26624K, 0% used [0x00000000fc900000,0x00000000fc900000,0x00000000fe300000)
 ParOldGen       total 87552K, used 43959K [0x00000000c0000000, 0x00000000c5580000, 0x00000000eab00000)
  object space 87552K, 50% used [0x00000000c0000000,0x00000000c2aedd30,0x00000000c5580000)
 Metaspace       used 6601K, capacity 7472K, committed 7552K, reserved 1056768K
  class space    used 602K, capacity 616K, committed 640K, reserved 1048576K

Card table byte_map: [0x0000000011a80000,0x0000000011c90000] byte_map_base: 0x0000000011480000

Marking Bits: (ParMarkBitMap*) 0x0000000062499d00
 Begin Bits: [0x0000000012330000, 0x0000000013330000)
 End Bits:   [0x0000000013330000, 0x0000000014330000)

Polling page: 0x0000000001c80000

CodeCache: size=245760Kb used=11535Kb max_used=11538Kb free=234224Kb
 bounds [0x00000000026c0000, 0x0000000003210000, 0x00000000116c0000]
 total_blobs=2717 nmethods=2453 adapters=176
 compilation: enabled

Compilation events (10 events):
Event: 33.654 Thread 0x0000000056847800 2600       2       com.android.dx.dex.file.OffsettedItem::compareTo (34 bytes)
Event: 33.655 Thread 0x0000000056847800 nmethod 2600 0x00000000031f3190 code [0x00000000031f3320, 0x00000000031f3558]
Event: 33.655 Thread 0x0000000056847800 2601       2       com.android.dx.dex.file.OffsettedItem::compareTo (9 bytes)
Event: 33.655 Thread 0x0000000056847800 nmethod 2601 0x00000000031f2c10 code [0x00000000031f2da0, 0x00000000031f3018]
Event: 33.655 Thread 0x0000000056847800 2603       1       com.android.dx.dex.file.StringDataItem::itemType (4 bytes)
Event: 33.655 Thread 0x0000000056847800 nmethod 2603 0x00000000031f2950 code [0x00000000031f2aa0, 0x00000000031f2bb0]
Event: 33.655 Thread 0x0000000056847800 2602       2       com.android.dx.dex.file.StringDataItem::compareTo0 (17 bytes)
Event: 33.656 Thread 0x0000000056847800 nmethod 2602 0x0000000003205e90 code [0x0000000003206020, 0x00000000032062d8]
Event: 33.659 Thread 0x0000000056847800 2604       1       com.android.dx.dex.file.OffsettedItem::place0 (1 bytes)
Event: 33.659 Thread 0x0000000056847800 nmethod 2604 0x00000000031f2690 code [0x00000000031f27e0, 0x00000000031f28f0]

GC Heap History (10 events):
Event: 6.063 GC heap before
{Heap before GC invocations=1 (full 0):
 PSYoungGen      total 38400K, used 33280K [0x00000000eab00000, 0x00000000ed580000, 0x0000000100000000)
  eden space 33280K, 100% used [0x00000000eab00000,0x00000000ecb80000,0x00000000ecb80000)
  from space 5120K, 0% used [0x00000000ed080000,0x00000000ed080000,0x00000000ed580000)
  to   space 5120K, 0% used [0x00000000ecb80000,0x00000000ecb80000,0x00000000ed080000)
 ParOldGen       total 87552K, used 0K [0x00000000c0000000, 0x00000000c5580000, 0x00000000eab00000)
  object space 87552K, 0% used [0x00000000c0000000,0x00000000c0000000,0x00000000c5580000)
 Metaspace       used 5821K, capacity 6960K, committed 7040K, reserved 1056768K
  class space    used 564K, capacity 616K, committed 640K, reserved 1048576K
Event: 6.819 GC heap after
Heap after GC invocations=1 (full 0):
 PSYoungGen      total 38400K, used 5106K [0x00000000eab00000, 0x00000000ef600000, 0x0000000100000000)
  eden space 33280K, 0% used [0x00000000eab00000,0x00000000eab00000,0x00000000ecb80000)
  from space 5120K, 99% used [0x00000000ecb80000,0x00000000ed07cb08,0x00000000ed080000)
  to   space 5120K, 0% used [0x00000000ef100000,0x00000000ef100000,0x00000000ef600000)
 ParOldGen       total 87552K, used 742K [0x00000000c0000000, 0x00000000c5580000, 0x00000000eab00000)
  object space 87552K, 0% used [0x00000000c0000000,0x00000000c00b9b00,0x00000000c5580000)
 Metaspace       used 5821K, capacity 6960K, committed 7040K, reserved 1056768K
  class space    used 564K, capacity 616K, committed 640K, reserved 1048576K
}
Event: 14.402 GC heap before
{Heap before GC invocations=2 (full 0):
 PSYoungGen      total 38400K, used 38386K [0x00000000eab00000, 0x00000000ef600000, 0x0000000100000000)
  eden space 33280K, 100% used [0x00000000eab00000,0x00000000ecb80000,0x00000000ecb80000)
  from space 5120K, 99% used [0x00000000ecb80000,0x00000000ed07cb08,0x00000000ed080000)
  to   space 5120K, 0% used [0x00000000ef100000,0x00000000ef100000,0x00000000ef600000)
 ParOldGen       total 87552K, used 742K [0x00000000c0000000, 0x00000000c5580000, 0x00000000eab00000)
  object space 87552K, 0% used [0x00000000c0000000,0x00000000c00b9b00,0x00000000c5580000)
 Metaspace       used 5948K, capacity 7024K, committed 7296K, reserved 1056768K
  class space    used 565K, capacity 616K, committed 640K, reserved 1048576K
Event: 14.798 GC heap after
Heap after GC invocations=2 (full 0):
 PSYoungGen      total 71680K, used 5117K [0x00000000eab00000, 0x00000000ef600000, 0x0000000100000000)
  eden space 66560K, 0% used [0x00000000eab00000,0x00000000eab00000,0x00000000eec00000)
  from space 5120K, 99% used [0x00000000ef100000,0x00000000ef5ff7d8,0x00000000ef600000)
  to   space 5120K, 0% used [0x00000000eec00000,0x00000000eec00000,0x00000000ef100000)
 ParOldGen       total 87552K, used 4690K [0x00000000c0000000, 0x00000000c5580000, 0x00000000eab00000)
  object space 87552K, 5% used [0x00000000c0000000,0x00000000c0494a40,0x00000000c5580000)
 Metaspace       used 5948K, capacity 7024K, committed 7296K, reserved 1056768K
  class space    used 565K, capacity 616K, committed 640K, reserved 1048576K
}
Event: 19.499 GC heap before
{Heap before GC invocations=3 (full 0):
 PSYoungGen      total 71680K, used 71677K [0x00000000eab00000, 0x00000000ef600000, 0x0000000100000000)
  eden space 66560K, 100% used [0x00000000eab00000,0x00000000eec00000,0x00000000eec00000)
  from space 5120K, 99% used [0x00000000ef100000,0x00000000ef5ff7d8,0x00000000ef600000)
  to   space 5120K, 0% used [0x00000000eec00000,0x00000000eec00000,0x00000000ef100000)
 ParOldGen       total 87552K, used 4690K [0x00000000c0000000, 0x00000000c5580000, 0x00000000eab00000)
  object space 87552K, 5% used [0x00000000c0000000,0x00000000c0494a40,0x00000000c5580000)
 Metaspace       used 6070K, capacity 7152K, committed 7296K, reserved 1056768K
  class space    used 566K, capacity 616K, committed 640K, reserved 1048576K
Event: 19.707 GC heap after
Heap after GC invocations=3 (full 0):
 PSYoungGen      total 71680K, used 5096K [0x00000000eab00000, 0x00000000f3700000, 0x0000000100000000)
  eden space 66560K, 0% used [0x00000000eab00000,0x00000000eab00000,0x00000000eec00000)
  from space 5120K, 99% used [0x00000000eec00000,0x00000000ef0fa080,0x00000000ef100000)
  to   space 5120K, 0% used [0x00000000f3200000,0x00000000f3200000,0x00000000f3700000)
 ParOldGen       total 87552K, used 15017K [0x00000000c0000000, 0x00000000c5580000, 0x00000000eab00000)
  object space 87552K, 17% used [0x00000000c0000000,0x00000000c0eaa458,0x00000000c5580000)
 Metaspace       used 6070K, capacity 7152K, committed 7296K, reserved 1056768K
  class space    used 566K, capacity 616K, committed 640K, reserved 1048576K
}
Event: 20.307 GC heap before
{Heap before GC invocations=4 (full 0):
 PSYoungGen      total 71680K, used 71656K [0x00000000eab00000, 0x00000000f3700000, 0x0000000100000000)
  eden space 66560K, 100% used [0x00000000eab00000,0x00000000eec00000,0x00000000eec00000)
  from space 5120K, 99% used [0x00000000eec00000,0x00000000ef0fa080,0x00000000ef100000)
  to   space 5120K, 0% used [0x00000000f3200000,0x00000000f3200000,0x00000000f3700000)
 ParOldGen       total 87552K, used 15017K [0x00000000c0000000, 0x00000000c5580000, 0x00000000eab00000)
  object space 87552K, 17% used [0x00000000c0000000,0x00000000c0eaa458,0x00000000c5580000)
 Metaspace       used 6186K, capacity 7152K, committed 7296K, reserved 1056768K
  class space    used 584K, capacity 616K, committed 640K, reserved 1048576K
Event: 20.451 GC heap after
Heap after GC invocations=4 (full 0):
 PSYoungGen      total 138240K, used 5100K [0x00000000eab00000, 0x00000000f3700000, 0x0000000100000000)
  eden space 133120K, 0% used [0x00000000eab00000,0x00000000eab00000,0x00000000f2d00000)
  from space 5120K, 99% used [0x00000000f3200000,0x00000000f36fb038,0x00000000f3700000)
  to   space 5120K, 0% used [0x00000000f2d00000,0x00000000f2d00000,0x00000000f3200000)
 ParOldGen       total 87552K, used 24633K [0x00000000c0000000, 0x00000000c5580000, 0x00000000eab00000)
  object space 87552K, 28% used [0x00000000c0000000,0x00000000c180e418,0x00000000c5580000)
 Metaspace       used 6186K, capacity 7152K, committed 7296K, reserved 1056768K
  class space    used 584K, capacity 616K, committed 640K, reserved 1048576K
}
Event: 32.115 GC heap before
{Heap before GC invocations=5 (full 0):
 PSYoungGen      total 138240K, used 138220K [0x00000000eab00000, 0x00000000f3700000, 0x0000000100000000)
  eden space 133120K, 100% used [0x00000000eab00000,0x00000000f2d00000,0x00000000f2d00000)
  from space 5120K, 99% used [0x00000000f3200000,0x00000000f36fb038,0x00000000f3700000)
  to   space 5120K, 0% used [0x00000000f2d00000,0x00000000f2d00000,0x00000000f3200000)
 ParOldGen       total 87552K, used 24633K [0x00000000c0000000, 0x00000000c5580000, 0x00000000eab00000)
  object space 87552K, 28% used [0x00000000c0000000,0x00000000c180e418,0x00000000c5580000)
 Metaspace       used 6283K, capacity 7216K, committed 7296K, reserved 1056768K
  class space    used 586K, capacity 616K, committed 640K, reserved 1048576K
Event: 32.332 GC heap after
Heap after GC invocations=5 (full 0):
 PSYoungGen      total 138240K, used 5102K [0x00000000eab00000, 0x00000000fe300000, 0x0000000100000000)
  eden space 133120K, 0% used [0x00000000eab00000,0x00000000eab00000,0x00000000f2d00000)
  from space 5120K, 99% used [0x00000000f2d00000,0x00000000f31fba30,0x00000000f3200000)
  to   space 26624K, 0% used [0x00000000fc900000,0x00000000fc900000,0x00000000fe300000)
 ParOldGen       total 87552K, used 43959K [0x00000000c0000000, 0x00000000c5580000, 0x00000000eab00000)
  object space 87552K, 50% used [0x00000000c0000000,0x00000000c2aedd30,0x00000000c5580000)
 Metaspace       used 6283K, capacity 7216K, committed 7296K, reserved 1056768K
  class space    used 586K, capacity 616K, committed 640K, reserved 1048576K
}

Deoptimization events (10 events):
Event: 32.558 Thread 0x0000000001cfe000 Uncommon trap: reason=class_check action=maybe_recompile pc=0x0000000002bbacc4 method=java.util.Arrays.hashCode([Ljava/lang/Object;)I @ 43
Event: 32.558 Thread 0x0000000001cfe000 Uncommon trap: reason=class_check action=maybe_recompile pc=0x0000000002bca52c method=java.util.Arrays.hashCode([Ljava/lang/Object;)I @ 43
Event: 32.860 Thread 0x0000000001cfe000 Uncommon trap: reason=unstable_if action=reinterpret pc=0x000000000311c6b8 method=java.util.HashMap.putVal(ILjava/lang/Object;Ljava/lang/Object;ZZ)Ljava/lang/Object; @ 109
Event: 33.074 Thread 0x0000000001cfe000 Uncommon trap: reason=speculate_class_check action=maybe_recompile pc=0x0000000002a872e0 method=com.android.dx.util.FixedSizeList.equals(Ljava/lang/Object;)Z @ 25
Event: 33.140 Thread 0x0000000001cfe000 Uncommon trap: reason=speculate_class_check action=maybe_recompile pc=0x0000000002a872e0 method=com.android.dx.util.FixedSizeList.equals(Ljava/lang/Object;)Z @ 25
Event: 33.140 Thread 0x0000000001cfe000 Uncommon trap: reason=speculate_class_check action=maybe_recompile pc=0x0000000002a872e0 method=com.android.dx.util.FixedSizeList.equals(Ljava/lang/Object;)Z @ 25
Event: 33.140 Thread 0x0000000001cfe000 Uncommon trap: reason=speculate_class_check action=maybe_recompile pc=0x0000000002a872e0 method=com.android.dx.util.FixedSizeList.equals(Ljava/lang/Object;)Z @ 25
Event: 33.224 Thread 0x0000000001cfe000 Uncommon trap: reason=unstable_if action=reinterpret pc=0x0000000002f1ed4c method=java.util.TreeMap.put(Ljava/lang/Object;Ljava/lang/Object;)Ljava/lang/Object; @ 163
Event: 33.283 Thread 0x0000000001cfe000 Uncommon trap: reason=unstable_if action=reinterpret pc=0x00000000031bf84c method=com.android.dx.dex.code.LocalList$MakeState.filterSpec(Lcom/android/dx/rop/code/RegisterSpec;)Lcom/android/dx/rop/code/RegisterSpec; @ 11
Event: 33.288 Thread 0x0000000001cfe000 Uncommon trap: reason=unstable_if action=reinterpret pc=0x00000000031a8d54 method=com.android.dx.rop.code.RegisterSpec.matchesVariable(Lcom/android/dx/rop/code/RegisterSpec;)Z @ 59

Internal exceptions (6 events):
Event: 0.381 Thread 0x0000000001cfe000 Exception <a 'java/lang/NoSuchMethodError': Method sun.misc.Unsafe.defineClass(Ljava/lang/String;[BII)Ljava/lang/Class; name or signature does not match> (0x00000000eab07cc0) thrown at [C:\src\android\AOSP-openjdk\external\jetbrains\jdk\hotspot\src\share\vÅJÓ‚^gÿ?
Event: 0.381 Thread 0x0000000001cfe000 Exception <a 'java/lang/NoSuchMethodError': Method sun.misc.Unsafe.prefetchRead(Ljava/lang/Object;J)V name or signature does not match> (0x00000000eab07fa8) thrown at [C:\src\android\AOSP-openjdk\external\jetbrains\jdk\hotspot\src\share\vm\prims\jni.cpp, l}o6˘Ô®)@
Event: 12.830 Thread 0x0000000056b32000 Implicit null exception at 0x0000000002cd7d4a to 0x0000000002cd9d19
Event: 20.101 Thread 0x0000000001cfe000 Exception <a 'java/lang/ArrayIndexOutOfBoundsException': 18> (0x00000000edf2f8c8) thrown at [C:\src\android\AOSP-openjdk\external\jetbrains\jdk\hotspot\src\share\vm\interpreter\interpreterRuntime.cpp, line 366]
Event: 20.102 Thread 0x0000000001cfe000 Exception <a 'java/lang/ArrayIndexOutOfBoundsException': 145> (0x00000000edf31448) thrown at [C:\src\android\AOSP-openjdk\external\jetbrains\jdk\hotspot\src\share\vm\interpreter\interpreterRuntime.cpp, line 366]
Event: 20.103 Thread 0x0000000001cfe000 Exception <a 'java/lang/ArrayIndexOutOfBoundsException'> (0x00000000edf32730) thrown at [C:\src\android\AOSP-openjdk\external\jetbrains\jdk\hotspot\src\share\vm\runtime\sharedRuntime.cpp, line 605]

Events (10 events):
Event: 33.619 Thread 0x0000000001cfe000 DEOPT PACKING pc=0x000000000316a598 sp=0x00000000023eeef0
Event: 33.619 Thread 0x0000000001cfe000 DEOPT UNPACKING pc=0x00000000027071bf sp=0x00000000023eed38 mode 0
Event: 33.632 Thread 0x0000000001cfe000 DEOPT PACKING pc=0x00000000031650ae sp=0x00000000023eef00
Event: 33.632 Thread 0x0000000001cfe000 DEOPT UNPACKING pc=0x00000000027071bf sp=0x00000000023eec58 mode 0
Event: 33.638 Thread 0x0000000001cfe000 DEOPT PACKING pc=0x000000000316a598 sp=0x00000000023eeef0
Event: 33.638 Thread 0x0000000001cfe000 DEOPT UNPACKING pc=0x00000000027071bf sp=0x00000000023eed38 mode 0
Event: 33.648 Thread 0x0000000001cfe000 DEOPT PACKING pc=0x00000000031650ae sp=0x00000000023eef00
Event: 33.648 Thread 0x0000000001cfe000 DEOPT UNPACKING pc=0x00000000027071bf sp=0x00000000023eec58 mode 0
Event: 33.650 Thread 0x0000000001cfe000 DEOPT PACKING pc=0x000000000316a598 sp=0x00000000023eeef0
Event: 33.650 Thread 0x0000000001cfe000 DEOPT UNPACKING pc=0x00000000027071bf sp=0x00000000023eed38 mode 0


Dynamic libraries:
0x000000013fbb0000 - 0x000000013fbe1000 	C:\Program Files\Android\Android Studio\jre\bin\java.exe
0x00000000772b0000 - 0x000000007745a000 	C:\Windows\SYSTEM32\ntdll.dll
0x000007fef32e0000 - 0x000007fef3334000 	C:\Program Files (x86)\AVG\Av\avghooka.dll
0x0000000077090000 - 0x00000000771af000 	C:\Windows\system32\kernel32.dll
0x000007fefcc70000 - 0x000007fefccda000 	C:\Windows\system32\KERNELBASE.dll
0x000007fefee70000 - 0x000007fefef4b000 	C:\Windows\system32\ADVAPI32.dll
0x000007feff060000 - 0x000007feff0ff000 	C:\Windows\system32\msvcrt.dll
0x000007fefe020000 - 0x000007fefe03f000 	C:\Windows\SYSTEM32\sechost.dll
0x000007fefe0b0000 - 0x000007fefe1dd000 	C:\Windows\system32\RPCRT4.dll
0x00000000771b0000 - 0x00000000772aa000 	C:\Windows\system32\USER32.dll
0x000007feff130000 - 0x000007feff197000 	C:\Windows\system32\GDI32.dll
0x000007fefcfd0000 - 0x000007fefcfde000 	C:\Windows\system32\LPK.dll
0x000007fefeb40000 - 0x000007fefec0a000 	C:\Windows\system32\USP10.dll
0x000007fefa4d0000 - 0x000007fefa6c4000 	C:\Windows\WinSxS\amd64_microsoft.windows.common-controls_6595b64144ccf1df_6.0.7601.18837_none_fa3b1e3d17594757\COMCTL32.dll
0x000007fefe1e0000 - 0x000007fefe251000 	C:\Windows\system32\SHLWAPI.dll
0x000007feff100000 - 0x000007feff12e000 	C:\Windows\system32\IMM32.DLL
0x000007fefef50000 - 0x000007feff059000 	C:\Windows\system32\MSCTF.dll
0x00000000627b0000 - 0x0000000062882000 	C:\Program Files\Android\Android Studio\jre\jre\bin\msvcr100.dll
0x0000000061ce0000 - 0x0000000062514000 	C:\Program Files\Android\Android Studio\jre\jre\bin\server\jvm.dll
0x000007feeb2f0000 - 0x000007feeb2f9000 	C:\Windows\system32\WSOCK32.dll
0x000007feff1a0000 - 0x000007feff1ed000 	C:\Windows\system32\WS2_32.dll
0x000007fefe040000 - 0x000007fefe048000 	C:\Windows\system32\NSI.dll
0x000007fef93e0000 - 0x000007fef941b000 	C:\Windows\system32\WINMM.dll
0x000007fefa9c0000 - 0x000007fefa9cc000 	C:\Windows\system32\VERSION.dll
0x0000000077470000 - 0x0000000077477000 	C:\Windows\system32\PSAPI.DLL
0x000007fef98a0000 - 0x000007fef98af000 	C:\Program Files\Android\Android Studio\jre\jre\bin\verify.dll
0x000007fef69c0000 - 0x000007fef69e9000 	C:\Program Files\Android\Android Studio\jre\jre\bin\java.dll
0x000007fef69a0000 - 0x000007fef69b6000 	C:\Program Files\Android\Android Studio\jre\jre\bin\zip.dll
0x000007fefd290000 - 0x000007fefe01a000 	C:\Windows\system32\SHELL32.dll
0x000007fefd080000 - 0x000007fefd283000 	C:\Windows\system32\ole32.dll
0x000007fefcc20000 - 0x000007fefcc2f000 	C:\Windows\system32\profapi.dll
0x000007fef6b50000 - 0x000007fef6c75000 	C:\Windows\system32\dbghelp.dll

VM Arguments:
jvm_args: -Djava.awt.headless=true -Xmx1024M -Dfile.encoding=windows-1252 -Duser.country=US -Duser.language=en -Duser.variant 
java_command: com.android.dx.command.Main --dex --force-jumbo --num-threads=4 --output C:\tmp\S06.02-Solution-SettingsFragment\app\intermediates\pre-dexed\debug\com.android.support-appcompat-v7-25.1.0_1d60afc4d9404e8478ff1802fab07968092e7053.jar C:\tmp\S06.02-Solution-SettingsFragment\app\intermediates\exploded-aar\com.android.support\appcompat-v7\25.1.0\jars\classes.jar
java_class_path (initial): C:\Users\Venom\AppData\Local\Android\sdk\build-tools\25.0.2\lib\dx.jar
Launcher Type: SUN_STANDARD

Environment Variables:
PATH=C:\Program Files (x86)\NVIDIA Corporation\PhysX\Common;C:\ProgramData\Oracle\Java\javapath;C:\Windows\system32;C:\Windows;C:\Windows\System32\Wbem;C:\Windows\System32\WindowsPowerShell\v1.0\;C:\Program Files (x86)\Autodesk\Backburner\;C:\Program Files (x86)\Windows Kits\8.1\Windows Performance Toolkit\;C:\Program Files\Microsoft SQL Server\110\Tools\Binn\;C:\Program Files (x86)\Skype\Phone\;C:\Windows\system32\config\systemprofile\.dnx\bin;C:\Program Files\Microsoft DNX\Dnvm\
USERNAME=Venom
OS=Windows_NT
PROCESSOR_IDENTIFIER=Intel64 Family 6 Model 23 Stepping 10, GenuineIntel



---------------  S Y S T E M  ---------------

OS: Windows 7 , 64 bit Build 7601 (6.1.7601.23572)

CPU:total 4 (4 cores per cpu, 1 threads per core) family 6 model 23 stepping 10, cmov, cx8, fxsr, mmx, sse, sse2, sse3, ssse3, sse4.1, tsc

Memory: 4k page, physical 8387128k(1401960k free), swap 16772396k(8307960k free)

vm_info: OpenJDK 64-Bit Server VM (25.76-b03) for windows-amd64 JRE (1.8.0_76-release-b03), built on Jun 29 2016 19:09:20 by "ralucas" with MS VC++ 10.0 (VS2010)

time: Sat Feb 25 01:39:31 2017
elapsed time: 33 seconds (0d 0h 0m 33s)

