#
# A fatal error has been detected by the Java Runtime Environment:
#
#  EXCEPTION_ACCESS_VIOLATION (0xc0000005) at pc=0xffffffffa57f5120, pid=6824, tid=0x0000000000001720
#
# JRE version: OpenJDK Runtime Environment (8.0_76-b03) (build 1.8.0_76-release-b03)
# Java VM: OpenJDK 64-Bit Server VM (25.76-b03 mixed mode windows-amd64 compressed oops)
# Problematic frame:
# C  0xffffffffa57f5120
#
# Failed to write core dump. Minidumps are not enabled by default on client versions of Windows
#
# If you would like to submit a bug report, please visit:
#   http://bugreport.java.com/bugreport/crash.jsp
#

---------------  T H R E A D  ---------------

Current thread (0x000000005b8ff800):  JavaThread "Daemon worker Thread 5" [_thread_in_Java, id=5920, stack(0x000000005dd90000,0x000000005de90000)]

siginfo: ExceptionCode=0xc0000005, ExceptionInformation=0x0000000000000008 0xffffffffa57f5120

Registers:
RAX=0x000000001512af60, RBX=0x0000000066846508, RCX=0x0000000000000682, RDX=0x00000000ed07b5f8
RSP=0x000000005de8b3c8, RBP=0x000000005de8b698, RSI=0x0000000066a76d40, RDI=0x00000000000010f8
R8 =0x00000000ed07b5f8, R9 =0x0000000066a758f8, R10=0x000000001512af70, R11=0x000000001512af60
R12=0x0000000000000000, R13=0x000000005de8b640, R14=0x0000000000000000, R15=0x000000005b8ff800
RIP=0xffffffffa57f5120, EFLAGS=0x0000000000010202

Top of Stack: (sp=0x000000005de8b3c8)
0x000000005de8b3c8:   000000000551f408 00000000ed07b5f8
0x000000005de8b3d8:   000000001512af60 000000005de8b698
0x000000005de8b3e8:   000000000523d90c 000000005de8b698
0x000000005de8b3f8:   000000000532bfbc 0000000066834010
0x000000005de8b408:   0000000000000000 000000005de8b698
0x000000005de8b418:   0000000004fe10f4 000000000532b524
0x000000005de8b428:   00000000eca46070 000000005de8b698
0x000000005de8b438:   000000000532b3d4 0000000066918208
0x000000005de8b448:   0000000000000000 000000005de8b4c0
0x000000005de8b458:   000000005de8b510 00000000027f7a01
0x000000005de8b468:   0000000000000000 0000000000000000
0x000000005de8b478:   00000000ec56f4c8 00000000eca46070
0x000000005de8b488:   00000000ed07b408 00000000f0772830
0x000000005de8b498:   00000000eca46070 00000000ed07b5f8
0x000000005de8b4a8:   0000000000000000 0000000000000000
0x000000005de8b4b8:   0000000000000000 000000005de8b698 

Instructions: (pc=0xffffffffa57f5120)
0xffffffffa57f5100:   
[error occurred during error reporting (printing registers, top of stack, instructions near pc), id 0xc0000005]

Register to memory mapping:

RAX=0x000000001512af60 is pointing into metadata
RBX={method} {0x0000000066846510} 'getTag' '()Lcom/sun/tools/javac/tree/JCTree$Tag;' in 'com/sun/tools/javac/tree/JCTree$JCPrimitiveTypeTree'
RCX=0x0000000000000682 is an unknown value
RDX=0x00000000ed07b5f8 is an oop
com.sun.tools.javac.tree.JCTree$JCPrimitiveTypeTree 
 - klass: 'com/sun/tools/javac/tree/JCTree$JCPrimitiveTypeTree'
RSP=0x000000005de8b3c8 is pointing into the stack for thread: 0x000000005b8ff800
RBP=0x000000005de8b698 is pointing into the stack for thread: 0x000000005b8ff800
RSI=0x0000000066a76d40 is pointing into metadata
RDI=0x00000000000010f8 is an unknown value
R8 =0x00000000ed07b5f8 is an oop
com.sun.tools.javac.tree.JCTree$JCPrimitiveTypeTree 
 - klass: 'com/sun/tools/javac/tree/JCTree$JCPrimitiveTypeTree'
R9 =0x0000000066a758f8 is pointing into metadata
R10=0x000000001512af70 is pointing into metadata
R11=0x000000001512af60 is pointing into metadata
R12=0x0000000000000000 is an unknown value
R13=0x000000005de8b640 is pointing into the stack for thread: 0x000000005b8ff800
R14=0x0000000000000000 is an unknown value
R15=0x000000005b8ff800 is a thread


Stack: [0x000000005dd90000,0x000000005de90000],  sp=0x000000005de8b3c8,  free space=1004k
Native frames: (J=compiled Java code, j=interpreted, Vv=VM code, C=native code)
C  0xffffffffa57f5120


---------------  P R O C E S S  ---------------

Java Threads: ( => current thread )
  0x000000005bfde800 JavaThread "Cache update executor" [_thread_blocked, id=5952, stack(0x0000000066720000,0x0000000066820000)]
  0x000000005b900000 JavaThread "Stdin handler" [_thread_blocked, id=4324, stack(0x0000000059930000,0x0000000059a30000)]
  0x000000005b8fe000 JavaThread "Asynchronous log dispatcher for DefaultDaemonConnection: socket connection from /127.0.0.1:50189 to /127.0.0.1:50441" [_thread_blocked, id=5488, stack(0x0000000058bb0000,0x0000000058cb0000)]
=>0x000000005b8ff800 JavaThread "Daemon worker Thread 5" [_thread_in_Java, id=5920, stack(0x000000005dd90000,0x000000005de90000)]
  0x000000005b8fb000 JavaThread "Cancel handler" [_thread_blocked, id=6724, stack(0x00000000597f0000,0x00000000598f0000)]
  0x000000005b8fa000 JavaThread "Handler for socket connection from /127.0.0.1:50189 to /127.0.0.1:50441" [_thread_in_native, id=7056, stack(0x0000000059600000,0x0000000059700000)]
  0x000000005b8fb800 JavaThread "Daemon Thread 5" [_thread_blocked, id=1272, stack(0x0000000059290000,0x0000000059390000)]
  0x000000005a502800 JavaThread "stdout" daemon [_thread_in_native, id=4204, stack(0x00000000651a0000,0x00000000652a0000)]
  0x000000005a501800 JavaThread "stderr" daemon [_thread_in_native, id=4844, stack(0x0000000064ee0000,0x0000000064fe0000)]
  0x000000005a501000 JavaThread "stdout" daemon [_thread_in_native, id=5568, stack(0x0000000064ff0000,0x00000000650f0000)]
  0x000000005a500000 JavaThread "stderr" daemon [_thread_in_native, id=6368, stack(0x0000000064d70000,0x0000000064e70000)]
  0x000000005a4ff800 JavaThread "stdout" daemon [_thread_in_native, id=1152, stack(0x0000000064c00000,0x0000000064d00000)]
  0x000000005a4fe800 JavaThread "stderr" daemon [_thread_in_native, id=6680, stack(0x00000000649f0000,0x0000000064af0000)]
  0x000000005b1da000 JavaThread "stdout" daemon [_thread_in_native, id=7008, stack(0x00000000648e0000,0x00000000649e0000)]
  0x000000005b1d9800 JavaThread "stderr" daemon [_thread_in_native, id=1432, stack(0x0000000064770000,0x0000000064870000)]
  0x000000005b1d8800 JavaThread "stdout" daemon [_thread_in_native, id=7044, stack(0x0000000064590000,0x0000000064690000)]
  0x000000005b1d8000 JavaThread "stderr" daemon [_thread_in_native, id=6432, stack(0x0000000064070000,0x0000000064170000)]
  0x000000005b1d7000 JavaThread "stdout" daemon [_thread_in_native, id=6596, stack(0x0000000064410000,0x0000000064510000)]
  0x000000005b1d6800 JavaThread "stderr" daemon [_thread_in_native, id=6944, stack(0x0000000062850000,0x0000000062950000)]
  0x000000005b1d5800 JavaThread "stdout" daemon [_thread_in_native, id=6988, stack(0x0000000063b10000,0x0000000063c10000)]
  0x000000005b1d5000 JavaThread "stderr" daemon [_thread_in_native, id=5468, stack(0x0000000064290000,0x0000000064390000)]
  0x000000005b1d4000 JavaThread "stdout" daemon [_thread_in_native, id=6752, stack(0x0000000064180000,0x0000000064280000)]
  0x000000005b1d3800 JavaThread "stderr" daemon [_thread_in_native, id=3096, stack(0x0000000063f00000,0x0000000064000000)]
  0x000000005b35e000 JavaThread "stdout" daemon [_thread_in_native, id=1900, stack(0x0000000063dc0000,0x0000000063ec0000)]
  0x000000005b35d000 JavaThread "stderr" daemon [_thread_in_native, id=6476, stack(0x0000000063900000,0x0000000063a00000)]
  0x000000005b35c800 JavaThread "stdout" daemon [_thread_in_native, id=7072, stack(0x0000000063c10000,0x0000000063d10000)]
  0x000000005b35b800 JavaThread "stderr" daemon [_thread_in_native, id=1876, stack(0x0000000063a10000,0x0000000063b10000)]
  0x000000005b35b000 JavaThread "stdout" daemon [_thread_in_native, id=6104, stack(0x00000000636e0000,0x00000000637e0000)]
  0x000000005b35a000 JavaThread "stderr" daemon [_thread_in_native, id=6952, stack(0x00000000637f0000,0x00000000638f0000)]
  0x000000005b359800 JavaThread "stdout" daemon [_thread_in_native, id=6264, stack(0x0000000062a50000,0x0000000062b50000)]
  0x000000005b358800 JavaThread "stderr" daemon [_thread_in_native, id=7012, stack(0x00000000635a0000,0x00000000636a0000)]
  0x000000005b358000 JavaThread "stdout" daemon [_thread_in_native, id=1560, stack(0x0000000063460000,0x0000000063560000)]
  0x000000005b357000 JavaThread "stderr" daemon [_thread_in_native, id=3580, stack(0x0000000063270000,0x0000000063370000)]
  0x00000000585e8800 JavaThread "png-cruncher_15" daemon [_thread_blocked, id=6764, stack(0x0000000063090000,0x0000000063190000)]
  0x00000000585e7800 JavaThread "png-cruncher_14" daemon [_thread_blocked, id=6048, stack(0x0000000062ea0000,0x0000000062fa0000)]
  0x00000000585e7000 JavaThread "png-cruncher_13" daemon [_thread_blocked, id=6480, stack(0x0000000062d80000,0x0000000062e80000)]
  0x00000000585e6000 JavaThread "png-cruncher_12" daemon [_thread_blocked, id=7116, stack(0x0000000062c60000,0x0000000062d60000)]
  0x00000000585e5800 JavaThread "png-cruncher_11" daemon [_thread_blocked, id=6492, stack(0x000000005f000000,0x000000005f100000)]
  0x00000000585e4800 JavaThread "stdout" daemon [_thread_in_native, id=6604, stack(0x0000000062b60000,0x0000000062c60000)]
  0x00000000585e4000 JavaThread "stderr" daemon [_thread_in_native, id=5520, stack(0x0000000061e90000,0x0000000061f90000)]
  0x00000000585e3000 JavaThread "stdout" daemon [_thread_in_native, id=6292, stack(0x0000000062950000,0x0000000062a50000)]
  0x00000000585e2800 JavaThread "stderr" daemon [_thread_in_native, id=6468, stack(0x0000000062720000,0x0000000062820000)]
  0x00000000585e1800 JavaThread "png-cruncher_10" daemon [_thread_blocked, id=6224, stack(0x0000000061100000,0x0000000061200000)]
  0x000000005d1a0000 JavaThread "png-cruncher_9" daemon [_thread_blocked, id=6592, stack(0x0000000062550000,0x0000000062650000)]
  0x000000005d19f000 JavaThread "png-cruncher_8" daemon [_thread_blocked, id=6324, stack(0x00000000623b0000,0x00000000624b0000)]
  0x000000005d19e800 JavaThread "png-cruncher_7" daemon [_thread_blocked, id=6388, stack(0x00000000621f0000,0x00000000622f0000)]
  0x000000005d19d800 JavaThread "png-cruncher_6" daemon [_thread_blocked, id=7052, stack(0x0000000061c80000,0x0000000061d80000)]
  0x000000005d19d000 JavaThread "png-cruncher_5" daemon [_thread_blocked, id=2568, stack(0x0000000061ff0000,0x00000000620f0000)]
  0x000000005d19c000 JavaThread "png-cruncher_4" daemon [_thread_blocked, id=6424, stack(0x0000000061d80000,0x0000000061e80000)]
  0x000000005d19b800 JavaThread "png-cruncher_3" daemon [_thread_blocked, id=5132, stack(0x0000000061b50000,0x0000000061c50000)]
  0x000000005d19a800 JavaThread "png-cruncher_2" daemon [_thread_blocked, id=6312, stack(0x00000000619e0000,0x0000000061ae0000)]
  0x000000005d19a000 JavaThread "png-cruncher_1" daemon [_thread_blocked, id=4608, stack(0x0000000061820000,0x0000000061920000)]
  0x000000005a25b000 JavaThread "Java2D Disposer" daemon [_thread_blocked, id=6832, stack(0x0000000061680000,0x0000000061780000)]
  0x0000000059d11800 JavaThread "File lock request listener" [_thread_in_native, id=6968, stack(0x000000005ad40000,0x000000005ae40000)]
  0x000000005840d000 JavaThread "pool-1-thread-1" [_thread_blocked, id=6940, stack(0x0000000059410000,0x0000000059510000)]
  0x00000000582e3800 JavaThread "Incoming local TCP Connector on port 50189" [_thread_in_native, id=6928, stack(0x00000000569e0000,0x0000000056ae0000)]
  0x00000000550cd800 JavaThread "Service Thread" daemon [_thread_blocked, id=6904, stack(0x00000000572d0000,0x00000000573d0000)]
  0x00000000550ca000 JavaThread "C1 CompilerThread2" daemon [_thread_blocked, id=6900, stack(0x0000000056ca0000,0x0000000056da0000)]
  0x00000000550c9000 JavaThread "C2 CompilerThread1" daemon [_thread_blocked, id=6896, stack(0x0000000056b40000,0x0000000056c40000)]
  0x00000000550c5000 JavaThread "C2 CompilerThread0" daemon [_thread_in_native, id=6892, stack(0x00000000568d0000,0x00000000569d0000)]
  0x00000000550c1800 JavaThread "Attach Listener" daemon [_thread_blocked, id=6888, stack(0x00000000567d0000,0x00000000568d0000)]
  0x00000000550c0000 JavaThread "Signal Dispatcher" daemon [_thread_blocked, id=6884, stack(0x00000000565b0000,0x00000000566b0000)]
  0x00000000550a8000 JavaThread "Finalizer" daemon [_thread_blocked, id=6880, stack(0x0000000056420000,0x0000000056520000)]
  0x0000000055060800 JavaThread "Reference Handler" daemon [_thread_blocked, id=6876, stack(0x00000000562c0000,0x00000000563c0000)]
  0x000000000220e800 JavaThread "main" [_thread_blocked, id=6852, stack(0x0000000002420000,0x0000000002520000)]

Other Threads:
  0x0000000055059000 VMThread [stack: 0x0000000056160000,0x0000000056260000] [id=6872]
  0x00000000550cf000 WatcherThread [stack: 0x00000000571a0000,0x00000000572a0000] [id=6908]

VM state:not at safepoint (normal execution)

VM Mutex/Monitor currently owned by a thread: None

Heap:
 PSYoungGen      total 313856K, used 120338K [0x00000000eab00000, 0x0000000100000000, 0x0000000100000000)
  eden space 288768K, 33% used [0x00000000eab00000,0x00000000f0818790,0x00000000fc500000)
  from space 25088K, 99% used [0x00000000fc500000,0x00000000fdd6c078,0x00000000fdd80000)
  to   space 32768K, 0% used [0x00000000fe000000,0x00000000fe000000,0x0000000100000000)
 ParOldGen       total 99840K, used 76469K [0x00000000c0000000, 0x00000000c6180000, 0x00000000eab00000)
  object space 99840K, 76% used [0x00000000c0000000,0x00000000c4aad418,0x00000000c6180000)
 Metaspace       used 77022K, capacity 81544K, committed 81880K, reserved 1120256K
  class space    used 10032K, capacity 10867K, committed 10968K, reserved 1048576K

Card table byte_map: [0x0000000011bb0000,0x0000000011dc0000] byte_map_base: 0x00000000115b0000

Marking Bits: (ParMarkBitMap*) 0x0000000069289d00
 Begin Bits: [0x00000000124d0000, 0x00000000134d0000)
 End Bits:   [0x00000000134d0000, 0x00000000144d0000)

Polling page: 0x0000000000160000

CodeCache: size=245760Kb used=46667Kb max_used=46692Kb free=199092Kb
 bounds [0x00000000027f0000, 0x00000000055d0000, 0x00000000117f0000]
 total_blobs=14005 nmethods=13096 adapters=821
 compilation: enabled

Compilation events (10 events):
Event: 7902.908 Thread 0x00000000550ca000 nmethod 16278 0x000000000559e090 code [0x000000000559e1e0, 0x000000000559e310]
Event: 7902.908 Thread 0x00000000550ca000 16279       1       com.sun.tools.javac.tree.JCTree$JCLiteral::getTag (4 bytes)
Event: 7902.908 Thread 0x00000000550ca000 nmethod 16279 0x000000000559e390 code [0x000000000559e4e0, 0x000000000559e5f0]
Event: 7902.908 Thread 0x00000000550ca000 16281       1       com.sun.tools.javac.tree.JCTree$JCModifiers::getTag (4 bytes)
Event: 7902.908 Thread 0x00000000550ca000 nmethod 16281 0x000000000559e650 code [0x000000000559e7a0, 0x000000000559e8b0]
Event: 7902.908 Thread 0x00000000550ca000 16271       1       com.sun.tools.javac.comp.Check$Validator::visitTree (1 bytes)
Event: 7902.908 Thread 0x00000000550ca000 nmethod 16271 0x000000000559e910 code [0x000000000559ea60, 0x000000000559eb70]
Event: 7902.908 Thread 0x00000000550ca000 16282       1       com.sun.tools.javac.tree.JCTree$JCPrimitiveTypeTree::getTag (4 bytes)
Event: 7902.908 Thread 0x00000000550ca000 nmethod 16282 0x000000000559ebd0 code [0x000000000559ed20, 0x000000000559ee30]
Event: 7902.908 Thread 0x00000000550ca000 16273       3       com.sun.tools.javac.comp.Flow$FlowAnalyzer::errorUncaught (195 bytes)

GC Heap History (10 events):
Event: 2831.180 GC heap before
{Heap before GC invocations=14 (full 3):
 PSYoungGen      total 324096K, used 302080K [0x00000000eab00000, 0x0000000100000000, 0x0000000100000000)
  eden space 302080K, 100% used [0x00000000eab00000,0x00000000fd200000,0x00000000fd200000)
  from space 22016K, 0% used [0x00000000fe980000,0x00000000fe980000,0x00000000fff00000)
  to   space 23552K, 0% used [0x00000000fd200000,0x00000000fd200000,0x00000000fe900000)
 ParOldGen       total 99840K, used 34512K [0x00000000c0000000, 0x00000000c6180000, 0x00000000eab00000)
  object space 99840K, 34% used [0x00000000c0000000,0x00000000c21b4328,0x00000000c6180000)
 Metaspace       used 63843K, capacity 66956K, committed 67032K, reserved 1107968K
  class space    used 8503K, capacity 9168K, committed 9176K, reserved 1048576K
Event: 2831.280 GC heap after
Heap after GC invocations=14 (full 3):
 PSYoungGen      total 325632K, used 23545K [0x00000000eab00000, 0x0000000100000000, 0x0000000100000000)
  eden space 302080K, 0% used [0x00000000eab00000,0x00000000eab00000,0x00000000fd200000)
  from space 23552K, 99% used [0x00000000fd200000,0x00000000fe8fe730,0x00000000fe900000)
  to   space 23552K, 0% used [0x00000000fe900000,0x00000000fe900000,0x0000000100000000)
 ParOldGen       total 99840K, used 37695K [0x00000000c0000000, 0x00000000c6180000, 0x00000000eab00000)
  object space 99840K, 37% used [0x00000000c0000000,0x00000000c24cfc60,0x00000000c6180000)
 Metaspace       used 63843K, capacity 66956K, committed 67032K, reserved 1107968K
  class space    used 8503K, capacity 9168K, committed 9176K, reserved 1048576K
}
Event: 2850.487 GC heap before
{Heap before GC invocations=15 (full 3):
 PSYoungGen      total 325632K, used 325625K [0x00000000eab00000, 0x0000000100000000, 0x0000000100000000)
  eden space 302080K, 100% used [0x00000000eab00000,0x00000000fd200000,0x00000000fd200000)
  from space 23552K, 99% used [0x00000000fd200000,0x00000000fe8fe730,0x00000000fe900000)
  to   space 23552K, 0% used [0x00000000fe900000,0x00000000fe900000,0x0000000100000000)
 ParOldGen       total 99840K, used 37695K [0x00000000c0000000, 0x00000000c6180000, 0x00000000eab00000)
  object space 99840K, 37% used [0x00000000c0000000,0x00000000c24cfc60,0x00000000c6180000)
 Metaspace       used 68534K, capacity 71698K, committed 71896K, reserved 1112064K
  class space    used 8989K, capacity 9633K, committed 9688K, reserved 1048576K
Event: 2850.615 GC heap after
Heap after GC invocations=15 (full 3):
 PSYoungGen      total 317440K, used 15713K [0x00000000eab00000, 0x0000000100000000, 0x0000000100000000)
  eden space 293888K, 0% used [0x00000000eab00000,0x00000000eab00000,0x00000000fca00000)
  from space 23552K, 66% used [0x00000000fe900000,0x00000000ff858438,0x0000000100000000)
  to   space 27648K, 0% used [0x00000000fca00000,0x00000000fca00000,0x00000000fe500000)
 ParOldGen       total 99840K, used 60137K [0x00000000c0000000, 0x00000000c6180000, 0x00000000eab00000)
  object space 99840K, 60% used [0x00000000c0000000,0x00000000c3aba5b8,0x00000000c6180000)
 Metaspace       used 68534K, capacity 71698K, committed 71896K, reserved 1112064K
  class space    used 8989K, capacity 9633K, committed 9688K, reserved 1048576K
}
Event: 4438.775 GC heap before
{Heap before GC invocations=16 (full 3):
 PSYoungGen      total 317440K, used 309601K [0x00000000eab00000, 0x0000000100000000, 0x0000000100000000)
  eden space 293888K, 100% used [0x00000000eab00000,0x00000000fca00000,0x00000000fca00000)
  from space 23552K, 66% used [0x00000000fe900000,0x00000000ff858438,0x0000000100000000)
  to   space 27648K, 0% used [0x00000000fca00000,0x00000000fca00000,0x00000000fe500000)
 ParOldGen       total 99840K, used 60137K [0x00000000c0000000, 0x00000000c6180000, 0x00000000eab00000)
  object space 99840K, 60% used [0x00000000c0000000,0x00000000c3aba5b8,0x00000000c6180000)
 Metaspace       used 69925K, capacity 73846K, committed 73944K, reserved 1114112K
  class space    used 9206K, capacity 9944K, committed 9944K, reserved 1048576K
Event: 4438.919 GC heap after
Heap after GC invocations=16 (full 3):
 PSYoungGen      total 321536K, used 27209K [0x00000000eab00000, 0x0000000100000000, 0x0000000100000000)
  eden space 293888K, 0% used [0x00000000eab00000,0x00000000eab00000,0x00000000fca00000)
  from space 27648K, 98% used [0x00000000fca00000,0x00000000fe4926c0,0x00000000fe500000)
  to   space 27648K, 0% used [0x00000000fe500000,0x00000000fe500000,0x0000000100000000)
 ParOldGen       total 99840K, used 63394K [0x00000000c0000000, 0x00000000c6180000, 0x00000000eab00000)
  object space 99840K, 63% used [0x00000000c0000000,0x00000000c3de8bc8,0x00000000c6180000)
 Metaspace       used 69925K, capacity 73846K, committed 73944K, reserved 1114112K
  class space    used 9206K, capacity 9944K, committed 9944K, reserved 1048576K
}
Event: 4466.056 GC heap before
{Heap before GC invocations=17 (full 3):
 PSYoungGen      total 321536K, used 321097K [0x00000000eab00000, 0x0000000100000000, 0x0000000100000000)
  eden space 293888K, 100% used [0x00000000eab00000,0x00000000fca00000,0x00000000fca00000)
  from space 27648K, 98% used [0x00000000fca00000,0x00000000fe4926c0,0x00000000fe500000)
  to   space 27648K, 0% used [0x00000000fe500000,0x00000000fe500000,0x0000000100000000)
 ParOldGen       total 99840K, used 63394K [0x00000000c0000000, 0x00000000c6180000, 0x00000000eab00000)
  object space 99840K, 63% used [0x00000000c0000000,0x00000000c3de8bc8,0x00000000c6180000)
 Metaspace       used 71356K, capacity 75718K, committed 75864K, reserved 1114112K
  class space    used 9396K, capacity 10266K, committed 10328K, reserved 1048576K
Event: 4466.162 GC heap after
Heap after GC invocations=17 (full 3):
 PSYoungGen      total 316416K, used 16401K [0x00000000eab00000, 0x0000000100000000, 0x0000000100000000)
  eden space 288768K, 0% used [0x00000000eab00000,0x00000000eab00000,0x00000000fc500000)
  from space 27648K, 59% used [0x00000000fe500000,0x00000000ff5047a0,0x0000000100000000)
  to   space 30208K, 0% used [0x00000000fc500000,0x00000000fc500000,0x00000000fe280000)
 ParOldGen       total 99840K, used 71091K [0x00000000c0000000, 0x00000000c6180000, 0x00000000eab00000)
  object space 99840K, 71% used [0x00000000c0000000,0x00000000c456cdc0,0x00000000c6180000)
 Metaspace       used 71356K, capacity 75718K, committed 75864K, reserved 1114112K
  class space    used 9396K, capacity 10266K, committed 10328K, reserved 1048576K
}
Event: 7897.256 GC heap before
{Heap before GC invocations=18 (full 3):
 PSYoungGen      total 316416K, used 305169K [0x00000000eab00000, 0x0000000100000000, 0x0000000100000000)
  eden space 288768K, 100% used [0x00000000eab00000,0x00000000fc500000,0x00000000fc500000)
  from space 27648K, 59% used [0x00000000fe500000,0x00000000ff5047a0,0x0000000100000000)
  to   space 30208K, 0% used [0x00000000fc500000,0x00000000fc500000,0x00000000fe280000)
 ParOldGen       total 99840K, used 71091K [0x00000000c0000000, 0x00000000c6180000, 0x00000000eab00000)
  object space 99840K, 71% used [0x00000000c0000000,0x00000000c456cdc0,0x00000000c6180000)
 Metaspace       used 71441K, capacity 75882K, committed 76120K, reserved 1116160K
  class space    used 9405K, capacity 10276K, committed 10328K, reserved 1048576K
Event: 7897.374 GC heap after
Heap after GC invocations=18 (full 3):
 PSYoungGen      total 313856K, used 25008K [0x00000000eab00000, 0x0000000100000000, 0x0000000100000000)
  eden space 288768K, 0% used [0x00000000eab00000,0x00000000eab00000,0x00000000fc500000)
  from space 25088K, 99% used [0x00000000fc500000,0x00000000fdd6c078,0x00000000fdd80000)
  to   space 32768K, 0% used [0x00000000fe000000,0x00000000fe000000,0x0000000100000000)
 ParOldGen       total 99840K, used 76469K [0x00000000c0000000, 0x00000000c6180000, 0x00000000eab00000)
  object space 99840K, 76% used [0x00000000c0000000,0x00000000c4aad418,0x00000000c6180000)
 Metaspace       used 71441K, capacity 75882K, committed 76120K, reserved 1116160K
  class space    used 9405K, capacity 10276K, committed 10328K, reserved 1048576K
}

Deoptimization events (10 events):
Event: 7901.848 Thread 0x000000005b8ff800 Uncommon trap: reason=class_check action=maybe_recompile pc=0x0000000005057ec4 method=com.sun.tools.javac.code.Type.containsAny(Lcom/sun/tools/javac/util/List;)Z @ 6
Event: 7902.315 Thread 0x000000005b8ff800 Uncommon trap: reason=class_check action=maybe_recompile pc=0x000000000545e414 method=com.sun.tools.javac.code.Type.isCompound()Z @ 14
Event: 7902.367 Thread 0x000000005b8ff800 Uncommon trap: reason=class_check action=maybe_recompile pc=0x0000000005462654 method=com.sun.tools.javac.code.Type$ClassType.isRaw()Z @ 31
Event: 7902.466 Thread 0x000000005b8ff800 Uncommon trap: reason=class_check action=maybe_recompile pc=0x00000000053f2abc method=com.sun.tools.javac.code.Types.rank(Lcom/sun/tools/javac/code/Type;)I @ 131
Event: 7902.467 Thread 0x000000005b8ff800 Uncommon trap: reason=class_check action=maybe_recompile pc=0x00000000053f23e8 method=com.sun.tools.javac.code.Types.rank(Lcom/sun/tools/javac/code/Type;)I @ 1
Event: 7902.467 Thread 0x000000005b8ff800 Uncommon trap: reason=class_check action=maybe_recompile pc=0x00000000053f23e8 method=com.sun.tools.javac.code.Types.rank(Lcom/sun/tools/javac/code/Type;)I @ 1
Event: 7902.467 Thread 0x000000005b8ff800 Uncommon trap: reason=class_check action=maybe_recompile pc=0x000000000550e490 method=com.sun.tools.javac.code.Types$14.visitClassType(Lcom/sun/tools/javac/code/Type$ClassType;Lcom/sun/tools/javac/code/Symbol;)Lcom/sun/tools/javac/code/Type; @ 82
Event: 7902.467 Thread 0x000000005b8ff800 Uncommon trap: reason=class_check action=maybe_recompile pc=0x000000000550e490 method=com.sun.tools.javac.code.Types$14.visitClassType(Lcom/sun/tools/javac/code/Type$ClassType;Lcom/sun/tools/javac/code/Symbol;)Lcom/sun/tools/javac/code/Type; @ 82
Event: 7902.469 Thread 0x000000005b8ff800 Uncommon trap: reason=class_check action=maybe_recompile pc=0x000000000550e490 method=com.sun.tools.javac.code.Types$14.visitClassType(Lcom/sun/tools/javac/code/Type$ClassType;Lcom/sun/tools/javac/code/Symbol;)Lcom/sun/tools/javac/code/Type; @ 82
Event: 7902.529 Thread 0x000000005b8ff800 Uncommon trap: reason=class_check action=maybe_recompile pc=0x000000000550e490 method=com.sun.tools.javac.code.Types$14.visitClassType(Lcom/sun/tools/javac/code/Type$ClassType;Lcom/sun/tools/javac/code/Symbol;)Lcom/sun/tools/javac/code/Type; @ 82

Internal exceptions (10 events):
Event: 7896.914 Thread 0x000000005b8ff800 Exception <a 'sun/nio/fs/WindowsException'> (0x00000000fb76c490) thrown at [C:\src\android\AOSP-openjdk\external\jetbrains\jdk\hotspot\src\share\vm\prims\jni.cpp, line 709]
Event: 7896.914 Thread 0x000000005b8ff800 Exception <a 'sun/nio/fs/WindowsException'> (0x00000000fb76f030) thrown at [C:\src\android\AOSP-openjdk\external\jetbrains\jdk\hotspot\src\share\vm\prims\jni.cpp, line 709]
Event: 7896.914 Thread 0x000000005b8ff800 Exception <a 'sun/nio/fs/WindowsException'> (0x00000000fb76fc88) thrown at [C:\src\android\AOSP-openjdk\external\jetbrains\jdk\hotspot\src\share\vm\prims\jni.cpp, line 709]
Event: 7896.914 Thread 0x000000005b8ff800 Exception <a 'sun/nio/fs/WindowsException'> (0x00000000fb771918) thrown at [C:\src\android\AOSP-openjdk\external\jetbrains\jdk\hotspot\src\share\vm\prims\jni.cpp, line 709]
Event: 7896.914 Thread 0x000000005b8ff800 Exception <a 'sun/nio/fs/WindowsException'> (0x00000000fb7725b0) thrown at [C:\src\android\AOSP-openjdk\external\jetbrains\jdk\hotspot\src\share\vm\prims\jni.cpp, line 709]
Event: 7896.925 Thread 0x000000005b8ff800 Exception <a 'sun/nio/fs/WindowsException'> (0x00000000fb7759c0) thrown at [C:\src\android\AOSP-openjdk\external\jetbrains\jdk\hotspot\src\share\vm\prims\jni.cpp, line 709]
Event: 7896.925 Thread 0x000000005b8ff800 Exception <a 'sun/nio/fs/WindowsException'> (0x00000000fb7764d8) thrown at [C:\src\android\AOSP-openjdk\external\jetbrains\jdk\hotspot\src\share\vm\prims\jni.cpp, line 709]
Event: 7896.925 Thread 0x000000005b8ff800 Exception <a 'sun/nio/fs/WindowsException'> (0x00000000fb778028) thrown at [C:\src\android\AOSP-openjdk\external\jetbrains\jdk\hotspot\src\share\vm\prims\jni.cpp, line 709]
Event: 7896.925 Thread 0x000000005b8ff800 Exception <a 'sun/nio/fs/WindowsException'> (0x00000000fb778b80) thrown at [C:\src\android\AOSP-openjdk\external\jetbrains\jdk\hotspot\src\share\vm\prims\jni.cpp, line 709]
Event: 7897.517 Thread 0x000000005b8ff800 Implicit null exception at 0x0000000002ac7332 to 0x0000000002ac75fd

Events (10 events):
Event: 7902.467 Thread 0x000000005b8ff800 DEOPT PACKING pc=0x000000000550e490 sp=0x000000005de89d00
Event: 7902.467 Thread 0x000000005b8ff800 DEOPT UNPACKING pc=0x000000000283556a sp=0x000000005de89c38 mode 2
Event: 7902.469 Thread 0x000000005b8ff800 Uncommon trap: trap_request=0xffffffde fr.pc=0x000000000550e490
Event: 7902.469 Thread 0x000000005b8ff800 DEOPT PACKING pc=0x000000000550e490 sp=0x000000005de89d90
Event: 7902.469 Thread 0x000000005b8ff800 DEOPT UNPACKING pc=0x000000000283556a sp=0x000000005de89cc8 mode 2
Event: 7902.471 Executing VM operation: ForceSafepoint
Event: 7902.498 Executing VM operation: ForceSafepoint done
Event: 7902.529 Thread 0x000000005b8ff800 Uncommon trap: trap_request=0xffffffde fr.pc=0x000000000550e490
Event: 7902.529 Thread 0x000000005b8ff800 DEOPT PACKING pc=0x000000000550e490 sp=0x000000005de89fd0
Event: 7902.529 Thread 0x000000005b8ff800 DEOPT UNPACKING pc=0x000000000283556a sp=0x000000005de89f08 mode 2


Dynamic libraries:
0x000000013fe00000 - 0x000000013fe31000 	C:\Program Files\Android\Android Studio\jre\bin\java.exe
0x00000000775f0000 - 0x000000007779a000 	C:\Windows\SYSTEM32\ntdll.dll
0x000007fef2420000 - 0x000007fef2474000 	C:\Program Files (x86)\AVG\Av\avghooka.dll
0x00000000774d0000 - 0x00000000775ef000 	C:\Windows\system32\kernel32.dll
0x000007fefc0f0000 - 0x000007fefc15a000 	C:\Windows\system32\KERNELBASE.dll
0x000007fefe500000 - 0x000007fefe5db000 	C:\Windows\system32\ADVAPI32.dll
0x000007fefc3e0000 - 0x000007fefc47f000 	C:\Windows\system32\msvcrt.dll
0x000007fefe0e0000 - 0x000007fefe0ff000 	C:\Windows\SYSTEM32\sechost.dll
0x000007fefdc80000 - 0x000007fefddad000 	C:\Windows\system32\RPCRT4.dll
0x00000000773d0000 - 0x00000000774ca000 	C:\Windows\system32\USER32.dll
0x000007fefdb70000 - 0x000007fefdbd7000 	C:\Windows\system32\GDI32.dll
0x000007fefde00000 - 0x000007fefde0e000 	C:\Windows\system32\LPK.dll
0x000007fefd910000 - 0x000007fefd9da000 	C:\Windows\system32\USP10.dll
0x000007fefabe0000 - 0x000007fefadd4000 	C:\Windows\WinSxS\amd64_microsoft.windows.common-controls_6595b64144ccf1df_6.0.7601.18837_none_fa3b1e3d17594757\COMCTL32.dll
0x000007fefc480000 - 0x000007fefc4f1000 	C:\Windows\system32\SHLWAPI.dll
0x000007fefe4d0000 - 0x000007fefe4fe000 	C:\Windows\system32\IMM32.DLL
0x000007fefc890000 - 0x000007fefc999000 	C:\Windows\system32\MSCTF.dll
0x000000005e300000 - 0x000000005e3d2000 	C:\Program Files\Android\Android Studio\jre\jre\bin\msvcr100.dll
0x0000000068ad0000 - 0x0000000069304000 	C:\Program Files\Android\Android Studio\jre\jre\bin\server\jvm.dll
0x000007fef2280000 - 0x000007fef2289000 	C:\Windows\system32\WSOCK32.dll
0x000007fefddb0000 - 0x000007fefddfd000 	C:\Windows\system32\WS2_32.dll
0x000007fefc5a0000 - 0x000007fefc5a8000 	C:\Windows\system32\NSI.dll
0x000007fef9af0000 - 0x000007fef9b2b000 	C:\Windows\system32\WINMM.dll
0x000007fefb0d0000 - 0x000007fefb0dc000 	C:\Windows\system32\VERSION.dll
0x00000000777c0000 - 0x00000000777c7000 	C:\Windows\system32\PSAPI.DLL
0x000007fef22a0000 - 0x000007fef22af000 	C:\Program Files\Android\Android Studio\jre\jre\bin\verify.dll
0x000007feebce0000 - 0x000007feebd09000 	C:\Program Files\Android\Android Studio\jre\jre\bin\java.dll
0x000007fef20c0000 - 0x000007fef20d6000 	C:\Program Files\Android\Android Studio\jre\jre\bin\zip.dll
0x000007fefcb80000 - 0x000007fefd90a000 	C:\Windows\system32\SHELL32.dll
0x000007fefe240000 - 0x000007fefe443000 	C:\Windows\system32\ole32.dll
0x000007fefc000000 - 0x000007fefc00f000 	C:\Windows\system32\profapi.dll
0x000007fef20a0000 - 0x000007fef20ba000 	C:\Program Files\Android\Android Studio\jre\jre\bin\net.dll
0x000007fefb7a0000 - 0x000007fefb7f5000 	C:\Windows\system32\mswsock.dll
0x000007fefb790000 - 0x000007fefb797000 	C:\Windows\System32\wship6.dll
0x000007feebcc0000 - 0x000007feebcd1000 	C:\Program Files\Android\Android Studio\jre\jre\bin\nio.dll
0x000007fee8a90000 - 0x000007fee8aae000 	C:\Users\Venom\.gradle\native\23\windows-amd64\native-platform.dll
0x000007fefb800000 - 0x000007fefb818000 	C:\Windows\system32\CRYPTSP.dll
0x000007fefb500000 - 0x000007fefb547000 	C:\Windows\system32\rsaenh.dll
0x000007fefc0d0000 - 0x000007fefc0ee000 	C:\Windows\system32\USERENV.dll
0x000007fefbea0000 - 0x000007fefbeaf000 	C:\Windows\system32\CRYPTBASE.dll
0x000007fef9490000 - 0x000007fef94b7000 	C:\Windows\system32\IPHLPAPI.DLL
0x000007fef9480000 - 0x000007fef948b000 	C:\Windows\system32\WINNSI.DLL
0x000007fef9070000 - 0x000007fef9088000 	C:\Windows\system32\dhcpcsvc.DLL
0x000007fef8dd0000 - 0x000007fef8de1000 	C:\Windows\system32\dhcpcsvc6.DLL
0x000007fef5dc0000 - 0x000007fef5dcd000 	C:\Program Files\Android\Android Studio\jre\jre\bin\management.dll
0x000007fefbe00000 - 0x000007fefbe57000 	C:\Windows\system32\apphelp.dll
0x000007fee8ab0000 - 0x000007fee8ad4000 	C:\Program Files\Android\Android Studio\jre\jre\bin\sunec.dll
0x000007fefb1a0000 - 0x000007fefb1a7000 	C:\Windows\System32\wshtcpip.dll
0x000007fefb620000 - 0x000007fefb67b000 	C:\Windows\system32\DNSAPI.dll
0x000007fef2e20000 - 0x000007fef2e28000 	C:\Windows\system32\rasadhlp.dll
0x000007fef8d30000 - 0x000007fef8d83000 	C:\Windows\System32\fwpuclnt.dll
0x000007fee5780000 - 0x000007fee5913000 	C:\Program Files\Android\Android Studio\jre\jre\bin\awt.dll
0x000007fefe100000 - 0x000007fefe1da000 	C:\Windows\system32\OLEAUT32.dll
0x000007fefa1b0000 - 0x000007fefa1c8000 	C:\Windows\system32\DWMAPI.DLL
0x000007fef67a0000 - 0x000007fef68c5000 	C:\Windows\system32\dbghelp.dll

VM Arguments:
jvm_args: -XX:MaxPermSize=256m -XX:+HeapDumpOnOutOfMemoryError -Xmx1024m -Dfile.encoding=windows-1252 -Duser.country=US -Duser.language=en -Duser.variant 
java_command: org.gradle.launcher.daemon.bootstrap.GradleDaemon 3.3
java_class_path (initial): C:\Users\Venom\.gradle\wrapper\dists\gradle-3.3-all\55gk2rcmfc6p2dg9u9ohc3hw9\gradle-3.3\lib\gradle-launcher-3.3.jar
Launcher Type: SUN_STANDARD

Environment Variables:
PATH=C:\Program Files (x86)\NVIDIA Corporation\PhysX\Common;C:\ProgramData\Oracle\Java\javapath;C:\Windows\system32;C:\Windows;C:\Windows\System32\Wbem;C:\Windows\System32\WindowsPowerShell\v1.0\;C:\Program Files (x86)\Autodesk\Backburner\;C:\Program Files (x86)\Windows Kits\8.1\Windows Performance Toolkit\;C:\Program Files\Microsoft SQL Server\110\Tools\Binn\;C:\Program Files (x86)\Skype\Phone\;C:\Windows\system32\config\systemprofile\.dnx\bin;C:\Program Files\Microsoft DNX\Dnvm\
USERNAME=Venom
OS=Windows_NT
PROCESSOR_IDENTIFIER=Intel64 Family 6 Model 23 Stepping 10, GenuineIntel



---------------  S Y S T E M  ---------------

OS: Windows 7 , 64 bit Build 7601 (6.1.7601.23572)

CPU:total 4 (4 cores per cpu, 1 threads per core) family 6 model 23 stepping 10, cmov, cx8, fxsr, mmx, sse, sse2, sse3, ssse3, sse4.1, tsc

Memory: 4k page, physical 8387128k(2789932k free), swap 16772396k(11014928k free)

vm_info: OpenJDK 64-Bit Server VM (25.76-b03) for windows-amd64 JRE (1.8.0_76-release-b03), built on Jun 29 2016 19:09:20 by "ralucas" with MS VC++ 10.0 (VS2010)

time: Tue Mar 14 14:48:39 2017
elapsed time: 7903 seconds (0d 2h 11m 43s)

