#
# A fatal error has been detected by the Java Runtime Environment:
#
#  EXCEPTION_ACCESS_VIOLATION (0xc0000005) at pc=0xffffffffa3a55120, pid=8116, tid=0x0000000000001ca4
#
# JRE version: OpenJDK Runtime Environment (8.0_76-b03) (build 1.8.0_76-release-b03)
# Java VM: OpenJDK 64-Bit Server VM (25.76-b03 mixed mode windows-amd64 compressed oops)
# Problematic frame:
# C  0xffffffffa3a55120
#
# Failed to write core dump. Minidumps are not enabled by default on client versions of Windows
#
# If you would like to submit a bug report, please visit:
#   http://bugreport.java.com/bugreport/crash.jsp
#

---------------  T H R E A D  ---------------

Current thread (0x000000000221e000):  JavaThread "main" [_thread_in_Java, id=7332, stack(0x0000000002680000,0x0000000002780000)]

siginfo: ExceptionCode=0xc0000005, ExceptionInformation=0x0000000000000008 0xffffffffa3a55120

Registers:
RAX=0x0000000054dd8958, RBX=0x0000000054dd8958, RCX=0x00000000ece6b490, RDX=0x00000000ece6b490
RSP=0x000000000277eea8, RBP=0x000000000277ef08, RSI=0x00000000ece6b490, RDI=0x00000000000005aa
R8 =0x00000000ece6b470, R9 =0x0000000000000eb6, R10=0x000000006c381bc0, R11=0x0000000003323700
R12=0x0000000000000000, R13=0x000000000277eec0, R14=0x0000000000000000, R15=0x000000000221e000
RIP=0xffffffffa3a55120, EFLAGS=0x0000000000010202

Top of Stack: (sp=0x000000000277eea8)
0x000000000277eea8:   0000000002a57790 00000000ece6b450
0x000000000277eeb8:   0000000002a57790 00000000ece6b490
0x000000000277eec8:   000000000277eec8 0000000054d80890
0x000000000277eed8:   000000000277ef30 0000000054d87f40
0x000000000277eee8:   0000000000000000 0000000054d808e8
0x000000000277eef8:   000000000277eec0 000000000277ef28
0x000000000277ef08:   000000000277ef78 0000000002a57450
0x000000000277ef18:   0000000000000000 0000000000000000
0x000000000277ef28:   00000000ece6b470 00000000ece6b490
0x000000000277ef38:   000000000277ef38 0000000054d8133d
0x000000000277ef48:   000000000277ef90 0000000054d87f40
0x000000000277ef58:   0000000000000000 0000000054d81358
0x000000000277ef68:   000000000277ef28 000000000277efa0
0x000000000277ef78:   000000000277f280 00000000032a94b4
0x000000000277ef88:   00000000ece6b470 00000000ece6b490
0x000000000277ef98:   00000000032a94b4 000000000277efa0 

Instructions: (pc=0xffffffffa3a55120)
0xffffffffa3a55100:   
[error occurred during error reporting (printing registers, top of stack, instructions near pc), id 0xc0000005]

Register to memory mapping:

RAX={method} {0x0000000054dd8960} 'itemType' '()Lcom/android/dx/dex/file/ItemType;' in 'com/android/dx/dex/file/StringDataItem'
RBX={method} {0x0000000054dd8960} 'itemType' '()Lcom/android/dx/dex/file/ItemType;' in 'com/android/dx/dex/file/StringDataItem'
RCX=0x00000000ece6b490 is an oop
com.android.dx.dex.file.StringDataItem 
 - klass: 'com/android/dx/dex/file/StringDataItem'
RDX=0x00000000ece6b490 is an oop
com.android.dx.dex.file.StringDataItem 
 - klass: 'com/android/dx/dex/file/StringDataItem'
RSP=0x000000000277eea8 is pointing into the stack for thread: 0x000000000221e000
RBP=0x000000000277ef08 is pointing into the stack for thread: 0x000000000221e000
RSI=0x00000000ece6b490 is an oop
com.android.dx.dex.file.StringDataItem 
 - klass: 'com/android/dx/dex/file/StringDataItem'
RDI=0x00000000000005aa is an unknown value
R8 =0x00000000ece6b470 is an oop
com.android.dx.dex.file.StringDataItem 
 - klass: 'com/android/dx/dex/file/StringDataItem'
R9 =0x0000000000000eb6 is an unknown value
R10=0x000000006c381bc0 is an unknown value
R11=0x0000000003323700 is at entry_point+32 in (nmethod*)0x0000000003323590
R12=0x0000000000000000 is an unknown value
R13=0x000000000277eec0 is pointing into the stack for thread: 0x000000000221e000
R14=0x0000000000000000 is an unknown value
R15=0x000000000221e000 is a thread


Stack: [0x0000000002680000,0x0000000002780000],  sp=0x000000000277eea8,  free space=1019k
Native frames: (J=compiled Java code, j=interpreted, Vv=VM code, C=native code)
C  0xffffffffa3a55120


---------------  P R O C E S S  ---------------

Java Threads: ( => current thread )
  0x0000000056d77000 JavaThread "Service Thread" daemon [_thread_blocked, id=4424, stack(0x00000000569c0000,0x0000000056ac0000)]
  0x00000000552ef800 JavaThread "C1 CompilerThread2" daemon [_thread_blocked, id=5268, stack(0x0000000056c70000,0x0000000056d70000)]
  0x00000000552ee800 JavaThread "C2 CompilerThread1" daemon [_thread_in_native, id=7600, stack(0x0000000056b60000,0x0000000056c60000)]
  0x00000000552ea800 JavaThread "C2 CompilerThread0" daemon [_thread_in_native, id=2992, stack(0x0000000056880000,0x0000000056980000)]
  0x00000000552fd000 JavaThread "Attach Listener" daemon [_thread_blocked, id=5888, stack(0x0000000056710000,0x0000000056810000)]
  0x00000000552fb000 JavaThread "Signal Dispatcher" daemon [_thread_blocked, id=5180, stack(0x0000000056320000,0x0000000056420000)]
  0x00000000552d7000 JavaThread "Finalizer" daemon [_thread_blocked, id=7772, stack(0x0000000056530000,0x0000000056630000)]
  0x0000000055290000 JavaThread "Reference Handler" daemon [_thread_blocked, id=4924, stack(0x0000000056420000,0x0000000056520000)]
=>0x000000000221e000 JavaThread "main" [_thread_in_Java, id=7332, stack(0x0000000002680000,0x0000000002780000)]

Other Threads:
  0x0000000055288000 VMThread [stack: 0x00000000561b0000,0x00000000562b0000] [id=2136]
  0x0000000056d77800 WatcherThread [stack: 0x00000000572f0000,0x00000000573f0000] [id=7220]

VM state:not at safepoint (normal execution)

VM Mutex/Monitor currently owned by a thread: None

Heap:
 PSYoungGen      total 138240K, used 48760K [0x00000000eab00000, 0x00000000f3700000, 0x0000000100000000)
  eden space 133120K, 32% used [0x00000000eab00000,0x00000000ed5a59d8,0x00000000f2d00000)
  from space 5120K, 99% used [0x00000000f3200000,0x00000000f36f8950,0x00000000f3700000)
  to   space 5120K, 0% used [0x00000000f2d00000,0x00000000f2d00000,0x00000000f3200000)
 ParOldGen       total 87552K, used 23777K [0x00000000c0000000, 0x00000000c5580000, 0x00000000eab00000)
  object space 87552K, 27% used [0x00000000c0000000,0x00000000c1738478,0x00000000c5580000)
 Metaspace       used 6482K, capacity 7344K, committed 7552K, reserved 1056768K
  class space    used 600K, capacity 616K, committed 640K, reserved 1048576K

Card table byte_map: [0x0000000011e10000,0x0000000012020000] byte_map_base: 0x0000000011810000

Marking Bits: (ParMarkBitMap*) 0x000000006c399d00
 Begin Bits: [0x0000000012700000, 0x0000000013700000)
 End Bits:   [0x0000000013700000, 0x0000000014700000)

Polling page: 0x0000000000160000

CodeCache: size=245760Kb used=9155Kb max_used=9155Kb free=236604Kb
 bounds [0x0000000002a50000, 0x0000000003350000, 0x0000000011a50000]
 total_blobs=2459 nmethods=2197 adapters=176
 compilation: enabled

Compilation events (10 events):
Event: 11.915 Thread 0x00000000552ef800 nmethod 2296 0x0000000003323c10 code [0x0000000003323da0, 0x0000000003324098]
Event: 11.917 Thread 0x00000000552ef800 2297       2       com.android.dx.dex.file.AnnotationsDirectoryItem::listSize (11 bytes)
Event: 11.918 Thread 0x00000000552ef800 nmethod 2297 0x000000000331f550 code [0x000000000331f6a0, 0x000000000331f7f0]
Event: 11.918 Thread 0x00000000552ef800 2298       2       com.android.dx.dex.file.OffsettedItem::place0 (1 bytes)
Event: 11.918 Thread 0x00000000552ef800 nmethod 2298 0x00000000033238d0 code [0x0000000003323a20, 0x0000000003323b70]
Event: 11.918 Thread 0x00000000552ef800 2299       2       com.android.dx.dex.file.StringDataItem::itemType (4 bytes)
Event: 11.918 Thread 0x00000000552ef800 nmethod 2299 0x0000000003323590 code [0x00000000033236e0, 0x0000000003323830]
Event: 11.920 Thread 0x00000000552ef800 2303       1       com.android.dx.dex.file.StringDataItem::itemType (4 bytes)
Event: 11.920 Thread 0x00000000552ef800 nmethod 2303 0x00000000033232d0 code [0x0000000003323420, 0x0000000003323530]
Event: 11.920 Thread 0x00000000552ef800 2301       2       com.android.dx.dex.file.OffsettedItem::compareTo (9 bytes)

GC Heap History (8 events):
Event: 3.534 GC heap before
{Heap before GC invocations=1 (full 0):
 PSYoungGen      total 38400K, used 33280K [0x00000000eab00000, 0x00000000ed580000, 0x0000000100000000)
  eden space 33280K, 100% used [0x00000000eab00000,0x00000000ecb80000,0x00000000ecb80000)
  from space 5120K, 0% used [0x00000000ed080000,0x00000000ed080000,0x00000000ed580000)
  to   space 5120K, 0% used [0x00000000ecb80000,0x00000000ecb80000,0x00000000ed080000)
 ParOldGen       total 87552K, used 0K [0x00000000c0000000, 0x00000000c5580000, 0x00000000eab00000)
  object space 87552K, 0% used [0x00000000c0000000,0x00000000c0000000,0x00000000c5580000)
 Metaspace       used 5816K, capacity 6960K, committed 7040K, reserved 1056768K
  class space    used 560K, capacity 616K, committed 640K, reserved 1048576K
Event: 3.915 GC heap after
Heap after GC invocations=1 (full 0):
 PSYoungGen      total 38400K, used 5114K [0x00000000eab00000, 0x00000000ef600000, 0x0000000100000000)
  eden space 33280K, 0% used [0x00000000eab00000,0x00000000eab00000,0x00000000ecb80000)
  from space 5120K, 99% used [0x00000000ecb80000,0x00000000ed07eaa8,0x00000000ed080000)
  to   space 5120K, 0% used [0x00000000ef100000,0x00000000ef100000,0x00000000ef600000)
 ParOldGen       total 87552K, used 984K [0x00000000c0000000, 0x00000000c5580000, 0x00000000eab00000)
  object space 87552K, 1% used [0x00000000c0000000,0x00000000c00f6330,0x00000000c5580000)
 Metaspace       used 5816K, capacity 6960K, committed 7040K, reserved 1056768K
  class space    used 560K, capacity 616K, committed 640K, reserved 1048576K
}
Event: 6.633 GC heap before
{Heap before GC invocations=2 (full 0):
 PSYoungGen      total 38400K, used 38394K [0x00000000eab00000, 0x00000000ef600000, 0x0000000100000000)
  eden space 33280K, 100% used [0x00000000eab00000,0x00000000ecb80000,0x00000000ecb80000)
  from space 5120K, 99% used [0x00000000ecb80000,0x00000000ed07eaa8,0x00000000ed080000)
  to   space 5120K, 0% used [0x00000000ef100000,0x00000000ef100000,0x00000000ef600000)
 ParOldGen       total 87552K, used 984K [0x00000000c0000000, 0x00000000c5580000, 0x00000000eab00000)
  object space 87552K, 1% used [0x00000000c0000000,0x00000000c00f6330,0x00000000c5580000)
 Metaspace       used 5936K, capacity 7024K, committed 7296K, reserved 1056768K
  class space    used 564K, capacity 616K, committed 640K, reserved 1048576K
Event: 6.705 GC heap after
Heap after GC invocations=2 (full 0):
 PSYoungGen      total 71680K, used 5090K [0x00000000eab00000, 0x00000000ef600000, 0x0000000100000000)
  eden space 66560K, 0% used [0x00000000eab00000,0x00000000eab00000,0x00000000eec00000)
  from space 5120K, 99% used [0x00000000ef100000,0x00000000ef5f8ae0,0x00000000ef600000)
  to   space 5120K, 0% used [0x00000000eec00000,0x00000000eec00000,0x00000000ef100000)
 ParOldGen       total 87552K, used 4637K [0x00000000c0000000, 0x00000000c5580000, 0x00000000eab00000)
  object space 87552K, 5% used [0x00000000c0000000,0x00000000c0487440,0x00000000c5580000)
 Metaspace       used 5936K, capacity 7024K, committed 7296K, reserved 1056768K
  class space    used 564K, capacity 616K, committed 640K, reserved 1048576K
}
Event: 8.997 GC heap before
{Heap before GC invocations=3 (full 0):
 PSYoungGen      total 71680K, used 71650K [0x00000000eab00000, 0x00000000ef600000, 0x0000000100000000)
  eden space 66560K, 100% used [0x00000000eab00000,0x00000000eec00000,0x00000000eec00000)
  from space 5120K, 99% used [0x00000000ef100000,0x00000000ef5f8ae0,0x00000000ef600000)
  to   space 5120K, 0% used [0x00000000eec00000,0x00000000eec00000,0x00000000ef100000)
 ParOldGen       total 87552K, used 4637K [0x00000000c0000000, 0x00000000c5580000, 0x00000000eab00000)
  object space 87552K, 5% used [0x00000000c0000000,0x00000000c0487440,0x00000000c5580000)
 Metaspace       used 6134K, capacity 7088K, committed 7296K, reserved 1056768K
  class space    used 583K, capacity 616K, committed 640K, reserved 1048576K
Event: 9.180 GC heap after
Heap after GC invocations=3 (full 0):
 PSYoungGen      total 71680K, used 5115K [0x00000000eab00000, 0x00000000f3700000, 0x0000000100000000)
  eden space 66560K, 0% used [0x00000000eab00000,0x00000000eab00000,0x00000000eec00000)
  from space 5120K, 99% used [0x00000000eec00000,0x00000000ef0fef88,0x00000000ef100000)
  to   space 5120K, 0% used [0x00000000f3200000,0x00000000f3200000,0x00000000f3700000)
 ParOldGen       total 87552K, used 14351K [0x00000000c0000000, 0x00000000c5580000, 0x00000000eab00000)
  object space 87552K, 16% used [0x00000000c0000000,0x00000000c0e03d50,0x00000000c5580000)
 Metaspace       used 6134K, capacity 7088K, committed 7296K, reserved 1056768K
  class space    used 583K, capacity 616K, committed 640K, reserved 1048576K
}
Event: 10.688 GC heap before
{Heap before GC invocations=4 (full 0):
 PSYoungGen      total 71680K, used 71675K [0x00000000eab00000, 0x00000000f3700000, 0x0000000100000000)
  eden space 66560K, 100% used [0x00000000eab00000,0x00000000eec00000,0x00000000eec00000)
  from space 5120K, 99% used [0x00000000eec00000,0x00000000ef0fef88,0x00000000ef100000)
  to   space 5120K, 0% used [0x00000000f3200000,0x00000000f3200000,0x00000000f3700000)
 ParOldGen       total 87552K, used 14351K [0x00000000c0000000, 0x00000000c5580000, 0x00000000eab00000)
  object space 87552K, 16% used [0x00000000c0000000,0x00000000c0e03d50,0x00000000c5580000)
 Metaspace       used 6164K, capacity 7152K, committed 7296K, reserved 1056768K
  class space    used 583K, capacity 616K, committed 640K, reserved 1048576K
Event: 10.792 GC heap after
Heap after GC invocations=4 (full 0):
 PSYoungGen      total 138240K, used 5090K [0x00000000eab00000, 0x00000000f3700000, 0x0000000100000000)
  eden space 133120K, 0% used [0x00000000eab00000,0x00000000eab00000,0x00000000f2d00000)
  from space 5120K, 99% used [0x00000000f3200000,0x00000000f36f8950,0x00000000f3700000)
  to   space 5120K, 0% used [0x00000000f2d00000,0x00000000f2d00000,0x00000000f3200000)
 ParOldGen       total 87552K, used 23777K [0x00000000c0000000, 0x00000000c5580000, 0x00000000eab00000)
  object space 87552K, 27% used [0x00000000c0000000,0x00000000c1738478,0x00000000c5580000)
 Metaspace       used 6164K, capacity 7152K, committed 7296K, reserved 1056768K
  class space    used 583K, capacity 616K, committed 640K, reserved 1048576K
}

Deoptimization events (10 events):
Event: 11.203 Thread 0x000000000221e000 Uncommon trap: reason=class_check action=maybe_recompile pc=0x000000000304cf44 method=java.util.Arrays.hashCode([Ljava/lang/Object;)I @ 43
Event: 11.204 Thread 0x000000000221e000 Uncommon trap: reason=class_check action=maybe_recompile pc=0x000000000304cf44 method=java.util.Arrays.hashCode([Ljava/lang/Object;)I @ 43
Event: 11.204 Thread 0x000000000221e000 Uncommon trap: reason=class_check action=maybe_recompile pc=0x0000000002f1336c method=java.util.Arrays.hashCode([Ljava/lang/Object;)I @ 43
Event: 11.655 Thread 0x000000000221e000 Uncommon trap: reason=speculate_class_check action=maybe_recompile pc=0x0000000002df1254 method=com.android.dx.util.FixedSizeList.equals(Ljava/lang/Object;)Z @ 25
Event: 11.655 Thread 0x000000000221e000 Uncommon trap: reason=unstable_if action=reinterpret pc=0x0000000002df2dc8 method=java.util.Arrays.equals([Ljava/lang/Object;[Ljava/lang/Object;)Z @ 23
Event: 11.656 Thread 0x000000000221e000 Uncommon trap: reason=speculate_class_check action=maybe_recompile pc=0x0000000002df1254 method=com.android.dx.util.FixedSizeList.equals(Ljava/lang/Object;)Z @ 25
Event: 11.656 Thread 0x000000000221e000 Uncommon trap: reason=speculate_class_check action=maybe_recompile pc=0x0000000002df1254 method=com.android.dx.util.FixedSizeList.equals(Ljava/lang/Object;)Z @ 25
Event: 11.656 Thread 0x000000000221e000 Uncommon trap: reason=speculate_class_check action=maybe_recompile pc=0x0000000002df1254 method=com.android.dx.util.FixedSizeList.equals(Ljava/lang/Object;)Z @ 25
Event: 11.657 Thread 0x000000000221e000 Uncommon trap: reason=unstable_if action=reinterpret pc=0x00000000032960ec method=java.util.TreeMap.put(Ljava/lang/Object;Ljava/lang/Object;)Ljava/lang/Object; @ 163
Event: 11.881 Thread 0x000000000221e000 Uncommon trap: reason=unstable_if action=reinterpret pc=0x00000000033213a8 method=com.android.dx.rop.code.RegisterSpec.equalsUsingSimpleType(Lcom/android/dx/rop/code/RegisterSpec;)Z @ 5

Internal exceptions (6 events):
Event: 0.559 Thread 0x000000000221e000 Exception <a 'java/lang/NoSuchMethodError': Method sun.misc.Unsafe.defineClass(Ljava/lang/String;[BII)Ljava/lang/Class; name or signature does not match> (0x00000000eab07cc0) thrown at [C:\src\android\AOSP-openjdk\external\jetbrains\jdk\hotspot\src\share\v0·Áoåá?
Event: 0.559 Thread 0x000000000221e000 Exception <a 'java/lang/NoSuchMethodError': Method sun.misc.Unsafe.prefetchRead(Ljava/lang/Object;J)V name or signature does not match> (0x00000000eab07fa8) thrown at [C:\src\android\AOSP-openjdk\external\jetbrains\jdk\hotspot\src\share\vm\prims\jni.cpp, l‚~q»Â@
Event: 6.940 Thread 0x0000000056fa7800 Exception <a 'java/lang/ArrayIndexOutOfBoundsException': 18> (0x00000000eadb3070) thrown at [C:\src\android\AOSP-openjdk\external\jetbrains\jdk\hotspot\src\share\vm\interpreter\interpreterRuntime.cpp, line 366]
Event: 6.941 Thread 0x0000000056fa7800 Exception <a 'java/lang/ArrayIndexOutOfBoundsException': 145> (0x00000000eadb4bf0) thrown at [C:\src\android\AOSP-openjdk\external\jetbrains\jdk\hotspot\src\share\vm\interpreter\interpreterRuntime.cpp, line 366]
Event: 6.942 Thread 0x0000000056fa7800 Exception <a 'java/lang/ArrayIndexOutOfBoundsException'> (0x00000000eadb5ed8) thrown at [C:\src\android\AOSP-openjdk\external\jetbrains\jdk\hotspot\src\share\vm\runtime\sharedRuntime.cpp, line 605]
Event: 8.457 Thread 0x0000000056f60000 Implicit null exception at 0x00000000030f954f to 0x00000000030fbf29

Events (10 events):
Event: 11.754 Thread 0x000000000221e000 DEOPT UNPACKING pc=0x0000000002a971bf sp=0x000000000277eb50 mode 0
Event: 11.763 Thread 0x000000000221e000 DEOPT PACKING pc=0x00000000032d40e9 sp=0x000000000277ef20
Event: 11.763 Thread 0x000000000221e000 DEOPT UNPACKING pc=0x0000000002a971bf sp=0x000000000277ece8 mode 0
Event: 11.768 Thread 0x000000000221e000 DEOPT PACKING pc=0x00000000032cff71 sp=0x000000000277ef20
Event: 11.768 Thread 0x000000000221e000 DEOPT UNPACKING pc=0x0000000002a971bf sp=0x000000000277eca8 mode 0
Event: 11.881 Thread 0x000000000221e000 Uncommon trap: trap_request=0xffffff65 fr.pc=0x00000000033213a8
Event: 11.881 Thread 0x000000000221e000 DEOPT PACKING pc=0x00000000033213a8 sp=0x000000000277ef50
Event: 11.881 Thread 0x000000000221e000 DEOPT UNPACKING pc=0x0000000002a9556a sp=0x000000000277ee30 mode 2
Event: 11.905 Thread 0x000000000221e000 DEOPT PACKING pc=0x00000000032d5cb9 sp=0x000000000277eef0
Event: 11.905 Thread 0x000000000221e000 DEOPT UNPACKING pc=0x0000000002a971bf sp=0x000000000277ecf8 mode 0


Dynamic libraries:
0x000000013f330000 - 0x000000013f361000 	C:\Program Files\Android\Android Studio\jre\bin\java.exe
0x0000000077350000 - 0x00000000774fa000 	C:\Windows\SYSTEM32\ntdll.dll
0x000007fef3320000 - 0x000007fef3374000 	C:\Program Files (x86)\AVG\Av\avghooka.dll
0x0000000077130000 - 0x000000007724f000 	C:\Windows\system32\kernel32.dll
0x000007fefbdd0000 - 0x000007fefbe3a000 	C:\Windows\system32\KERNELBASE.dll
0x000007fefcc10000 - 0x000007fefcceb000 	C:\Windows\system32\ADVAPI32.dll
0x000007fefca30000 - 0x000007fefcacf000 	C:\Windows\system32\msvcrt.dll
0x000007fefc220000 - 0x000007fefc23f000 	C:\Windows\SYSTEM32\sechost.dll
0x000007fefcd90000 - 0x000007fefcebd000 	C:\Windows\system32\RPCRT4.dll
0x0000000077250000 - 0x000000007734a000 	C:\Windows\system32\USER32.dll
0x000007fefc9c0000 - 0x000007fefca27000 	C:\Windows\system32\GDI32.dll
0x000007fefcec0000 - 0x000007fefcece000 	C:\Windows\system32\LPK.dll
0x000007fefe090000 - 0x000007fefe15a000 	C:\Windows\system32\USP10.dll
0x000007fefa7a0000 - 0x000007fefa994000 	C:\Windows\WinSxS\amd64_microsoft.windows.common-controls_6595b64144ccf1df_6.0.7601.18837_none_fa3b1e3d17594757\COMCTL32.dll
0x000007fefced0000 - 0x000007fefcf41000 	C:\Windows\system32\SHLWAPI.dll
0x000007fefcbe0000 - 0x000007fefcc0e000 	C:\Windows\system32\IMM32.DLL
0x000007fefcad0000 - 0x000007fefcbd9000 	C:\Windows\system32\MSCTF.dll
0x000000006d150000 - 0x000000006d222000 	C:\Program Files\Android\Android Studio\jre\jre\bin\msvcr100.dll
0x000000006bbe0000 - 0x000000006c414000 	C:\Program Files\Android\Android Studio\jre\jre\bin\server\jvm.dll
0x000007fee9230000 - 0x000007fee9239000 	C:\Windows\system32\WSOCK32.dll
0x000007fefc970000 - 0x000007fefc9bd000 	C:\Windows\system32\WS2_32.dll
0x000007fefcf50000 - 0x000007fefcf58000 	C:\Windows\system32\NSI.dll
0x000007fef9ad0000 - 0x000007fef9b0b000 	C:\Windows\system32\WINMM.dll
0x000007fefae30000 - 0x000007fefae3c000 	C:\Windows\system32\VERSION.dll
0x0000000077510000 - 0x0000000077517000 	C:\Windows\system32\PSAPI.DLL
0x000007fef9f90000 - 0x000007fef9f9f000 	C:\Program Files\Android\Android Studio\jre\jre\bin\verify.dll
0x000007fef96b0000 - 0x000007fef96d9000 	C:\Program Files\Android\Android Studio\jre\jre\bin\java.dll
0x000007fef96f0000 - 0x000007fef9706000 	C:\Program Files\Android\Android Studio\jre\jre\bin\zip.dll
0x000007fefcf60000 - 0x000007fefdcea000 	C:\Windows\system32\SHELL32.dll
0x000007fefde80000 - 0x000007fefe083000 	C:\Windows\system32\ole32.dll
0x000007fefbd70000 - 0x000007fefbd7f000 	C:\Windows\system32\profapi.dll
0x000007fef6400000 - 0x000007fef6525000 	C:\Windows\system32\dbghelp.dll

VM Arguments:
jvm_args: -Djava.awt.headless=true -Xmx1024M -Dfile.encoding=windows-1252 -Duser.country=US -Duser.language=en -Duser.variant 
java_command: com.android.dx.command.Main --dex --force-jumbo --num-threads=4 --output C:\tmp\T03.01-Exercise-RecyclerViewLayout\app\intermediates\pre-dexed\debug\com.android.support-recyclerview-v7-25.1.0_819957d52b3a6e25428f561324d7e8f6c5f932f2.jar C:\tmp\T03.01-Exercise-RecyclerViewLayout\app\intermediates\exploded-aar\com.android.support\recyclerview-v7\25.1.0\jars\classes.jar
java_class_path (initial): C:\Users\Venom\AppData\Local\Android\sdk\build-tools\25.0.2\lib\dx.jar
Launcher Type: SUN_STANDARD

Environment Variables:
PATH=C:\Program Files (x86)\NVIDIA Corporation\PhysX\Common;C:\ProgramData\Oracle\Java\javapath;C:\Windows\system32;C:\Windows;C:\Windows\System32\Wbem;C:\Windows\System32\WindowsPowerShell\v1.0\;C:\Program Files (x86)\Autodesk\Backburner\;C:\Program Files (x86)\Windows Kits\8.1\Windows Performance Toolkit\;C:\Program Files\Microsoft SQL Server\110\Tools\Binn\;C:\Program Files (x86)\Skype\Phone\;C:\Windows\system32\config\systemprofile\.dnx\bin;C:\Program Files\Microsoft DNX\Dnvm\
USERNAME=Venom
OS=Windows_NT
PROCESSOR_IDENTIFIER=Intel64 Family 6 Model 23 Stepping 10, GenuineIntel



---------------  S Y S T E M  ---------------

OS: Windows 7 , 64 bit Build 7601 (6.1.7601.23572)

CPU:total 4 (4 cores per cpu, 1 threads per core) family 6 model 23 stepping 10, cmov, cx8, fxsr, mmx, sse, sse2, sse3, ssse3, sse4.1, tsc

Memory: 4k page, physical 8387128k(2729148k free), swap 16772396k(10136812k free)

vm_info: OpenJDK 64-Bit Server VM (25.76-b03) for windows-amd64 JRE (1.8.0_76-release-b03), built on Jun 29 2016 19:09:20 by "ralucas" with MS VC++ 10.0 (VS2010)

time: Sun Feb 19 16:44:15 2017
elapsed time: 11 seconds (0d 0h 0m 11s)

