#
# A fatal error has been detected by the Java Runtime Environment:
#
#  EXCEPTION_ACCESS_VIOLATION (0xc0000005) at pc=0xffffffffa37c5120, pid=1496, tid=0x0000000000001b34
#
# JRE version: OpenJDK Runtime Environment (8.0_76-b03) (build 1.8.0_76-release-b03)
# Java VM: OpenJDK 64-Bit Server VM (25.76-b03 mixed mode windows-amd64 compressed oops)
# Problematic frame:
# C  0xffffffffa37c5120
#
# Failed to write core dump. Minidumps are not enabled by default on client versions of Windows
#
# If you would like to submit a bug report, please visit:
#   http://bugreport.java.com/bugreport/crash.jsp
#

---------------  T H R E A D  ---------------

Current thread (0x0000000056dd5800):  JavaThread "pool-1-thread-4" [_thread_in_Java, id=6964, stack(0x0000000057680000,0x0000000057780000)]

siginfo: ExceptionCode=0xc0000005, ExceptionInformation=0x0000000000000008 0xffffffffa37c5120

Registers:
RAX=0x00000000145e3218, RBX=0x0000000054999f98, RCX=0x0000000000000005, RDX=0x00000000f3265780
RSP=0x000000005777ea18, RBP=0x00000000eacdb460, RSI=0x0000000000000004, RDI=0x0000000000000004
R8 =0x00000000f3265780, R9 =0x0000000000000000, R10=0x00000000145e3668, R11=0x0000000000000250
R12=0x0000000000000000, R13=0x00000000eacdb460, R14=0x0000000054b6ddf8, R15=0x0000000056dd5800
RIP=0xffffffffa37c5120, EFLAGS=0x0000000000010246

Top of Stack: (sp=0x000000005777ea18)
0x000000005777ea18:   0000000002e05c98 00000000f3265780
0x000000005777ea28:   00000000f32c8cb8 00000000eaccb008
0x000000005777ea38:   00000000eacdb130 00000000eacdb460
0x000000005777ea48:   00000000eacc61d8 000000005777f288
0x000000005777ea58:   0000000003038d24 ffffffffffffffff
0x000000005777ea68:   0000000054a3aa18 00000000eaccb170
0x000000005777ea78:   00000000f3200000 00000000eacc0928
0x000000005777ea88:   00000000eacca390 0000000000000003
0x000000005777ea98:   00000000c0523588 00000000c0523588
0x000000005777eaa8:   00000000eacc02b0 000000005777f288
0x000000005777eab8:   0000000002dcc64c 0000000056dd5800
0x000000005777eac8:   0000000062c22397 0000000054f587da
0x000000005777ead8:   0000000056dd5800 000000005777eea0
0x000000005777eae8:   0000000062c433bf 00000000c1359e58
0x000000005777eaf8:   0000000056dd5800 00000000145f1230
0x000000005777eb08:   0000000000000000 00000000eacc8ec8 

Instructions: (pc=0xffffffffa37c5120)
0xffffffffa37c5100:   
[error occurred during error reporting (printing registers, top of stack, instructions near pc), id 0xc0000005]

Register to memory mapping:

RAX=0x00000000145e3218 is pointing into metadata
RBX={method} {0x0000000054999fa0} 'getType' '()Lcom/android/dx/rop/type/Type;' in 'com/android/dx/rop/cst/CstType'
RCX=0x0000000000000005 is an unknown value
RDX=0x00000000f3265780 is an oop
com.android.dx.rop.cst.CstType 
 - klass: 'com/android/dx/rop/cst/CstType'
RSP=0x000000005777ea18 is pointing into the stack for thread: 0x0000000056dd5800
RBP=0x00000000eacdb460 is an oop
com.android.dx.cf.code.ExecutionStack 
 - klass: 'com/android/dx/cf/code/ExecutionStack'
RSI=0x0000000000000004 is an unknown value
RDI=0x0000000000000004 is an unknown value
R8 =0x00000000f3265780 is an oop
com.android.dx.rop.cst.CstType 
 - klass: 'com/android/dx/rop/cst/CstType'
R9 =0x0000000000000000 is an unknown value
R10=0x00000000145e3668 is pointing into metadata
R11=0x0000000000000250 is an unknown value
R12=0x0000000000000000 is an unknown value
R13=0x00000000eacdb460 is an oop
com.android.dx.cf.code.ExecutionStack 
 - klass: 'com/android/dx/cf/code/ExecutionStack'
R14=0x0000000054b6ddf8 is pointing into metadata
R15=0x0000000056dd5800 is a thread


Stack: [0x0000000057680000,0x0000000057780000],  sp=0x000000005777ea18,  free space=1018k
Native frames: (J=compiled Java code, j=interpreted, Vv=VM code, C=native code)
C  0xffffffffa37c5120


---------------  P R O C E S S  ---------------

Java Threads: ( => current thread )
=>0x0000000056dd5800 JavaThread "pool-1-thread-4" [_thread_in_Java, id=6964, stack(0x0000000057680000,0x0000000057780000)]
  0x0000000056dd3000 JavaThread "pool-1-thread-3" [_thread_blocked, id=5036, stack(0x0000000056f70000,0x0000000057070000)]
  0x0000000056dcf000 JavaThread "pool-1-thread-2" [_thread_blocked, id=6176, stack(0x0000000056760000,0x0000000056860000)]
  0x0000000056dcc000 JavaThread "pool-2-thread-1" [_thread_blocked, id=7872, stack(0x0000000057490000,0x0000000057590000)]
  0x0000000056ef4000 JavaThread "pool-1-thread-1" [_thread_blocked, id=6396, stack(0x00000000572c0000,0x00000000573c0000)]
  0x0000000056b8a800 JavaThread "Service Thread" daemon [_thread_blocked, id=6196, stack(0x0000000057070000,0x0000000057170000)]
  0x0000000054f79800 JavaThread "C1 CompilerThread2" daemon [_thread_in_native, id=7332, stack(0x0000000056a20000,0x0000000056b20000)]
  0x0000000054f78800 JavaThread "C2 CompilerThread1" daemon [_thread_in_native, id=3960, stack(0x0000000056870000,0x0000000056970000)]
  0x0000000054f74000 JavaThread "C2 CompilerThread0" daemon [_thread_in_native, id=8028, stack(0x0000000056620000,0x0000000056720000)]
  0x0000000054f71000 JavaThread "Attach Listener" daemon [_thread_blocked, id=5248, stack(0x0000000056520000,0x0000000056620000)]
  0x0000000054f6f000 JavaThread "Signal Dispatcher" daemon [_thread_blocked, id=7184, stack(0x00000000563b0000,0x00000000564b0000)]
  0x0000000054f51000 JavaThread "Finalizer" daemon [_thread_blocked, id=4280, stack(0x0000000056260000,0x0000000056360000)]
  0x0000000054f10000 JavaThread "Reference Handler" daemon [_thread_blocked, id=6180, stack(0x0000000056160000,0x0000000056260000)]
  0x000000000212e000 JavaThread "main" [_thread_blocked, id=4328, stack(0x00000000023f0000,0x00000000024f0000)]

Other Threads:
  0x0000000054f08000 VMThread [stack: 0x0000000055f70000,0x0000000056070000] [id=5252]
  0x0000000056b8b000 WatcherThread [stack: 0x00000000571b0000,0x00000000572b0000] [id=4008]

VM state:not at safepoint (normal execution)

VM Mutex/Monitor currently owned by a thread: None

Heap:
 PSYoungGen      total 138240K, used 44961K [0x00000000eab00000, 0x00000000f3700000, 0x0000000100000000)
  eden space 133120K, 29% used [0x00000000eab00000,0x00000000ed1e9c68,0x00000000f2d00000)
  from space 5120K, 99% used [0x00000000f3200000,0x00000000f36feaf8,0x00000000f3700000)
  to   space 5120K, 0% used [0x00000000f2d00000,0x00000000f2d00000,0x00000000f3200000)
 ParOldGen       total 87552K, used 24689K [0x00000000c0000000, 0x00000000c5580000, 0x00000000eab00000)
  object space 87552K, 28% used [0x00000000c0000000,0x00000000c181c548,0x00000000c5580000)
 Metaspace       used 6243K, capacity 7152K, committed 7296K, reserved 1056768K
  class space    used 584K, capacity 616K, committed 640K, reserved 1048576K

Card table byte_map: [0x0000000011b80000,0x0000000011d90000] byte_map_base: 0x0000000011580000

Marking Bits: (ParMarkBitMap*) 0x00000000631e9d00
 Begin Bits: [0x0000000012380000, 0x0000000013380000)
 End Bits:   [0x0000000013380000, 0x0000000014380000)

Polling page: 0x0000000000260000

CodeCache: size=245760Kb used=9525Kb max_used=9565Kb free=236234Kb
 bounds [0x00000000027c0000, 0x0000000003130000, 0x00000000117c0000]
 total_blobs=2178 nmethods=1916 adapters=176
 compilation: enabled

Compilation events (10 events):
Event: 19.881 Thread 0x0000000054f79800 1932       3       java.util.HashMap::getNode (148 bytes)
Event: 19.883 Thread 0x0000000054f79800 nmethod 1932 0x000000000290e450 code [0x000000000290e640, 0x000000000290f288]
Event: 19.885 Thread 0x0000000054f79800 1933   !   3       com.android.dx.rop.code.RegisterSpec::intern (70 bytes)
Event: 19.886 Thread 0x0000000054f79800 nmethod 1933 0x0000000002910ad0 code [0x0000000002910d00, 0x00000000029119a8]
Event: 19.888 Thread 0x0000000054f79800 1934       3       com.android.dx.ssa.SCCP::simulateStmt (481 bytes)
Event: 19.891 Thread 0x0000000054f79800 nmethod 1934 0x00000000030d35d0 code [0x00000000030d3900, 0x00000000030d57f8]
Event: 19.895 Thread 0x0000000054f79800 1937       3       java.util.Vector::grow (57 bytes)
Event: 19.896 Thread 0x0000000054f79800 nmethod 1937 0x00000000028d0310 code [0x00000000028d04a0, 0x00000000028d09d8]
Event: 19.920 Thread 0x0000000054f79800 1942       1       com.android.dx.rop.cst.CstType::getType (4 bytes)
Event: 19.920 Thread 0x0000000054f79800 nmethod 1942 0x000000000290e190 code [0x000000000290e2e0, 0x000000000290e3f0]

GC Heap History (8 events):
Event: 5.207 GC heap before
{Heap before GC invocations=1 (full 0):
 PSYoungGen      total 38400K, used 33280K [0x00000000eab00000, 0x00000000ed580000, 0x0000000100000000)
  eden space 33280K, 100% used [0x00000000eab00000,0x00000000ecb80000,0x00000000ecb80000)
  from space 5120K, 0% used [0x00000000ed080000,0x00000000ed080000,0x00000000ed580000)
  to   space 5120K, 0% used [0x00000000ecb80000,0x00000000ecb80000,0x00000000ed080000)
 ParOldGen       total 87552K, used 0K [0x00000000c0000000, 0x00000000c5580000, 0x00000000eab00000)
  object space 87552K, 0% used [0x00000000c0000000,0x00000000c0000000,0x00000000c5580000)
 Metaspace       used 5845K, capacity 6960K, committed 7040K, reserved 1056768K
  class space    used 564K, capacity 616K, committed 640K, reserved 1048576K
Event: 6.009 GC heap after
Heap after GC invocations=1 (full 0):
 PSYoungGen      total 38400K, used 5109K [0x00000000eab00000, 0x00000000ef600000, 0x0000000100000000)
  eden space 33280K, 0% used [0x00000000eab00000,0x00000000eab00000,0x00000000ecb80000)
  from space 5120K, 99% used [0x00000000ecb80000,0x00000000ed07d630,0x00000000ed080000)
  to   space 5120K, 0% used [0x00000000ef100000,0x00000000ef100000,0x00000000ef600000)
 ParOldGen       total 87552K, used 623K [0x00000000c0000000, 0x00000000c5580000, 0x00000000eab00000)
  object space 87552K, 0% used [0x00000000c0000000,0x00000000c009bd78,0x00000000c5580000)
 Metaspace       used 5845K, capacity 6960K, committed 7040K, reserved 1056768K
  class space    used 564K, capacity 616K, committed 640K, reserved 1048576K
}
Event: 10.561 GC heap before
{Heap before GC invocations=2 (full 0):
 PSYoungGen      total 38400K, used 38389K [0x00000000eab00000, 0x00000000ef600000, 0x0000000100000000)
  eden space 33280K, 100% used [0x00000000eab00000,0x00000000ecb80000,0x00000000ecb80000)
  from space 5120K, 99% used [0x00000000ecb80000,0x00000000ed07d630,0x00000000ed080000)
  to   space 5120K, 0% used [0x00000000ef100000,0x00000000ef100000,0x00000000ef600000)
 ParOldGen       total 87552K, used 623K [0x00000000c0000000, 0x00000000c5580000, 0x00000000eab00000)
  object space 87552K, 0% used [0x00000000c0000000,0x00000000c009bd78,0x00000000c5580000)
 Metaspace       used 5976K, capacity 7024K, committed 7296K, reserved 1056768K
  class space    used 565K, capacity 616K, committed 640K, reserved 1048576K
Event: 11.168 GC heap after
Heap after GC invocations=2 (full 0):
 PSYoungGen      total 71680K, used 5094K [0x00000000eab00000, 0x00000000ef600000, 0x0000000100000000)
  eden space 66560K, 0% used [0x00000000eab00000,0x00000000eab00000,0x00000000eec00000)
  from space 5120K, 99% used [0x00000000ef100000,0x00000000ef5f9b78,0x00000000ef600000)
  to   space 5120K, 0% used [0x00000000eec00000,0x00000000eec00000,0x00000000ef100000)
 ParOldGen       total 87552K, used 4237K [0x00000000c0000000, 0x00000000c5580000, 0x00000000eab00000)
  object space 87552K, 4% used [0x00000000c0000000,0x00000000c0423708,0x00000000c5580000)
 Metaspace       used 5976K, capacity 7024K, committed 7296K, reserved 1056768K
  class space    used 565K, capacity 616K, committed 640K, reserved 1048576K
}
Event: 17.891 GC heap before
{Heap before GC invocations=3 (full 0):
 PSYoungGen      total 71680K, used 71654K [0x00000000eab00000, 0x00000000ef600000, 0x0000000100000000)
  eden space 66560K, 100% used [0x00000000eab00000,0x00000000eec00000,0x00000000eec00000)
  from space 5120K, 99% used [0x00000000ef100000,0x00000000ef5f9b78,0x00000000ef600000)
  to   space 5120K, 0% used [0x00000000eec00000,0x00000000eec00000,0x00000000ef100000)
 ParOldGen       total 87552K, used 4237K [0x00000000c0000000, 0x00000000c5580000, 0x00000000eab00000)
  object space 87552K, 4% used [0x00000000c0000000,0x00000000c0423708,0x00000000c5580000)
 Metaspace       used 6105K, capacity 7152K, committed 7296K, reserved 1056768K
  class space    used 566K, capacity 616K, committed 640K, reserved 1048576K
Event: 18.047 GC heap after
Heap after GC invocations=3 (full 0):
 PSYoungGen      total 71680K, used 5114K [0x00000000eab00000, 0x00000000f3700000, 0x0000000100000000)
  eden space 66560K, 0% used [0x00000000eab00000,0x00000000eab00000,0x00000000eec00000)
  from space 5120K, 99% used [0x00000000eec00000,0x00000000ef0feba8,0x00000000ef100000)
  to   space 5120K, 0% used [0x00000000f3200000,0x00000000f3200000,0x00000000f3700000)
 ParOldGen       total 87552K, used 14743K [0x00000000c0000000, 0x00000000c5580000, 0x00000000eab00000)
  object space 87552K, 16% used [0x00000000c0000000,0x00000000c0e65f20,0x00000000c5580000)
 Metaspace       used 6105K, capacity 7152K, committed 7296K, reserved 1056768K
  class space    used 566K, capacity 616K, committed 640K, reserved 1048576K
}
Event: 19.413 GC heap before
{Heap before GC invocations=4 (full 0):
 PSYoungGen      total 71680K, used 71674K [0x00000000eab00000, 0x00000000f3700000, 0x0000000100000000)
  eden space 66560K, 100% used [0x00000000eab00000,0x00000000eec00000,0x00000000eec00000)
  from space 5120K, 99% used [0x00000000eec00000,0x00000000ef0feba8,0x00000000ef100000)
  to   space 5120K, 0% used [0x00000000f3200000,0x00000000f3200000,0x00000000f3700000)
 ParOldGen       total 87552K, used 14743K [0x00000000c0000000, 0x00000000c5580000, 0x00000000eab00000)
  object space 87552K, 16% used [0x00000000c0000000,0x00000000c0e65f20,0x00000000c5580000)
 Metaspace       used 6225K, capacity 7152K, committed 7296K, reserved 1056768K
  class space    used 584K, capacity 616K, committed 640K, reserved 1048576K
Event: 19.662 GC heap after
Heap after GC invocations=4 (full 0):
 PSYoungGen      total 138240K, used 5114K [0x00000000eab00000, 0x00000000f3700000, 0x0000000100000000)
  eden space 133120K, 0% used [0x00000000eab00000,0x00000000eab00000,0x00000000f2d00000)
  from space 5120K, 99% used [0x00000000f3200000,0x00000000f36feaf8,0x00000000f3700000)
  to   space 5120K, 0% used [0x00000000f2d00000,0x00000000f2d00000,0x00000000f3200000)
 ParOldGen       total 87552K, used 24689K [0x00000000c0000000, 0x00000000c5580000, 0x00000000eab00000)
  object space 87552K, 28% used [0x00000000c0000000,0x00000000c181c548,0x00000000c5580000)
 Metaspace       used 6225K, capacity 7152K, committed 7296K, reserved 1056768K
  class space    used 584K, capacity 616K, committed 640K, reserved 1048576K
}

Deoptimization events (10 events):
Event: 18.661 Thread 0x000000000212e000 Uncommon trap: reason=bimorphic action=maybe_recompile pc=0x0000000002c90efc method=java.util.HashMap.putVal(ILjava/lang/Object;Ljava/lang/Object;ZZ)Ljava/lang/Object; @ 203
Event: 18.661 Thread 0x000000000212e000 Uncommon trap: reason=bimorphic action=maybe_recompile pc=0x0000000002c90efc method=java.util.HashMap.putVal(ILjava/lang/Object;Ljava/lang/Object;ZZ)Ljava/lang/Object; @ 203
Event: 18.666 Thread 0x000000000212e000 Uncommon trap: reason=unstable_if action=reinterpret pc=0x0000000003026370 method=com.android.dx.ssa.InterferenceRegisterMapper.interferes(III)Z @ 69
Event: 18.667 Thread 0x000000000212e000 Uncommon trap: reason=unstable_if action=reinterpret pc=0x0000000002c909b0 method=java.util.HashMap.putVal(ILjava/lang/Object;Ljava/lang/Object;ZZ)Ljava/lang/Object; @ 162
Event: 18.687 Thread 0x000000000212e000 Uncommon trap: reason=unstable_if action=reinterpret pc=0x0000000002cbc884 method=java.util.HashMap.getNode(ILjava/lang/Object;)Ljava/util/HashMap$Node; @ 84
Event: 18.688 Thread 0x000000000212e000 Uncommon trap: reason=unstable_if action=reinterpret pc=0x0000000002d130d4 method=java.util.HashMap.getNode(ILjava/lang/Object;)Ljava/util/HashMap$Node; @ 84
Event: 18.691 Thread 0x000000000212e000 Uncommon trap: reason=unstable_if action=reinterpret pc=0x0000000002f03578 method=java.util.HashMap.getNode(ILjava/lang/Object;)Ljava/util/HashMap$Node; @ 84
Event: 18.843 Thread 0x000000000212e000 Uncommon trap: reason=bimorphic action=maybe_recompile pc=0x0000000002d94668 method=com.android.dx.ssa.LiteralOpUpgrader.tryReplacingWithConstant(Lcom/android/dx/ssa/NormalSsaInsn;)Z @ 62
Event: 18.941 Thread 0x0000000056dcf000 Uncommon trap: reason=bimorphic action=maybe_recompile pc=0x0000000002df7f18 method=com.android.dx.ssa.SCCP.simulatePhi(Lcom/android/dx/ssa/PhiInsn;)V @ 124
Event: 18.951 Thread 0x0000000056dcf000 Uncommon trap: reason=bimorphic action=maybe_recompile pc=0x0000000002df7f18 method=com.android.dx.ssa.SCCP.simulatePhi(Lcom/android/dx/ssa/PhiInsn;)V @ 124

Internal exceptions (6 events):
Event: 0.464 Thread 0x000000000212e000 Exception <a 'java/lang/NoSuchMethodError': Method sun.misc.Unsafe.defineClass(Ljava/lang/String;[BII)Ljava/lang/Class; name or signature does not match> (0x00000000eab07cc0) thrown at [C:\src\android\AOSP-openjdk\external\jetbrains\jdk\hotspot\src\share\vôj‘ÃÀ®Ý?
Event: 0.464 Thread 0x000000000212e000 Exception <a 'java/lang/NoSuchMethodError': Method sun.misc.Unsafe.prefetchRead(Ljava/lang/Object;J)V name or signature does not match> (0x00000000eab07fa8) thrown at [C:\src\android\AOSP-openjdk\external\jetbrains\jdk\hotspot\src\share\vm\prims\jni.cpp, l0/) "@
Event: 9.037 Thread 0x0000000056dd5800 Implicit null exception at 0x0000000002d80ec2 to 0x0000000002d82e79
Event: 18.670 Thread 0x000000000212e000 Exception <a 'java/lang/ArrayIndexOutOfBoundsException': 18> (0x00000000edb15a00) thrown at [C:\src\android\AOSP-openjdk\external\jetbrains\jdk\hotspot\src\share\vm\interpreter\interpreterRuntime.cpp, line 366]
Event: 18.671 Thread 0x000000000212e000 Exception <a 'java/lang/ArrayIndexOutOfBoundsException'> (0x00000000edb17580) thrown at [C:\src\android\AOSP-openjdk\external\jetbrains\jdk\hotspot\src\share\vm\runtime\sharedRuntime.cpp, line 605]
Event: 18.672 Thread 0x000000000212e000 Exception <a 'java/lang/ArrayIndexOutOfBoundsException'> (0x00000000edb18868) thrown at [C:\src\android\AOSP-openjdk\external\jetbrains\jdk\hotspot\src\share\vm\runtime\sharedRuntime.cpp, line 605]

Events (10 events):
Event: 19.237 Thread 0x0000000054f78800 flushing nmethod 0x000000000290e190
Event: 19.237 Thread 0x0000000054f78800 flushing nmethod 0x000000000290e890
Event: 19.237 Thread 0x0000000054f78800 flushing nmethod 0x0000000002910490
Event: 19.413 Executing VM operation: ParallelGCFailedAllocation
Event: 19.662 Executing VM operation: ParallelGCFailedAllocation done
Event: 19.883 Thread 0x0000000054f79800 flushing nmethod 0x0000000002916b50
Event: 19.883 Thread 0x0000000054f79800 flushing nmethod 0x000000000292ae50
Event: 19.883 Thread 0x0000000054f79800 flushing nmethod 0x000000000292cf50
Event: 19.883 Thread 0x0000000054f79800 flushing nmethod 0x000000000292dd50
Event: 19.883 Thread 0x0000000054f79800 flushing nmethod 0x0000000002937050


Dynamic libraries:
0x000000013fec0000 - 0x000000013fef1000 	C:\Program Files\Android\Android Studio\jre\bin\java.exe
0x0000000077430000 - 0x00000000775da000 	C:\Windows\SYSTEM32\ntdll.dll
0x000007fef4dc0000 - 0x000007fef4e14000 	C:\Program Files (x86)\AVG\Av\avghooka.dll
0x0000000077310000 - 0x000000007742f000 	C:\Windows\system32\kernel32.dll
0x000007fefbf30000 - 0x000007fefbf9a000 	C:\Windows\system32\KERNELBASE.dll
0x000007fefc200000 - 0x000007fefc2db000 	C:\Windows\system32\ADVAPI32.dll
0x000007fefd970000 - 0x000007fefda0f000 	C:\Windows\system32\msvcrt.dll
0x000007fefd950000 - 0x000007fefd96f000 	C:\Windows\SYSTEM32\sechost.dll
0x000007fefe250000 - 0x000007fefe37d000 	C:\Windows\system32\RPCRT4.dll
0x0000000077210000 - 0x000000007730a000 	C:\Windows\system32\USER32.dll
0x000007fefc4f0000 - 0x000007fefc557000 	C:\Windows\system32\GDI32.dll
0x000007fefc560000 - 0x000007fefc56e000 	C:\Windows\system32\LPK.dll
0x000007fefca30000 - 0x000007fefcafa000 	C:\Windows\system32\USP10.dll
0x000007fefaa20000 - 0x000007fefac14000 	C:\Windows\WinSxS\amd64_microsoft.windows.common-controls_6595b64144ccf1df_6.0.7601.18837_none_fa3b1e3d17594757\COMCTL32.dll
0x000007fefcb00000 - 0x000007fefcb71000 	C:\Windows\system32\SHLWAPI.dll
0x000007fefcb80000 - 0x000007fefcbae000 	C:\Windows\system32\IMM32.DLL
0x000007fefc570000 - 0x000007fefc679000 	C:\Windows\system32\MSCTF.dll
0x000000005b5c0000 - 0x000000005b692000 	C:\Program Files\Android\Android Studio\jre\jre\bin\msvcr100.dll
0x0000000062a30000 - 0x0000000063264000 	C:\Program Files\Android\Android Studio\jre\jre\bin\server\jvm.dll
0x000007fef20b0000 - 0x000007fef20b9000 	C:\Windows\system32\WSOCK32.dll
0x000007fefc720000 - 0x000007fefc76d000 	C:\Windows\system32\WS2_32.dll
0x000007fefd940000 - 0x000007fefd948000 	C:\Windows\system32\NSI.dll
0x000007fef9940000 - 0x000007fef997b000 	C:\Windows\system32\WINMM.dll
0x000007fefaf10000 - 0x000007fefaf1c000 	C:\Windows\system32\VERSION.dll
0x0000000077600000 - 0x0000000077607000 	C:\Windows\system32\PSAPI.DLL
0x000007fef8d50000 - 0x000007fef8d5f000 	C:\Program Files\Android\Android Studio\jre\jre\bin\verify.dll
0x000007fee5f60000 - 0x000007fee5f89000 	C:\Program Files\Android\Android Studio\jre\jre\bin\java.dll
0x000007fee5fa0000 - 0x000007fee5fb6000 	C:\Program Files\Android\Android Studio\jre\jre\bin\zip.dll
0x000007fefcbb0000 - 0x000007fefd93a000 	C:\Windows\system32\SHELL32.dll
0x000007fefc2e0000 - 0x000007fefc4e3000 	C:\Windows\system32\ole32.dll
0x000007fefbe50000 - 0x000007fefbe5f000 	C:\Windows\system32\profapi.dll
0x000007fef6590000 - 0x000007fef66b5000 	C:\Windows\system32\dbghelp.dll

VM Arguments:
jvm_args: -Djava.awt.headless=true -Xmx1024M -Dfile.encoding=windows-1252 -Duser.country=US -Duser.language=en -Duser.variant 
java_command: com.android.dx.command.Main --dex --force-jumbo --num-threads=4 --output C:\tmp\S01.02-Exercise-AddWeatherList\app\intermediates\pre-dexed\debug\com.android.support-appcompat-v7-25.1.0_2a9d3e3a547dd894653b29fb0d9008c72772cf29.jar C:\tmp\S01.02-Exercise-AddWeatherList\app\intermediates\exploded-aar\com.android.support\appcompat-v7\25.1.0\jars\classes.jar
java_class_path (initial): C:\Users\Venom\AppData\Local\Android\sdk\build-tools\25.0.2\lib\dx.jar
Launcher Type: SUN_STANDARD

Environment Variables:
PATH=C:\Program Files (x86)\NVIDIA Corporation\PhysX\Common;C:\ProgramData\Oracle\Java\javapath;C:\Windows\system32;C:\Windows;C:\Windows\System32\Wbem;C:\Windows\System32\WindowsPowerShell\v1.0\;C:\Program Files (x86)\Autodesk\Backburner\;C:\Program Files (x86)\Windows Kits\8.1\Windows Performance Toolkit\;C:\Program Files\Microsoft SQL Server\110\Tools\Binn\;C:\Program Files (x86)\Skype\Phone\;C:\Windows\system32\config\systemprofile\.dnx\bin;C:\Program Files\Microsoft DNX\Dnvm\
USERNAME=Venom
OS=Windows_NT
PROCESSOR_IDENTIFIER=Intel64 Family 6 Model 23 Stepping 10, GenuineIntel



---------------  S Y S T E M  ---------------

OS: Windows 7 , 64 bit Build 7601 (6.1.7601.23572)

CPU:total 4 (4 cores per cpu, 1 threads per core) family 6 model 23 stepping 10, cmov, cx8, fxsr, mmx, sse, sse2, sse3, ssse3, sse4.1, tsc

Memory: 4k page, physical 8387128k(2933416k free), swap 16772396k(10657788k free)

vm_info: OpenJDK 64-Bit Server VM (25.76-b03) for windows-amd64 JRE (1.8.0_76-release-b03), built on Jun 29 2016 19:09:20 by "ralucas" with MS VC++ 10.0 (VS2010)

time: Sat Feb 18 18:34:38 2017
elapsed time: 20 seconds (0d 0h 0m 20s)

