#
# A fatal error has been detected by the Java Runtime Environment:
#
#  EXCEPTION_ACCESS_VIOLATION (0xc0000005) at pc=0xffffffffa3835120, pid=8056, tid=0x00000000000006e8
#
# JRE version: OpenJDK Runtime Environment (8.0_76-b03) (build 1.8.0_76-release-b03)
# Java VM: OpenJDK 64-Bit Server VM (25.76-b03 mixed mode windows-amd64 compressed oops)
# Problematic frame:
# C  0xffffffffa3835120
#
# Failed to write core dump. Minidumps are not enabled by default on client versions of Windows
#
# If you would like to submit a bug report, please visit:
#   http://bugreport.java.com/bugreport/crash.jsp
#

---------------  T H R E A D  ---------------

Current thread (0x0000000056dd1000):  JavaThread "pool-1-thread-3" [_thread_in_Java, id=1768, stack(0x00000000576d0000,0x00000000577d0000)]

siginfo: ExceptionCode=0xc0000005, ExceptionInformation=0x0000000000000008 0xffffffffa3835120

Registers:
RAX=0x0000000054934408, RBX=0x0000000054934408, RCX=0x00000000eb5fd710, RDX=0x00000000eb5fd710
RSP=0x00000000577cec88, RBP=0x00000000577cece0, RSI=0x0000000000000000, RDI=0x0000000000000000
R8 =0x0000000000000000, R9 =0x000000000075afeb, R10=0x0000000061901b70, R11=0x00000000029d7c20
R12=0x0000000000000000, R13=0x00000000577cec98, R14=0x00000000577ced18, R15=0x0000000056dd1000
RIP=0xffffffffa3835120, EFLAGS=0x0000000000010206

Top of Stack: (sp=0x00000000577cec88)
0x00000000577cec88:   0000000002837225 0000000002837225
0x00000000577cec98:   00000000eb5fd710 00000000577ceca0
0x00000000577ceca8:   0000000054b82b1e 00000000577ced18
0x00000000577cecb8:   0000000054b878f8 0000000000000000
0x00000000577cecc8:   0000000054b82b90 00000000577cec98
0x00000000577cecd8:   00000000577ced10 00000000577ced60
0x00000000577cece8:   0000000002837a01 00000000eb5db198
0x00000000577cecf8:   00000000eb5fd710 00000000eb5db080
0x00000000577ced08:   00000000eb5fd398 00000000eb5fd328
0x00000000577ced18:   00000000eb5d9400 00000000577ced20
0x00000000577ced28:   0000000054bb5164 00000000577ced90
0x00000000577ced38:   0000000054bbc198 0000000000000000
0x00000000577ced48:   0000000054bb51c0 00000000577ced10
0x00000000577ced58:   00000000577ced90 00000000577cedd8
0x00000000577ced68:   0000000002837a01 0000000000000009
0x00000000577ced78:   0000000000000009 00000000eb5fd328 

Instructions: (pc=0xffffffffa3835120)
0xffffffffa3835100:   
[error occurred during error reporting (printing registers, top of stack, instructions near pc), id 0xc0000005]

Register to memory mapping:

RAX={method} {0x0000000054934410} 'hasNext' '()Z' in 'java/util/ArrayList$Itr'
RBX={method} {0x0000000054934410} 'hasNext' '()Z' in 'java/util/ArrayList$Itr'
RCX=0x00000000eb5fd710 is an oop
java.util.ArrayList$Itr 
 - klass: 'java/util/ArrayList$Itr'
RDX=0x00000000eb5fd710 is an oop
java.util.ArrayList$Itr 
 - klass: 'java/util/ArrayList$Itr'
RSP=0x00000000577cec88 is pointing into the stack for thread: 0x0000000056dd1000
RBP=0x00000000577cece0 is pointing into the stack for thread: 0x0000000056dd1000
RSI=0x0000000000000000 is an unknown value
RDI=0x0000000000000000 is an unknown value
R8 =0x0000000000000000 is an unknown value
R9 =0x000000000075afeb is an unknown value
R10=0x0000000061901b70 is an unknown value
R11=0x00000000029d7c20 is at entry_point+32 in (nmethod*)0x00000000029d7a90
R12=0x0000000000000000 is an unknown value
R13=0x00000000577cec98 is pointing into the stack for thread: 0x0000000056dd1000
R14=0x00000000577ced18 is pointing into the stack for thread: 0x0000000056dd1000
R15=0x0000000056dd1000 is a thread


Stack: [0x00000000576d0000,0x00000000577d0000],  sp=0x00000000577cec88,  free space=1019k
Native frames: (J=compiled Java code, j=interpreted, Vv=VM code, C=native code)
C  0xffffffffa3835120


---------------  P R O C E S S  ---------------

Java Threads: ( => current thread )
  0x0000000056dd2000 JavaThread "pool-1-thread-4" [_thread_in_Java, id=3808, stack(0x0000000057910000,0x0000000057a10000)]
=>0x0000000056dd1000 JavaThread "pool-1-thread-3" [_thread_in_Java, id=1768, stack(0x00000000576d0000,0x00000000577d0000)]
  0x0000000056dd0000 JavaThread "pool-1-thread-2" [_thread_blocked, id=5956, stack(0x00000000575a0000,0x00000000576a0000)]
  0x0000000056dcb000 JavaThread "pool-2-thread-1" [_thread_blocked, id=1584, stack(0x00000000573f0000,0x00000000574f0000)]
  0x0000000056dc1800 JavaThread "pool-1-thread-1" [_thread_blocked, id=7468, stack(0x00000000572d0000,0x00000000573d0000)]
  0x0000000055073000 JavaThread "Service Thread" daemon [_thread_blocked, id=5444, stack(0x00000000567e0000,0x00000000568e0000)]
  0x000000005506f800 JavaThread "C1 CompilerThread2" daemon [_thread_in_vm, id=3204, stack(0x0000000056af0000,0x0000000056bf0000)]
  0x000000005506e800 JavaThread "C2 CompilerThread1" daemon [_thread_blocked, id=7820, stack(0x00000000569c0000,0x0000000056ac0000)]
  0x000000005506a800 JavaThread "C2 CompilerThread0" daemon [_thread_blocked, id=6872, stack(0x00000000566d0000,0x00000000567d0000)]
  0x000000005507d000 JavaThread "Attach Listener" daemon [_thread_blocked, id=8108, stack(0x0000000056580000,0x0000000056680000)]
  0x000000005507b000 JavaThread "Signal Dispatcher" daemon [_thread_blocked, id=1432, stack(0x0000000056480000,0x0000000056580000)]
  0x0000000055057000 JavaThread "Finalizer" daemon [_thread_blocked, id=4064, stack(0x0000000056360000,0x0000000056460000)]
  0x0000000055010000 JavaThread "Reference Handler" daemon [_thread_blocked, id=3492, stack(0x00000000560f0000,0x00000000561f0000)]
  0x000000000221e000 JavaThread "main" [_thread_blocked, id=6980, stack(0x0000000002460000,0x0000000002560000)]

Other Threads:
  0x0000000055008800 VMThread [stack: 0x0000000056250000,0x0000000056350000] [id=8040]
  0x0000000055074800 WatcherThread [stack: 0x0000000057150000,0x0000000057250000] [id=7708]

VM state:not at safepoint (normal execution)

VM Mutex/Monitor currently owned by a thread: None

Heap:
 PSYoungGen      total 38400K, used 12249K [0x00000000eab00000, 0x00000000ed580000, 0x0000000100000000)
  eden space 33280K, 36% used [0x00000000eab00000,0x00000000eb6f66d0,0x00000000ecb80000)
  from space 5120K, 0% used [0x00000000ed080000,0x00000000ed080000,0x00000000ed580000)
  to   space 5120K, 0% used [0x00000000ecb80000,0x00000000ecb80000,0x00000000ed080000)
 ParOldGen       total 87552K, used 0K [0x00000000c0000000, 0x00000000c5580000, 0x00000000eab00000)
  object space 87552K, 0% used [0x00000000c0000000,0x00000000c0000000,0x00000000c5580000)
 Metaspace       used 5211K, capacity 6384K, committed 6528K, reserved 1056768K
  class space    used 555K, capacity 616K, committed 640K, reserved 1048576K

Card table byte_map: [0x0000000011bf0000,0x0000000011e00000] byte_map_base: 0x00000000115f0000

Marking Bits: (ParMarkBitMap*) 0x0000000061919d00
 Begin Bits: [0x0000000012480000, 0x0000000013480000)
 End Bits:   [0x0000000013480000, 0x0000000014480000)

Polling page: 0x0000000001c80000

CodeCache: size=245760Kb used=1947Kb max_used=1952Kb free=243812Kb
 bounds [0x0000000002830000, 0x0000000002aa0000, 0x0000000011830000]
 total_blobs=703 nmethods=442 adapters=176
 compilation: enabled

Compilation events (10 events):
Event: 1.908 Thread 0x000000005506f800 nmethod 384 0x0000000002a04dd0 code [0x0000000002a04f40, 0x0000000002a05228]
Event: 1.908 Thread 0x000000005506f800  403       3       com.android.dx.util.BitIntSet::ensureCapacity (51 bytes)
Event: 1.908 Thread 0x000000005506e800  405       4       java.util.ArrayList$Itr::hasNext (20 bytes)
Event: 1.908 Thread 0x000000005506f800 nmethod 403 0x0000000002a045d0 code [0x0000000002a04760, 0x0000000002a04c08]
Event: 1.909 Thread 0x000000005506f800  406       3       com.android.dx.util.Bits::getMax (6 bytes)
Event: 1.909 Thread 0x000000005506f800 nmethod 406 0x0000000002a04290 code [0x0000000002a043e0, 0x0000000002a04510]
Event: 1.909 Thread 0x000000005506f800  383   !   3       com.android.dx.util.IntList::<init> (37 bytes)
Event: 1.909 Thread 0x000000005506f800 nmethod 383 0x0000000002a05710 code [0x0000000002a058a0, 0x0000000002a05c48]
Event: 1.909 Thread 0x000000005506f800  407       3       com.android.dx.rop.code.RegisterSpec::hashCodeOf (30 bytes)
Event: 1.909 Thread 0x000000005506e800 nmethod 405 0x0000000002a01150 code [0x0000000002a01280, 0x0000000002a012f8]

GC Heap History (0 events):
No events

Deoptimization events (0 events):
No events

Internal exceptions (2 events):
Event: 0.469 Thread 0x000000000221e000 Exception <a 'java/lang/NoSuchMethodError': Method sun.misc.Unsafe.defineClass(Ljava/lang/String;[BII)Ljava/lang/Class; name or signature does not match> (0x00000000eab07cc0) thrown at [C:\src\android\AOSP-openjdk\external\jetbrains\jdk\hotspot\src\share\v/Dτίή?
Event: 0.469 Thread 0x000000000221e000 Exception <a 'java/lang/NoSuchMethodError': Method sun.misc.Unsafe.prefetchRead(Ljava/lang/Object;J)V name or signature does not match> (0x00000000eab07fa8) thrown at [C:\src\android\AOSP-openjdk\external\jetbrains\jdk\hotspot\src\share\vm\prims\jni.cpp, l

Events (10 events):
Event: 1.886 loading class com/android/dx/dex/file/DebugInfoItem
Event: 1.886 loading class com/android/dx/dex/file/DebugInfoItem done
Event: 1.886 loading class java/io/PrintWriter
Event: 1.886 loading class java/io/PrintWriter done
Event: 1.887 loading class com/android/dx/dex/file/MethodIdItem
Event: 1.887 loading class com/android/dx/dex/file/MethodIdItem done
Event: 1.895 loading class com/android/dx/ssa/PhiInsn$Operand
Event: 1.895 loading class com/android/dx/ssa/PhiInsn$Operand done
Event: 1.899 loading class com/android/dx/ssa/back/FirstFitLocalCombiningAllocator$Multiset
Event: 1.899 loading class com/android/dx/ssa/back/FirstFitLocalCombiningAllocator$Multiset done


Dynamic libraries:
0x000000013f550000 - 0x000000013f581000 	C:\Program Files\Android\Android Studio\jre\bin\java.exe
0x0000000077a10000 - 0x0000000077bba000 	C:\Windows\SYSTEM32\ntdll.dll
0x000007fef3250000 - 0x000007fef32a4000 	C:\Program Files (x86)\AVG\Av\avghooka.dll
0x00000000778f0000 - 0x0000000077a0f000 	C:\Windows\system32\kernel32.dll
0x000007fefc560000 - 0x000007fefc5ca000 	C:\Windows\system32\KERNELBASE.dll
0x000007fefdf90000 - 0x000007fefe06b000 	C:\Windows\system32\ADVAPI32.dll
0x000007fefe320000 - 0x000007fefe3bf000 	C:\Windows\system32\msvcrt.dll
0x000007fefdd50000 - 0x000007fefdd6f000 	C:\Windows\SYSTEM32\sechost.dll
0x000007fefde50000 - 0x000007fefdf7d000 	C:\Windows\system32\RPCRT4.dll
0x00000000777f0000 - 0x00000000778ea000 	C:\Windows\system32\USER32.dll
0x000007fefe550000 - 0x000007fefe5b7000 	C:\Windows\system32\GDI32.dll
0x000007fefdf80000 - 0x000007fefdf8e000 	C:\Windows\system32\LPK.dll
0x000007fefc9f0000 - 0x000007fefcaba000 	C:\Windows\system32\USP10.dll
0x000007fefaa80000 - 0x000007fefac74000 	C:\Windows\WinSxS\amd64_microsoft.windows.common-controls_6595b64144ccf1df_6.0.7601.18837_none_fa3b1e3d17594757\COMCTL32.dll
0x000007fefd960000 - 0x000007fefd9d1000 	C:\Windows\system32\SHLWAPI.dll
0x000007fefe9d0000 - 0x000007fefe9fe000 	C:\Windows\system32\IMM32.DLL
0x000007fefcac0000 - 0x000007fefcbc9000 	C:\Windows\system32\MSCTF.dll
0x000000005f3e0000 - 0x000000005f4b2000 	C:\Program Files\Android\Android Studio\jre\jre\bin\msvcr100.dll
0x0000000061160000 - 0x0000000061994000 	C:\Program Files\Android\Android Studio\jre\jre\bin\server\jvm.dll
0x000007fee9660000 - 0x000007fee9669000 	C:\Windows\system32\WSOCK32.dll
0x000007fefe2d0000 - 0x000007fefe31d000 	C:\Windows\system32\WS2_32.dll
0x000007fefe6e0000 - 0x000007fefe6e8000 	C:\Windows\system32\NSI.dll
0x000007fefa3f0000 - 0x000007fefa42b000 	C:\Windows\system32\WINMM.dll
0x000007fefb4f0000 - 0x000007fefb4fc000 	C:\Windows\system32\VERSION.dll
0x0000000077bd0000 - 0x0000000077bd7000 	C:\Windows\system32\PSAPI.DLL
0x000007fefa150000 - 0x000007fefa15f000 	C:\Program Files\Android\Android Studio\jre\jre\bin\verify.dll
0x000007fef18c0000 - 0x000007fef18e9000 	C:\Program Files\Android\Android Studio\jre\jre\bin\java.dll
0x000007fef30f0000 - 0x000007fef3106000 	C:\Program Files\Android\Android Studio\jre\jre\bin\zip.dll
0x000007fefcbd0000 - 0x000007fefd95a000 	C:\Windows\system32\SHELL32.dll
0x000007fefc7e0000 - 0x000007fefc9e3000 	C:\Windows\system32\ole32.dll
0x000007fefc420000 - 0x000007fefc42f000 	C:\Windows\system32\profapi.dll
0x000007fef6da0000 - 0x000007fef6ec5000 	C:\Windows\system32\dbghelp.dll

VM Arguments:
jvm_args: -Djava.awt.headless=true -Xmx1024M -Dfile.encoding=windows-1252 -Duser.country=US -Duser.language=en -Duser.variant 
java_command: com.android.dx.command.Main --dex --force-jumbo --num-threads=4 --output C:\tmp\S09.05-Exercise-MoreDetails\app\intermediates\pre-dexed\debug\com.android.support-preference-v7-25.0.1_c260bb94f7ef1f34208b324967b25e0f815738b2.jar C:\tmp\S09.05-Exercise-MoreDetails\app\intermediates\exploded-aar\com.android.support\preference-v7\25.0.1\jars\classes.jar
java_class_path (initial): C:\Users\Venom\AppData\Local\Android\sdk\build-tools\25.0.2\lib\dx.jar
Launcher Type: SUN_STANDARD

Environment Variables:
PATH=C:\Program Files (x86)\NVIDIA Corporation\PhysX\Common;C:\ProgramData\Oracle\Java\javapath;C:\Windows\system32;C:\Windows;C:\Windows\System32\Wbem;C:\Windows\System32\WindowsPowerShell\v1.0\;C:\Program Files (x86)\Autodesk\Backburner\;C:\Program Files (x86)\Windows Kits\8.1\Windows Performance Toolkit\;C:\Program Files\Microsoft SQL Server\110\Tools\Binn\;C:\Program Files (x86)\Skype\Phone\;C:\Windows\system32\config\systemprofile\.dnx\bin;C:\Program Files\Microsoft DNX\Dnvm\
USERNAME=Venom
OS=Windows_NT
PROCESSOR_IDENTIFIER=Intel64 Family 6 Model 23 Stepping 10, GenuineIntel



---------------  S Y S T E M  ---------------

OS: Windows 7 , 64 bit Build 7601 (6.1.7601.23572)

CPU:total 4 (4 cores per cpu, 1 threads per core) family 6 model 23 stepping 10, cmov, cx8, fxsr, mmx, sse, sse2, sse3, ssse3, sse4.1, tsc

Memory: 4k page, physical 8387128k(1486796k free), swap 16772396k(8658544k free)

vm_info: OpenJDK 64-Bit Server VM (25.76-b03) for windows-amd64 JRE (1.8.0_76-release-b03), built on Jun 29 2016 19:09:20 by "ralucas" with MS VC++ 10.0 (VS2010)

time: Fri Mar 03 23:36:51 2017
elapsed time: 1 seconds (0d 0h 0m 1s)

