#
# A fatal error has been detected by the Java Runtime Environment:
#
#  EXCEPTION_ACCESS_VIOLATION (0xc0000005) at pc=0xffffffffa3945120, pid=4216, tid=0x0000000000000788
#
# JRE version: OpenJDK Runtime Environment (8.0_76-b03) (build 1.8.0_76-release-b03)
# Java VM: OpenJDK 64-Bit Server VM (25.76-b03 mixed mode windows-amd64 compressed oops)
# Problematic frame:
# C  0xffffffffa3945120
#
# Failed to write core dump. Minidumps are not enabled by default on client versions of Windows
#
# If you would like to submit a bug report, please visit:
#   http://bugreport.java.com/bugreport/crash.jsp
#

---------------  T H R E A D  ---------------

Current thread (0x0000000056cc5800):  JavaThread "pool-1-thread-2" [_thread_in_Java, id=1928, stack(0x0000000057410000,0x0000000057510000)]

siginfo: ExceptionCode=0xc0000005, ExceptionInformation=0x0000000000000008 0xffffffffa3945120

Registers:
RAX=0x00000000eb733038, RBX=0x0000000054b8af50, RCX=0x00000000eb733098, RDX=0x00000000eb733038
RSP=0x000000005750e7b8, RBP=0x000000005750e860, RSI=0x0000000054c8b2d0, RDI=0x0000000054c8b2d0
R8 =0x0000000000000001, R9 =0x00000000eaf5e230, R10=0x00000000147abbd0, R11=0x0000000000000218
R12=0x0000000000000000, R13=0x000000005750e810, R14=0x000000005750e870, R15=0x0000000056cc5800
RIP=0xffffffffa3945120, EFLAGS=0x0000000000010202

Top of Stack: (sp=0x000000005750e7b8)
0x000000005750e7b8:   0000000002b10adc 0000000054c1f678
0x000000005750e7c8:   0000000000000000 000000005750e8b8
0x000000005750e7d8:   00000000611f6bf5 0000000054c92910
0x000000005750e7e8:   00000000029511df 000000005750e860
0x000000005750e7f8:   0000000002947450 0000000000000000
0x000000005750e808:   0000000002947450 00000000eb733098
0x000000005750e818:   0000000000000008 000000005750e820
0x000000005750e828:   0000000054c24e15 000000005750e870
0x000000005750e838:   0000000054c25dc0 0000000000000000
0x000000005750e848:   0000000054c24e30 000000005750e810
0x000000005750e858:   000000005750e870 000000005750e8b8
0x000000005750e868:   0000000002947450 00000000eb733098
0x000000005750e878:   000000005750e878 0000000054c4d7b1
0x000000005750e888:   000000005750e8d8 0000000054c4d8a0
0x000000005750e898:   0000000000000000 0000000054c4d7f8
0x000000005750e8a8:   000000005750e870 000000005750e8d0 

Instructions: (pc=0xffffffffa3945120)
0xffffffffa3945100:   
[error occurred during error reporting (printing registers, top of stack, instructions near pc), id 0xc0000005]

Register to memory mapping:

RAX=0x00000000eb733038 is an oop
com.android.dx.rop.type.Type 
 - klass: 'com/android/dx/rop/type/Type'
RBX={method} {0x0000000054b8af58} 'getType' '()Lcom/android/dx/rop/type/Type;' in 'com/android/dx/rop/type/Type'
RCX=0x00000000eb733098 is an oop
com.android.dx.rop.code.RegisterSpec 
 - klass: 'com/android/dx/rop/code/RegisterSpec'
RDX=0x00000000eb733038 is an oop
com.android.dx.rop.type.Type 
 - klass: 'com/android/dx/rop/type/Type'
RSP=0x000000005750e7b8 is pointing into the stack for thread: 0x0000000056cc5800
RBP=0x000000005750e860 is pointing into the stack for thread: 0x0000000056cc5800
RSI=0x0000000054c8b2d0 is pointing into metadata
RDI=0x0000000054c8b2d0 is pointing into metadata
R8 =0x0000000000000001 is an unknown value
R9 =0x00000000eaf5e230 is an oop
java.lang.Class 
 - klass: 'java/lang/Class'
R10=0x00000000147abbd0 is pointing into metadata
R11=0x0000000000000218 is an unknown value
R12=0x0000000000000000 is an unknown value
R13=0x000000005750e810 is pointing into the stack for thread: 0x0000000056cc5800
R14=0x000000005750e870 is pointing into the stack for thread: 0x0000000056cc5800
R15=0x0000000056cc5800 is a thread


Stack: [0x0000000057410000,0x0000000057510000],  sp=0x000000005750e7b8,  free space=1017k
Native frames: (J=compiled Java code, j=interpreted, Vv=VM code, C=native code)
C  0xffffffffa3945120


---------------  P R O C E S S  ---------------

Java Threads: ( => current thread )
  0x0000000056cca000 JavaThread "pool-1-thread-4" [_thread_blocked, id=6596, stack(0x0000000057720000,0x0000000057820000)]
  0x0000000056ccc000 JavaThread "pool-1-thread-3" [_thread_in_Java, id=8028, stack(0x0000000057510000,0x0000000057610000)]
=>0x0000000056cc5800 JavaThread "pool-1-thread-2" [_thread_in_Java, id=1928, stack(0x0000000057410000,0x0000000057510000)]
  0x0000000056cb8000 JavaThread "pool-2-thread-1" [_thread_blocked, id=7916, stack(0x00000000570e0000,0x00000000571e0000)]
  0x0000000056cb3800 JavaThread "pool-1-thread-1" [_thread_blocked, id=7968, stack(0x00000000565f0000,0x00000000566f0000)]
  0x0000000056aa2800 JavaThread "Service Thread" daemon [_thread_blocked, id=7856, stack(0x0000000056fe0000,0x00000000570e0000)]
  0x0000000056a40800 JavaThread "C1 CompilerThread2" daemon [_thread_blocked, id=6780, stack(0x0000000056e60000,0x0000000056f60000)]
  0x000000005513f000 JavaThread "C2 CompilerThread1" daemon [_thread_blocked, id=7660, stack(0x0000000056800000,0x0000000056900000)]
  0x0000000055137800 JavaThread "C2 CompilerThread0" daemon [_thread_blocked, id=7748, stack(0x0000000056940000,0x0000000056a40000)]
  0x0000000055134800 JavaThread "Attach Listener" daemon [_thread_blocked, id=6532, stack(0x0000000056700000,0x0000000056800000)]
  0x0000000055133000 JavaThread "Signal Dispatcher" daemon [_thread_blocked, id=3300, stack(0x00000000563c0000,0x00000000564c0000)]
  0x0000000055111800 JavaThread "Finalizer" daemon [_thread_blocked, id=7376, stack(0x00000000564c0000,0x00000000565c0000)]
  0x00000000550d0000 JavaThread "Reference Handler" daemon [_thread_blocked, id=7244, stack(0x0000000056270000,0x0000000056370000)]
  0x00000000021ee000 JavaThread "main" [_thread_blocked, id=7480, stack(0x0000000002570000,0x0000000002670000)]

Other Threads:
  0x00000000550c8000 VMThread [stack: 0x0000000056090000,0x0000000056190000] [id=5040]
  0x0000000056aa3800 WatcherThread [stack: 0x0000000057250000,0x0000000057350000] [id=8164]

VM state:not at safepoint (normal execution)

VM Mutex/Monitor currently owned by a thread: None

Heap:
 PSYoungGen      total 38400K, used 12995K [0x00000000eab00000, 0x00000000ed580000, 0x0000000100000000)
  eden space 33280K, 39% used [0x00000000eab00000,0x00000000eb7b0e60,0x00000000ecb80000)
  from space 5120K, 0% used [0x00000000ed080000,0x00000000ed080000,0x00000000ed580000)
  to   space 5120K, 0% used [0x00000000ecb80000,0x00000000ecb80000,0x00000000ed080000)
 ParOldGen       total 87552K, used 0K [0x00000000c0000000, 0x00000000c5580000, 0x00000000eab00000)
  object space 87552K, 0% used [0x00000000c0000000,0x00000000c0000000,0x00000000c5580000)
 Metaspace       used 5242K, capacity 6448K, committed 6528K, reserved 1056768K
  class space    used 560K, capacity 616K, committed 640K, reserved 1048576K

Card table byte_map: [0x0000000011d00000,0x0000000011f10000] byte_map_base: 0x0000000011700000

Marking Bits: (ParMarkBitMap*) 0x0000000061919d00
 Begin Bits: [0x0000000012540000, 0x0000000013540000)
 End Bits:   [0x0000000013540000, 0x0000000014540000)

Polling page: 0x0000000000350000

CodeCache: size=245760Kb used=1982Kb max_used=1982Kb free=243777Kb
 bounds [0x0000000002940000, 0x0000000002bb0000, 0x0000000011940000]
 total_blobs=697 nmethods=436 adapters=176
 compilation: enabled

Compilation events (10 events):
Event: 0.731 Thread 0x0000000056a40800 nmethod 422 0x0000000002b29b50 code [0x0000000002b29ca0, 0x0000000002b29db0]
Event: 0.731 Thread 0x0000000056a40800  420   !   3       com.android.dx.util.IntList::<init> (37 bytes)
Event: 0.732 Thread 0x0000000056a40800 nmethod 420 0x0000000002b29490 code [0x0000000002b29620, 0x0000000002b299c8]
Event: 0.732 Thread 0x0000000056a40800  423       3       com.android.dx.rop.code.RegisterSpec$ForComparison::set (16 bytes)
Event: 0.732 Thread 0x0000000056a40800 nmethod 423 0x0000000002b29110 code [0x0000000002b29260, 0x0000000002b293f0]
Event: 0.732 Thread 0x0000000056a40800  424   !   3       com.android.dx.rop.code.RegisterSpec::intern (70 bytes)
Event: 0.732 Thread 0x0000000055137800  433       4       com.android.dx.rop.type.Type::getCategory (36 bytes)
Event: 0.733 Thread 0x0000000056a40800 nmethod 424 0x0000000002b2e510 code [0x0000000002b2e740, 0x0000000002b2f3e8]
Event: 0.733 Thread 0x0000000055137800 nmethod 433 0x0000000002b28f10 code [0x0000000002b29040, 0x0000000002b290b8]
Event: 0.733 Thread 0x0000000056a40800  432       3       com.android.dx.cf.code.LineNumberList::get (9 bytes)

GC Heap History (0 events):
No events

Deoptimization events (0 events):
No events

Internal exceptions (2 events):
Event: 0.052 Thread 0x00000000021ee000 Exception <a 'java/lang/NoSuchMethodError': Method sun.misc.Unsafe.defineClass(Ljava/lang/String;[BII)Ljava/lang/Class; name or signature does not match> (0x00000000eab07cc0) thrown at [C:\src\android\AOSP-openjdk\external\jetbrains\jdk\hotspot\src\share\vHwÍ¶Mê™?
Event: 0.052 Thread 0x00000000021ee000 Exception <a 'java/lang/NoSuchMethodError': Method sun.misc.Unsafe.prefetchRead(Ljava/lang/Object;J)V name or signature does not match> (0x00000000eab07fa8) thrown at [C:\src\android\AOSP-openjdk\external\jetbrains\jdk\hotspot\src\share\vm\prims\jni.cpp, l

Events (10 events):
Event: 0.721 loading class com/android/dx/dex/file/DebugInfoItem
Event: 0.721 loading class com/android/dx/dex/file/DebugInfoItem done
Event: 0.722 loading class java/io/PrintWriter
Event: 0.722 loading class java/io/PrintWriter done
Event: 0.722 loading class com/android/dx/dex/file/ParameterAnnotationStruct
Event: 0.722 loading class com/android/dx/dex/file/ParameterAnnotationStruct done
Event: 0.723 loading class com/android/dx/dex/file/UniformListItem
Event: 0.723 loading class com/android/dx/dex/file/UniformListItem done
Event: 0.724 loading class com/android/dx/dex/file/AnnotationSetRefItem
Event: 0.724 loading class com/android/dx/dex/file/AnnotationSetRefItem done


Dynamic libraries:
0x000000013f550000 - 0x000000013f581000 	C:\Program Files\Android\Android Studio\jre\bin\java.exe
0x0000000077a10000 - 0x0000000077bba000 	C:\Windows\SYSTEM32\ntdll.dll
0x000007fef3250000 - 0x000007fef32a4000 	C:\Program Files (x86)\AVG\Av\avghooka.dll
0x00000000778f0000 - 0x0000000077a0f000 	C:\Windows\system32\kernel32.dll
0x000007fefc560000 - 0x000007fefc5ca000 	C:\Windows\system32\KERNELBASE.dll
0x000007fefdf90000 - 0x000007fefe06b000 	C:\Windows\system32\ADVAPI32.dll
0x000007fefe320000 - 0x000007fefe3bf000 	C:\Windows\system32\msvcrt.dll
0x000007fefdd50000 - 0x000007fefdd6f000 	C:\Windows\SYSTEM32\sechost.dll
0x000007fefde50000 - 0x000007fefdf7d000 	C:\Windows\system32\RPCRT4.dll
0x00000000777f0000 - 0x00000000778ea000 	C:\Windows\system32\USER32.dll
0x000007fefe550000 - 0x000007fefe5b7000 	C:\Windows\system32\GDI32.dll
0x000007fefdf80000 - 0x000007fefdf8e000 	C:\Windows\system32\LPK.dll
0x000007fefc9f0000 - 0x000007fefcaba000 	C:\Windows\system32\USP10.dll
0x000007fefaa80000 - 0x000007fefac74000 	C:\Windows\WinSxS\amd64_microsoft.windows.common-controls_6595b64144ccf1df_6.0.7601.18837_none_fa3b1e3d17594757\COMCTL32.dll
0x000007fefd960000 - 0x000007fefd9d1000 	C:\Windows\system32\SHLWAPI.dll
0x000007fefe9d0000 - 0x000007fefe9fe000 	C:\Windows\system32\IMM32.DLL
0x000007fefcac0000 - 0x000007fefcbc9000 	C:\Windows\system32\MSCTF.dll
0x000000005f3e0000 - 0x000000005f4b2000 	C:\Program Files\Android\Android Studio\jre\jre\bin\msvcr100.dll
0x0000000061160000 - 0x0000000061994000 	C:\Program Files\Android\Android Studio\jre\jre\bin\server\jvm.dll
0x000007fee9660000 - 0x000007fee9669000 	C:\Windows\system32\WSOCK32.dll
0x000007fefe2d0000 - 0x000007fefe31d000 	C:\Windows\system32\WS2_32.dll
0x000007fefe6e0000 - 0x000007fefe6e8000 	C:\Windows\system32\NSI.dll
0x000007fefa3f0000 - 0x000007fefa42b000 	C:\Windows\system32\WINMM.dll
0x000007fefb4f0000 - 0x000007fefb4fc000 	C:\Windows\system32\VERSION.dll
0x0000000077bd0000 - 0x0000000077bd7000 	C:\Windows\system32\PSAPI.DLL
0x000007fefa150000 - 0x000007fefa15f000 	C:\Program Files\Android\Android Studio\jre\jre\bin\verify.dll
0x000007fef18c0000 - 0x000007fef18e9000 	C:\Program Files\Android\Android Studio\jre\jre\bin\java.dll
0x000007fef30f0000 - 0x000007fef3106000 	C:\Program Files\Android\Android Studio\jre\jre\bin\zip.dll
0x000007fefcbd0000 - 0x000007fefd95a000 	C:\Windows\system32\SHELL32.dll
0x000007fefc7e0000 - 0x000007fefc9e3000 	C:\Windows\system32\ole32.dll
0x000007fefc420000 - 0x000007fefc42f000 	C:\Windows\system32\profapi.dll
0x000007fef6da0000 - 0x000007fef6ec5000 	C:\Windows\system32\dbghelp.dll

VM Arguments:
jvm_args: -Djava.awt.headless=true -Xmx1024M -Dfile.encoding=windows-1252 -Duser.country=US -Duser.language=en -Duser.variant 
java_command: com.android.dx.command.Main --dex --force-jumbo --num-threads=4 --output C:\tmp\S09.05-Exercise-MoreDetails\app\intermediates\pre-dexed\debug\com.android.support-support-core-ui-25.1.0_2b37c5bcc6f404c49647e90e81baa719b9e57641.jar C:\tmp\S09.05-Exercise-MoreDetails\app\intermediates\exploded-aar\com.android.support\support-core-ui\25.1.0\jars\classes.jar
java_class_path (initial): C:\Users\Venom\AppData\Local\Android\sdk\build-tools\25.0.2\lib\dx.jar
Launcher Type: SUN_STANDARD

Environment Variables:
PATH=C:\Program Files (x86)\NVIDIA Corporation\PhysX\Common;C:\ProgramData\Oracle\Java\javapath;C:\Windows\system32;C:\Windows;C:\Windows\System32\Wbem;C:\Windows\System32\WindowsPowerShell\v1.0\;C:\Program Files (x86)\Autodesk\Backburner\;C:\Program Files (x86)\Windows Kits\8.1\Windows Performance Toolkit\;C:\Program Files\Microsoft SQL Server\110\Tools\Binn\;C:\Program Files (x86)\Skype\Phone\;C:\Windows\system32\config\systemprofile\.dnx\bin;C:\Program Files\Microsoft DNX\Dnvm\
USERNAME=Venom
OS=Windows_NT
PROCESSOR_IDENTIFIER=Intel64 Family 6 Model 23 Stepping 10, GenuineIntel



---------------  S Y S T E M  ---------------

OS: Windows 7 , 64 bit Build 7601 (6.1.7601.23572)

CPU:total 4 (4 cores per cpu, 1 threads per core) family 6 model 23 stepping 10, cmov, cx8, fxsr, mmx, sse, sse2, sse3, ssse3, sse4.1, tsc

Memory: 4k page, physical 8387128k(1724068k free), swap 16772396k(9031804k free)

vm_info: OpenJDK 64-Bit Server VM (25.76-b03) for windows-amd64 JRE (1.8.0_76-release-b03), built on Jun 29 2016 19:09:20 by "ralucas" with MS VC++ 10.0 (VS2010)

time: Fri Mar 03 23:37:24 2017
elapsed time: 0 seconds (0d 0h 0m 0s)

