#
# A fatal error has been detected by the Java Runtime Environment:
#
#  EXCEPTION_ACCESS_VIOLATION (0xc0000005) at pc=0xffffffffa38a5120, pid=4956, tid=0x0000000000000750
#
# JRE version: OpenJDK Runtime Environment (8.0_76-b03) (build 1.8.0_76-release-b03)
# Java VM: OpenJDK 64-Bit Server VM (25.76-b03 mixed mode windows-amd64 compressed oops)
# Problematic frame:
# C  0xffffffffa38a5120
#
# Failed to write core dump. Minidumps are not enabled by default on client versions of Windows
#
# If you would like to submit a bug report, please visit:
#   http://bugreport.java.com/bugreport/crash.jsp
#

---------------  T H R E A D  ---------------

Current thread (0x000000000236e000):  JavaThread "main" [_thread_in_Java, id=1872, stack(0x00000000024d0000,0x00000000025d0000)]

siginfo: ExceptionCode=0xc0000005, ExceptionInformation=0x0000000000000008 0xffffffffa38a5120

Registers:
RAX=0x0000000054c57580, RBX=0x0000000054c57580, RCX=0x00000000ec07bb28, RDX=0x00000000ec07bb28
RSP=0x00000000025ce258, RBP=0x00000000025ce2b8, RSI=0x00000000007603dd, RDI=0x0000000054ca16d8
R8 =0x0000000000000000, R9 =0x00000000ec07bb58, R10=0x00000000631d1bc0, R11=0x0000000002a426c0
R12=0x0000000000000000, R13=0x00000000025ce270, R14=0x0000000000000000, R15=0x000000000236e000
RIP=0xffffffffa38a5120, EFLAGS=0x0000000000010206

Top of Stack: (sp=0x00000000025ce258)
0x00000000025ce258:   00000000028a7a01 0000000000000000
0x00000000025ce268:   00000000028a7a01 00000000ec07bb28
0x00000000025ce278:   00000000025ce278 0000000054c1d49f
0x00000000025ce288:   00000000025ce318 0000000054c4a870
0x00000000025ce298:   0000000000000000 0000000054c1d558
0x00000000025ce2a8:   00000000025ce270 00000000025ce2f8
0x00000000025ce2b8:   00000000025ce360 00000000028a7790
0x00000000025ce2c8:   0000000000000029 0000000000000000
0x00000000025ce2d8:   0000000000000001 00000000ec07bb28
0x00000000025ce2e8:   0000000000000001 00000000ec069810
0x00000000025ce2f8:   0000000000000000 0000000000000004
0x00000000025ce308:   000000000000124e 00000000ec0697d0
0x00000000025ce318:   00000000eb85b7f0 00000000025ce320
0x00000000025ce328:   0000000054c1c26e 00000000025ce3a0
0x00000000025ce338:   0000000054c4a870 0000000000000000
0x00000000025ce348:   0000000054c1c338 00000000025ce2f8 

Instructions: (pc=0xffffffffa38a5120)
0xffffffffa38a5100:   
[error occurred during error reporting (printing registers, top of stack, instructions near pc), id 0xc0000005]

Register to memory mapping:

RAX={method} {0x0000000054c57588} 'setImmutable' '()V' in 'com/android/dx/util/MutabilityControl'
RBX={method} {0x0000000054c57588} 'setImmutable' '()V' in 'com/android/dx/util/MutabilityControl'
RCX=0x00000000ec07bb28 is an oop
com.android.dx.cf.code.LineNumberList 
 - klass: 'com/android/dx/cf/code/LineNumberList'
RDX=0x00000000ec07bb28 is an oop
com.android.dx.cf.code.LineNumberList 
 - klass: 'com/android/dx/cf/code/LineNumberList'
RSP=0x00000000025ce258 is pointing into the stack for thread: 0x000000000236e000
RBP=0x00000000025ce2b8 is pointing into the stack for thread: 0x000000000236e000
RSI=0x00000000007603dd is an unknown value
RDI=0x0000000054ca16d8 is pointing into metadata
R8 =0x0000000000000000 is an unknown value
R9 =0x00000000ec07bb58 is an oop
com.android.dx.cf.code.LineNumberList$Item 
 - klass: 'com/android/dx/cf/code/LineNumberList$Item'
R10=0x00000000631d1bc0 is an unknown value
R11=0x0000000002a426c0 is at entry_point+32 in (nmethod*)0x0000000002a42550
R12=0x0000000000000000 is an unknown value
R13=0x00000000025ce270 is pointing into the stack for thread: 0x000000000236e000
R14=0x0000000000000000 is an unknown value
R15=0x000000000236e000 is a thread


Stack: [0x00000000024d0000,0x00000000025d0000],  sp=0x00000000025ce258,  free space=1016k
Native frames: (J=compiled Java code, j=interpreted, Vv=VM code, C=native code)
C  0xffffffffa38a5120


---------------  P R O C E S S  ---------------

Java Threads: ( => current thread )
  0x0000000056f72800 JavaThread "pool-1-thread-4" [_thread_blocked, id=2812, stack(0x0000000056a20000,0x0000000056b20000)]
  0x0000000056f6e800 JavaThread "pool-1-thread-3" [_thread_blocked, id=2236, stack(0x00000000577f0000,0x00000000578f0000)]
  0x0000000056f6d800 JavaThread "pool-1-thread-2" [_thread_blocked, id=8100, stack(0x0000000057600000,0x0000000057700000)]
  0x0000000056f6c800 JavaThread "pool-2-thread-1" [_thread_blocked, id=7788, stack(0x0000000057050000,0x0000000057150000)]
  0x0000000056f68800 JavaThread "pool-1-thread-1" [_thread_blocked, id=3228, stack(0x00000000574e0000,0x00000000575e0000)]
  0x0000000056c20800 JavaThread "Service Thread" daemon [_thread_blocked, id=8032, stack(0x0000000057160000,0x0000000057260000)]
  0x0000000055209800 JavaThread "C1 CompilerThread2" daemon [_thread_blocked, id=6340, stack(0x0000000056b20000,0x0000000056c20000)]
  0x0000000055208800 JavaThread "C2 CompilerThread1" daemon [_thread_blocked, id=5488, stack(0x0000000056780000,0x0000000056880000)]
  0x0000000055204000 JavaThread "C2 CompilerThread0" daemon [_thread_blocked, id=8080, stack(0x0000000056920000,0x0000000056a20000)]
  0x0000000055201000 JavaThread "Attach Listener" daemon [_thread_blocked, id=8176, stack(0x0000000056680000,0x0000000056780000)]
  0x00000000551ff000 JavaThread "Signal Dispatcher" daemon [_thread_blocked, id=5988, stack(0x0000000056510000,0x0000000056610000)]
  0x00000000551e1800 JavaThread "Finalizer" daemon [_thread_blocked, id=7136, stack(0x0000000056270000,0x0000000056370000)]
  0x00000000551a0000 JavaThread "Reference Handler" daemon [_thread_blocked, id=1508, stack(0x0000000056390000,0x0000000056490000)]
=>0x000000000236e000 JavaThread "main" [_thread_in_Java, id=1872, stack(0x00000000024d0000,0x00000000025d0000)]

Other Threads:
  0x0000000055198800 VMThread [stack: 0x0000000056170000,0x0000000056270000] [id=1704]
  0x0000000056c3e800 WatcherThread [stack: 0x00000000573a0000,0x00000000574a0000] [id=6520]

VM state:synchronizing (normal execution)

VM Mutex/Monitor currently owned by a thread:  ([mutex/lock_event])
[0x000000000236c190] Safepoint_lock - owner thread: 0x0000000055198800
[0x000000000236c210] Threads_lock - owner thread: 0x0000000055198800

Heap:
 PSYoungGen      total 38400K, used 24277K [0x00000000eab00000, 0x00000000ed580000, 0x0000000100000000)
  eden space 33280K, 72% used [0x00000000eab00000,0x00000000ec2b5578,0x00000000ecb80000)
  from space 5120K, 0% used [0x00000000ed080000,0x00000000ed080000,0x00000000ed580000)
  to   space 5120K, 0% used [0x00000000ecb80000,0x00000000ecb80000,0x00000000ed080000)
 ParOldGen       total 87552K, used 0K [0x00000000c0000000, 0x00000000c5580000, 0x00000000eab00000)
  object space 87552K, 0% used [0x00000000c0000000,0x00000000c0000000,0x00000000c5580000)
 Metaspace       used 5426K, capacity 6576K, committed 6784K, reserved 1056768K
  class space    used 554K, capacity 616K, committed 640K, reserved 1048576K

Card table byte_map: [0x0000000011c60000,0x0000000011e70000] byte_map_base: 0x0000000011660000

Marking Bits: (ParMarkBitMap*) 0x00000000631e9d00
 Begin Bits: [0x0000000012610000, 0x0000000013610000)
 End Bits:   [0x0000000013610000, 0x0000000014610000)

Polling page: 0x0000000000250000

CodeCache: size=245760Kb used=2678Kb max_used=2679Kb free=243081Kb
 bounds [0x00000000028a0000, 0x0000000002b40000, 0x00000000118a0000]
 total_blobs=953 nmethods=692 adapters=176
 compilation: enabled

Compilation events (10 events):
Event: 1.236 Thread 0x0000000055209800 nmethod 431 0x0000000002a96510 code [0x0000000002a96660, 0x0000000002a96770]
Event: 1.236 Thread 0x0000000055209800  430       3       java.util.ArrayList::<init> (12 bytes)
Event: 1.236 Thread 0x0000000055209800 nmethod 430 0x0000000002a967d0 code [0x0000000002a96940, 0x0000000002a96bd0]
Event: 1.236 Thread 0x0000000055209800  432       1       com.android.dx.rop.cst.CstType::isCategory2 (2 bytes)
Event: 1.236 Thread 0x0000000055209800 nmethod 432 0x0000000002a96cd0 code [0x0000000002a96e20, 0x0000000002a96f30]
Event: 1.236 Thread 0x0000000055209800  433       3       com.android.dx.util.ByteArray::getInt (47 bytes)
Event: 1.236 Thread 0x0000000055209800 nmethod 433 0x0000000002a96f90 code [0x0000000002a97120, 0x0000000002a97508]
Event: 1.236 Thread 0x0000000055209800  434       1       com.android.dx.util.MutabilityControl::setImmutable (6 bytes)
Event: 1.236 Thread 0x0000000055209800 nmethod 434 0x0000000002a97790 code [0x0000000002a978e0, 0x0000000002a979f0]
Event: 1.236 Thread 0x0000000055209800  435   !   3       com.android.dx.cf.direct.AttributeFactory::parse (248 bytes)

GC Heap History (0 events):
No events

Deoptimization events (1 events):
Event: 0.822 Thread 0x0000000056f6d800 Uncommon trap: reason=unstable_if action=reinterpret pc=0x0000000002a05804 method=java.lang.String.compareTo(Ljava/lang/String;)I @ 38

Internal exceptions (2 events):
Event: 0.075 Thread 0x000000000236e000 Exception <a 'java/lang/NoSuchMethodError': Method sun.misc.Unsafe.defineClass(Ljava/lang/String;[BII)Ljava/lang/Class; name or signature does not match> (0x00000000eab07cc0) thrown at [C:\src\android\AOSP-openjdk\external\jetbrains\jdk\hotspot\src\share\väìYÑ÷)³?
Event: 0.075 Thread 0x000000000236e000 Exception <a 'java/lang/NoSuchMethodError': Method sun.misc.Unsafe.prefetchRead(Ljava/lang/Object;J)V name or signature does not match> (0x00000000eab07fa8) thrown at [C:\src\android\AOSP-openjdk\external\jetbrains\jdk\hotspot\src\share\vm\prims\jni.cpp, l

Events (10 events):
Event: 1.216 loading class com/android/dx/dex/code/StdCatchBuilder
Event: 1.216 loading class com/android/dx/dex/code/StdCatchBuilder done
Event: 1.218 loading class com/android/dx/dex/code/DalvCode
Event: 1.218 loading class com/android/dx/dex/code/DalvCode done
Event: 1.219 loading class java/io/PrintWriter
Event: 1.219 loading class java/io/PrintWriter done
Event: 1.220 loading class com/android/dx/dex/file/DebugInfoItem
Event: 1.220 loading class com/android/dx/dex/file/DebugInfoItem done
Event: 1.234 loading class com/android/dx/cf/attrib/AttSignature
Event: 1.234 loading class com/android/dx/cf/attrib/AttSignature done


Dynamic libraries:
0x000000013fec0000 - 0x000000013fef1000 	C:\Program Files\Android\Android Studio\jre\bin\java.exe
0x0000000077430000 - 0x00000000775da000 	C:\Windows\SYSTEM32\ntdll.dll
0x000007fef4dc0000 - 0x000007fef4e14000 	C:\Program Files (x86)\AVG\Av\avghooka.dll
0x0000000077310000 - 0x000000007742f000 	C:\Windows\system32\kernel32.dll
0x000007fefbf30000 - 0x000007fefbf9a000 	C:\Windows\system32\KERNELBASE.dll
0x000007fefc200000 - 0x000007fefc2db000 	C:\Windows\system32\ADVAPI32.dll
0x000007fefd970000 - 0x000007fefda0f000 	C:\Windows\system32\msvcrt.dll
0x000007fefd950000 - 0x000007fefd96f000 	C:\Windows\SYSTEM32\sechost.dll
0x000007fefe250000 - 0x000007fefe37d000 	C:\Windows\system32\RPCRT4.dll
0x0000000077210000 - 0x000000007730a000 	C:\Windows\system32\USER32.dll
0x000007fefc4f0000 - 0x000007fefc557000 	C:\Windows\system32\GDI32.dll
0x000007fefc560000 - 0x000007fefc56e000 	C:\Windows\system32\LPK.dll
0x000007fefca30000 - 0x000007fefcafa000 	C:\Windows\system32\USP10.dll
0x000007fefaa20000 - 0x000007fefac14000 	C:\Windows\WinSxS\amd64_microsoft.windows.common-controls_6595b64144ccf1df_6.0.7601.18837_none_fa3b1e3d17594757\COMCTL32.dll
0x000007fefcb00000 - 0x000007fefcb71000 	C:\Windows\system32\SHLWAPI.dll
0x000007fefcb80000 - 0x000007fefcbae000 	C:\Windows\system32\IMM32.DLL
0x000007fefc570000 - 0x000007fefc679000 	C:\Windows\system32\MSCTF.dll
0x000000005b5c0000 - 0x000000005b692000 	C:\Program Files\Android\Android Studio\jre\jre\bin\msvcr100.dll
0x0000000062a30000 - 0x0000000063264000 	C:\Program Files\Android\Android Studio\jre\jre\bin\server\jvm.dll
0x000007fef20b0000 - 0x000007fef20b9000 	C:\Windows\system32\WSOCK32.dll
0x000007fefc720000 - 0x000007fefc76d000 	C:\Windows\system32\WS2_32.dll
0x000007fefd940000 - 0x000007fefd948000 	C:\Windows\system32\NSI.dll
0x000007fef9940000 - 0x000007fef997b000 	C:\Windows\system32\WINMM.dll
0x000007fefaf10000 - 0x000007fefaf1c000 	C:\Windows\system32\VERSION.dll
0x0000000077600000 - 0x0000000077607000 	C:\Windows\system32\PSAPI.DLL
0x000007fef8d50000 - 0x000007fef8d5f000 	C:\Program Files\Android\Android Studio\jre\jre\bin\verify.dll
0x000007fee5f60000 - 0x000007fee5f89000 	C:\Program Files\Android\Android Studio\jre\jre\bin\java.dll
0x000007fee5fa0000 - 0x000007fee5fb6000 	C:\Program Files\Android\Android Studio\jre\jre\bin\zip.dll
0x000007fefcbb0000 - 0x000007fefd93a000 	C:\Windows\system32\SHELL32.dll
0x000007fefc2e0000 - 0x000007fefc4e3000 	C:\Windows\system32\ole32.dll
0x000007fefbe50000 - 0x000007fefbe5f000 	C:\Windows\system32\profapi.dll
0x000007fef6590000 - 0x000007fef66b5000 	C:\Windows\system32\dbghelp.dll

VM Arguments:
jvm_args: -Djava.awt.headless=true -Xmx1024M -Dfile.encoding=windows-1252 -Duser.country=US -Duser.language=en -Duser.variant 
java_command: com.android.dx.command.Main --dex --force-jumbo --num-threads=4 --output C:\tmp\T02.06-Exercise-AddPolish\app\intermediates\pre-dexed\debug\com.android.support-support-compat-25.1.0_5995fa408b8a1ab261980b74eff725351146ae4b.jar C:\tmp\T02.06-Exercise-AddPolish\app\intermediates\exploded-aar\com.android.support\support-compat\25.1.0\jars\classes.jar
java_class_path (initial): C:\Users\Venom\AppData\Local\Android\sdk\build-tools\25.0.2\lib\dx.jar
Launcher Type: SUN_STANDARD

Environment Variables:
PATH=C:\Program Files (x86)\NVIDIA Corporation\PhysX\Common;C:\ProgramData\Oracle\Java\javapath;C:\Windows\system32;C:\Windows;C:\Windows\System32\Wbem;C:\Windows\System32\WindowsPowerShell\v1.0\;C:\Program Files (x86)\Autodesk\Backburner\;C:\Program Files (x86)\Windows Kits\8.1\Windows Performance Toolkit\;C:\Program Files\Microsoft SQL Server\110\Tools\Binn\;C:\Program Files (x86)\Skype\Phone\;C:\Windows\system32\config\systemprofile\.dnx\bin;C:\Program Files\Microsoft DNX\Dnvm\
USERNAME=Venom
OS=Windows_NT
PROCESSOR_IDENTIFIER=Intel64 Family 6 Model 23 Stepping 10, GenuineIntel



---------------  S Y S T E M  ---------------

OS: Windows 7 , 64 bit Build 7601 (6.1.7601.23572)

CPU:total 4 (4 cores per cpu, 1 threads per core) family 6 model 23 stepping 10, cmov, cx8, fxsr, mmx, sse, sse2, sse3, ssse3, sse4.1, tsc

Memory: 4k page, physical 8387128k(1237364k free), swap 16772396k(8496692k free)

vm_info: OpenJDK 64-Bit Server VM (25.76-b03) for windows-amd64 JRE (1.8.0_76-release-b03), built on Jun 29 2016 19:09:20 by "ralucas" with MS VC++ 10.0 (VS2010)

time: Sun Feb 19 00:56:42 2017
elapsed time: 2 seconds (0d 0h 0m 2s)

